  Engine.cpp
D:\Pitaya\Core\Enum\Enum.h(46,3): warning C4309: “初始化”: 截断常量值
  (编译源文件“Engine/Engine.cpp”)
  
D:\Pitaya\Core\Enum\Enum.h(46,3): warning C4369: “Pitaya::Core::Event::EventType”: 枚举数的值“-1”不能表示为“unsigned char”，值是“-1”
  (编译源文件“Engine/Engine.cpp”)
  
  EngineAPI.cpp
D:\Pitaya\Core\Enum\Enum.h(46,3): warning C4309: “初始化”: 截断常量值
  (编译源文件“Engine/EngineAPI.cpp”)
  
D:\Pitaya\Core\Enum\Enum.h(46,3): warning C4369: “Pitaya::Core::Event::EventType”: 枚举数的值“-1”不能表示为“unsigned char”，值是“-1”
  (编译源文件“Engine/EngineAPI.cpp”)
  
  Input.cpp
D:\Pitaya\Core\Enum\Enum.h(46,3): warning C4309: “初始化”: 截断常量值
  (编译源文件“Engine/Internal/Input/Input.cpp”)
  
D:\Pitaya\Core\Enum\Enum.h(46,3): warning C4369: “Pitaya::Core::Event::EventType”: 枚举数的值“-1”不能表示为“unsigned char”，值是“-1”
  (编译源文件“Engine/Internal/Input/Input.cpp”)
  
  Time.cpp
  RigidBody.cpp
D:\Pitaya\Core\Enum\Enum.h(46,3): warning C4309: “初始化”: 截断常量值
  (编译源文件“Engine/Runtime/RigidBody.cpp”)
  
D:\Pitaya\Core\Enum\Enum.h(46,3): warning C4369: “Pitaya::Core::Event::EventType”: 枚举数的值“-1”不能表示为“unsigned char”，值是“-1”
  (编译源文件“Engine/Runtime/RigidBody.cpp”)
  
  Transform.cpp
D:\Pitaya\Core\Enum\Enum.h(46,3): warning C4309: “初始化”: 截断常量值
  (编译源文件“Engine/Runtime/Transform.cpp”)
  
D:\Pitaya\Core\Enum\Enum.h(46,3): warning C4369: “Pitaya::Core::Event::EventType”: 枚举数的值“-1”不能表示为“unsigned char”，值是“-1”
  (编译源文件“Engine/Runtime/Transform.cpp”)
  
D:\Pitaya\thirdparty\glm\gtx\euler_angles.hpp(22,1): error C1189: #error:  "GLM: GLM_GTX_euler_angles is an experimental extension and may change in the future. Use #define GLM_ENABLE_EXPERIMENTAL before including it, if you really want to use it."
  (编译源文件“Engine/Runtime/Transform.cpp”)
  
  BulletPhysics.cpp
  imgui.cpp
  imgui_draw.cpp
  imgui_impl_glfw.cpp
  imgui_impl_opengl3.cpp
  imgui_tables.cpp
  imgui_widgets.cpp
  OpenGLRenderer.cpp
D:\Pitaya\Core\Enum\Enum.h(46,3): warning C4309: “初始化”: 截断常量值
  (编译源文件“Renderer/Backend/OpenGL/OpenGLRenderer.cpp”)
  
D:\Pitaya\Core\Enum\Enum.h(46,3): warning C4369: “Pitaya::Core::Event::EventType”: 枚举数的值“-1”不能表示为“unsigned char”，值是“-1”
  (编译源文件“Renderer/Backend/OpenGL/OpenGLRenderer.cpp”)
  
D:\Pitaya\Engine\Renderer\Backend\OpenGL\OpenGLRenderer.cpp(17,21): warning C4834: 放弃具有 [[nodiscard]] 属性的函数的返回值
  stb_image.cpp
  OpenGLWindow.cpp
D:\Pitaya\Core\Enum\Enum.h(46,3): warning C4309: “初始化”: 截断常量值
  (编译源文件“Window/Backend/OpenGL/OpenGLWindow.cpp”)
  
D:\Pitaya\Core\Enum\Enum.h(46,3): warning C4369: “Pitaya::Core::Event::EventType”: 枚举数的值“-1”不能表示为“unsigned char”，值是“-1”
  (编译源文件“Window/Backend/OpenGL/OpenGLWindow.cpp”)
  
  正在生成代码...
D:\Pitaya\Engine\Engine\Engine.cpp(108,1): warning C4715: “Pitaya::Engine::Engine::BindEngineModelBackendAPI”: 不是所有的控件路径都返回值
