MSVCRT.lib(initializers.obj) : warning LNK4098: 默认库“libcmt.lib”与其他库的使用冲突；请使用 /NODEFAULTLIB:library
  正在生成代码
C:\Program Files\Microsoft Visual Studio\2022\Community\VC\Tools\MSVC\14.44.35207\include\__msvc_ostream.hpp(1013): warning C4710: “char __cdecl std::basic_ios<char,struct std::char_traits<char> >::widen(char)const __ptr64”: 函数未内联
C:\Program Files\Microsoft Visual Studio\2022\Community\VC\Tools\MSVC\14.44.35207\include\__msvc_ostream.hpp(1013): warning C4710: “class std::basic_ostream<char,struct std::char_traits<char> > & __ptr64 __cdecl std::basic_ostream<char,struct std::char_traits<char> >::put(char) __ptr64”: 函数未内联
C:\Program Files\Microsoft Visual Studio\2022\Community\VC\Tools\MSVC\14.44.35207\include\__msvc_ostream.hpp(1014): warning C4710: “class std::basic_ostream<char,struct std::char_traits<char> > & __ptr64 __cdecl std::basic_ostream<char,struct std::char_traits<char> >::flush(void) __ptr64”: 函数未内联
C:\Program Files\Microsoft Visual Studio\2022\Community\VC\Tools\MSVC\14.44.35207\include\__msvc_ostream.hpp(117): warning C4710: “void __cdecl std::basic_ostream<char,struct std::char_traits<char> >::_Osfx(void) __ptr64”: 函数未内联
C:\Program Files\Microsoft Visual Studio\2022\Community\VC\Tools\MSVC\14.44.35207\include\__msvc_ostream.hpp(91): warning C4710: “bool __cdecl std::ios_base::good(void)const __ptr64”: 函数未内联
C:\Program Files\Microsoft Visual Studio\2022\Community\VC\Tools\MSVC\14.44.35207\include\__msvc_ostream.hpp(102): warning C4710: “class std::basic_ostream<char,struct std::char_traits<char> > & __ptr64 __cdecl std::basic_ostream<char,struct std::char_traits<char> >::flush(void) __ptr64”: 函数未内联
C:\Program Files\Microsoft Visual Studio\2022\Community\VC\Tools\MSVC\14.44.35207\include\__msvc_ostream.hpp(103): warning C4710: “bool __cdecl std::ios_base::good(void)const __ptr64”: 函数未内联
D:\Pitaya\Engine\Engine\Internal\Time\Time.h(44): warning C4710: “static class std::chrono::time_point<struct std::chrono::steady_clock,class std::chrono::duration<__int64,struct std::ratio<1,1000000000> > > __cdecl std::chrono::steady_clock::now(void)”: 函数未内联
D:\Pitaya\Engine\Engine\Internal\Time\Time.h(45): warning C4710: “static class std::chrono::time_point<struct std::chrono::steady_clock,class std::chrono::duration<__int64,struct std::ratio<1,1000000000> > > __cdecl std::chrono::steady_clock::now(void)”: 函数未内联
D:\Pitaya\Engine\Engine\Internal\Time\Time.h(46): warning C4710: “static class std::chrono::time_point<struct std::chrono::steady_clock,class std::chrono::duration<__int64,struct std::ratio<1,1000000000> > > __cdecl std::chrono::steady_clock::now(void)”: 函数未内联
C:\Program Files\Microsoft Visual Studio\2022\Community\VC\Tools\MSVC\14.44.35207\include\fstream(316): warning C4710: “void __cdecl std::basic_ios<char,struct std::char_traits<char> >::setstate(int,bool) __ptr64”: 函数未内联
C:\Program Files\Microsoft Visual Studio\2022\Community\VC\Tools\MSVC\14.44.35207\include\fstream(315): warning C4710: “class std::basic_filebuf<char,struct std::char_traits<char> > * __ptr64 __cdecl std::basic_filebuf<char,struct std::char_traits<char> >::close(void) __ptr64”: 函数未内联
C:\Program Files\Microsoft Visual Studio\2022\Community\VC\Tools\MSVC\14.44.35207\include\atomic(714): warning C4711: 为自动内联扩展选定了函数“char const volatile * __ptr64 __cdecl std::_Atomic_address_as<char,struct std::_Atomic_padded<bool> >(struct std::_Atomic_padded<bool> const & __ptr64)”
D:\Pitaya\Engine\Engine\Internal\Time\Time.cpp(15): warning C4710: “static class std::chrono::time_point<struct std::chrono::steady_clock,class std::chrono::duration<__int64,struct std::ratio<1,1000000000> > > __cdecl std::chrono::steady_clock::now(void)”: 函数未内联
C:\Program Files\Microsoft Visual Studio\2022\Community\VC\Tools\MSVC\14.44.35207\include\atomic(714): warning C4711: 为自动内联扩展选定了函数“char const volatile * __ptr64 __cdecl std::_Atomic_address_as<char,struct std::_Atomic_padded<bool> >(struct std::_Atomic_padded<bool> const & __ptr64)”
C:\Program Files\Microsoft Visual Studio\2022\Community\VC\Tools\MSVC\14.44.35207\include\fstream(94): warning C4710: “void __cdecl std::basic_ios<char,struct std::char_traits<char> >::clear(int,bool) __ptr64”: 函数未内联
C:\Program Files\Microsoft Visual Studio\2022\Community\VC\Tools\MSVC\14.44.35207\include\fstream(96): warning C4710: “void __cdecl std::basic_ios<char,struct std::char_traits<char> >::setstate(int,bool) __ptr64”: 函数未内联
C:\Program Files\Microsoft Visual Studio\2022\Community\VC\Tools\MSVC\14.44.35207\include\fstream(93): warning C4710: “class std::basic_filebuf<char,struct std::char_traits<char> > * __ptr64 __cdecl std::basic_filebuf<char,struct std::char_traits<char> >::open(wchar_t const * __ptr64,int,int) __ptr64”: 函数未内联
C:\Program Files\Microsoft Visual Studio\2022\Community\VC\Tools\MSVC\14.44.35207\include\fstream(247): warning C4710: “void __cdecl std::basic_ios<char,struct std::char_traits<char> >::clear(int,bool) __ptr64”: 函数未内联
C:\Program Files\Microsoft Visual Studio\2022\Community\VC\Tools\MSVC\14.44.35207\include\fstream(249): warning C4710: “void __cdecl std::basic_ios<char,struct std::char_traits<char> >::setstate(int,bool) __ptr64”: 函数未内联
C:\Program Files\Microsoft Visual Studio\2022\Community\VC\Tools\MSVC\14.44.35207\include\fstream(246): warning C4710: “class std::basic_filebuf<char,struct std::char_traits<char> > * __ptr64 __cdecl std::basic_filebuf<char,struct std::char_traits<char> >::open(wchar_t const * __ptr64,int,int) __ptr64”: 函数未内联
C:\Program Files\Microsoft Visual Studio\2022\Community\VC\Tools\MSVC\14.44.35207\include\istream(934): warning C4710: “class std::locale __cdecl std::ios_base::getloc(void)const __ptr64”: 函数未内联
C:\Program Files\Microsoft Visual Studio\2022\Community\VC\Tools\MSVC\14.44.35207\include\istream(937): warning C4710: “int __cdecl std::basic_streambuf<char,struct std::char_traits<char> >::sgetc(void) __ptr64”: 函数未内联
C:\Program Files\Microsoft Visual Studio\2022\Community\VC\Tools\MSVC\14.44.35207\include\istream(937): warning C4710: “int __cdecl std::basic_streambuf<char,struct std::char_traits<char> >::snextc(void) __ptr64”: 函数未内联
C:\Program Files\Microsoft Visual Studio\2022\Community\VC\Tools\MSVC\14.44.35207\include\istream(945): warning C4710: “void __cdecl std::basic_ios<char,struct std::char_traits<char> >::setstate(int,bool) __ptr64”: 函数未内联
C:\Program Files\Microsoft Visual Studio\2022\Community\VC\Tools\MSVC\14.44.35207\include\istream(946): warning C4710: “void __cdecl std::basic_ios<char,struct std::char_traits<char> >::setstate(int,bool) __ptr64”: 函数未内联
D:\Pitaya\thirdparty\yaml\include\yaml-cpp\node\detail\impl.h(228): warning C4710: “void __cdecl YAML::Node::EnsureNodeExists(void)const __ptr64”: 函数未内联
D:\Pitaya\thirdparty\yaml\include\yaml-cpp\node\detail\impl.h(228): warning C4710: “void __cdecl YAML::Node::EnsureNodeExists(void)const __ptr64”: 函数未内联
D:\Pitaya\thirdparty\yaml\include\yaml-cpp\node\detail\impl.h(230): warning C4710: “__cdecl YAML::Node::~Node(void) __ptr64”: 函数未内联
D:\Pitaya\thirdparty\yaml\include\yaml-cpp\node\detail\impl.h(230): warning C4710: “__cdecl YAML::Node::~Node(void) __ptr64”: 函数未内联
D:\Pitaya\thirdparty\yaml\include\yaml-cpp\node\detail\impl.h(228): warning C4710: “void __cdecl YAML::Node::EnsureNodeExists(void)const __ptr64”: 函数未内联
D:\Pitaya\thirdparty\yaml\include\yaml-cpp\node\detail\impl.h(230): warning C4710: “__cdecl YAML::Node::~Node(void) __ptr64”: 函数未内联
C:\Program Files\Microsoft Visual Studio\2022\Community\VC\Tools\MSVC\14.44.35207\include\__msvc_string_view.hpp(567): warning C4710: “int __cdecl std::basic_streambuf<char,struct std::char_traits<char> >::sputc(char) __ptr64”: 函数未内联
C:\Program Files\Microsoft Visual Studio\2022\Community\VC\Tools\MSVC\14.44.35207\include\__msvc_string_view.hpp(575): warning C4710: “__int64 __cdecl std::basic_streambuf<char,struct std::char_traits<char> >::sputn(char const * __ptr64,__int64) __ptr64”: 函数未内联
C:\Program Files\Microsoft Visual Studio\2022\Community\VC\Tools\MSVC\14.44.35207\include\__msvc_string_view.hpp(579): warning C4710: “int __cdecl std::basic_streambuf<char,struct std::char_traits<char> >::sputc(char) __ptr64”: 函数未内联
C:\Program Files\Microsoft Visual Studio\2022\Community\VC\Tools\MSVC\14.44.35207\include\__msvc_string_view.hpp(587): warning C4710: “void __cdecl std::basic_ios<char,struct std::char_traits<char> >::setstate(int,bool) __ptr64”: 函数未内联
C:\Program Files\Microsoft Visual Studio\2022\Community\VC\Tools\MSVC\14.44.35207\include\__msvc_string_view.hpp(590): warning C4710: “void __cdecl std::basic_ios<char,struct std::char_traits<char> >::setstate(int,bool) __ptr64”: 函数未内联
D:\Pitaya\thirdparty\yaml\include\yaml-cpp\node\detail\impl.h(228): warning C4710: “void __cdecl YAML::Node::EnsureNodeExists(void)const __ptr64”: 函数未内联
D:\Pitaya\thirdparty\yaml\include\yaml-cpp\node\detail\impl.h(230): warning C4710: “__cdecl YAML::Node::~Node(void) __ptr64”: 函数未内联
C:\Program Files\Microsoft Visual Studio\2022\Community\VC\Tools\MSVC\14.44.35207\include\__msvc_ostream.hpp(784): warning C4710: “int __cdecl std::basic_streambuf<char,struct std::char_traits<char> >::sputc(char) __ptr64”: 函数未内联
D:\Pitaya\thirdparty\yaml\include\yaml-cpp\node\detail\impl.h(228): warning C4710: “void __cdecl YAML::Node::EnsureNodeExists(void)const __ptr64”: 函数未内联
D:\Pitaya\thirdparty\yaml\include\yaml-cpp\node\detail\impl.h(228): warning C4710: “void __cdecl YAML::Node::EnsureNodeExists(void)const __ptr64”: 函数未内联
D:\Pitaya\thirdparty\yaml\include\yaml-cpp\node\detail\impl.h(228): warning C4710: “void __cdecl YAML::Node::EnsureNodeExists(void)const __ptr64”: 函数未内联
C:\Program Files\Microsoft Visual Studio\2022\Community\VC\Tools\MSVC\14.44.35207\include\__msvc_ostream.hpp(791): warning C4710: “__int64 __cdecl std::basic_streambuf<char,struct std::char_traits<char> >::sputn(char const * __ptr64,__int64) __ptr64”: 函数未内联
D:\Pitaya\thirdparty\yaml\include\yaml-cpp\node\detail\impl.h(230): warning C4710: “__cdecl YAML::Node::~Node(void) __ptr64”: 函数未内联
D:\Pitaya\thirdparty\yaml\include\yaml-cpp\node\detail\impl.h(230): warning C4710: “__cdecl YAML::Node::~Node(void) __ptr64”: 函数未内联
C:\Program Files\Microsoft Visual Studio\2022\Community\VC\Tools\MSVC\14.44.35207\include\__msvc_ostream.hpp(797): warning C4710: “int __cdecl std::basic_streambuf<char,struct std::char_traits<char> >::sputc(char) __ptr64”: 函数未内联
C:\Program Files\Microsoft Visual Studio\2022\Community\VC\Tools\MSVC\14.44.35207\include\__msvc_ostream.hpp(805): warning C4710: “void __cdecl std::basic_ios<char,struct std::char_traits<char> >::setstate(int,bool) __ptr64”: 函数未内联
C:\Program Files\Microsoft Visual Studio\2022\Community\VC\Tools\MSVC\14.44.35207\include\__msvc_ostream.hpp(808): warning C4710: “void __cdecl std::basic_ios<char,struct std::char_traits<char> >::setstate(int,bool) __ptr64”: 函数未内联
D:\Pitaya\thirdparty\yaml\include\yaml-cpp\node\detail\impl.h(230): warning C4710: “__cdecl YAML::Node::~Node(void) __ptr64”: 函数未内联
D:\Pitaya\thirdparty\yaml\include\yaml-cpp\node\impl.h(113): warning C4710: “enum YAML::NodeType::value __cdecl YAML::Node::Type(void)const __ptr64”: 函数未内联
C:\Program Files\Microsoft Visual Studio\2022\Community\VC\Tools\MSVC\14.44.35207\include\atomic(714): warning C4711: 为自动内联扩展选定了函数“char const volatile * __ptr64 __cdecl std::_Atomic_address_as<char,struct std::_Atomic_padded<bool> >(struct std::_Atomic_padded<bool> const & __ptr64)”
D:\Pitaya\thirdparty\yaml\include\yaml-cpp\node\impl.h(115): warning C4710: “enum YAML::NodeType::value __cdecl YAML::Node::Type(void)const __ptr64”: 函数未内联
D:\Pitaya\thirdparty\yaml\include\yaml-cpp\node\impl.h(117): warning C4710: “class std::basic_string<char,struct std::char_traits<char>,class std::allocator<char> > const & __ptr64 __cdecl YAML::Node::Scalar(void)const __ptr64”: 函数未内联
D:\Pitaya\thirdparty\yaml\include\yaml-cpp\node\impl.h(116): warning C4710: “__cdecl std::basic_string<char,struct std::char_traits<char>,class std::allocator<char> >::basic_string<char,struct std::char_traits<char>,class std::allocator<char> >(class std::basic_string<char,struct std::char_traits<char>,class std::allocator<char> > const & __ptr64) __ptr64”: 函数未内联
D:\Pitaya\thirdparty\yaml\include\yaml-cpp\node\impl.h(117): warning C4710: “__cdecl std::basic_string<char,struct std::char_traits<char>,class std::allocator<char> >::basic_string<char,struct std::char_traits<char>,class std::allocator<char> >(class std::basic_string<char,struct std::char_traits<char>,class std::allocator<char> > const & __ptr64) __ptr64”: 函数未内联
D:\Pitaya\thirdparty\yaml\include\yaml-cpp\node\convert.h(73): warning C4710: “bool __cdecl YAML::Node::IsScalar(void)const __ptr64”: 函数未内联
D:\Pitaya\thirdparty\yaml\include\yaml-cpp\node\impl.h(113): warning C4710: “enum YAML::NodeType::value __cdecl YAML::Node::Type(void)const __ptr64”: 函数未内联
D:\Pitaya\thirdparty\yaml\include\yaml-cpp\node\convert.h(75): warning C4710: “class std::basic_string<char,struct std::char_traits<char>,class std::allocator<char> > const & __ptr64 __cdecl YAML::Node::Scalar(void)const __ptr64”: 函数未内联
D:\Pitaya\thirdparty\yaml\include\yaml-cpp\node\impl.h(115): warning C4710: “enum YAML::NodeType::value __cdecl YAML::Node::Type(void)const __ptr64”: 函数未内联
D:\Pitaya\thirdparty\yaml\include\yaml-cpp\node\impl.h(117): warning C4710: “class std::basic_string<char,struct std::char_traits<char>,class std::allocator<char> > const & __ptr64 __cdecl YAML::Node::Scalar(void)const __ptr64”: 函数未内联
D:\Pitaya\thirdparty\yaml\include\yaml-cpp\node\impl.h(117): warning C4710: “__cdecl std::basic_string<char,struct std::char_traits<char>,class std::allocator<char> >::basic_string<char,struct std::char_traits<char>,class std::allocator<char> >(class std::basic_string<char,struct std::char_traits<char>,class std::allocator<char> > const & __ptr64) __ptr64”: 函数未内联
D:\Pitaya\Engine\Engine\Internal\Log\Log.h(46): warning C4710: “void __cdecl std::basic_ofstream<char,struct std::char_traits<char> >::`vbase destructor'(void) __ptr64”: 函数未内联
C:\Program Files\Microsoft Visual Studio\2022\Community\VC\Tools\MSVC\14.44.35207\include\atomic(714): warning C4711: 为自动内联扩展选定了函数“char const volatile * __ptr64 __cdecl std::_Atomic_address_as<char,struct std::_Atomic_padded<bool> >(struct std::_Atomic_padded<bool> const & __ptr64)”
C:\Program Files\Microsoft Visual Studio\2022\Community\VC\Tools\MSVC\14.44.35207\include\type_traits(2285): warning C4711: 为自动内联扩展选定了函数“unsigned __int64 __cdecl std::_Fnv1a_append_value<enum Pitaya::Engine::Event::EventType>(unsigned __int64,enum Pitaya::Engine::Event::EventType const & __ptr64)”
C:\Program Files\Microsoft Visual Studio\2022\Community\VC\Tools\MSVC\14.44.35207\include\type_traits(2324): warning C4711: 为自动内联扩展选定了函数“unsigned __int64 __cdecl std::_Hash_representation<enum Pitaya::Engine::Event::EventType>(enum Pitaya::Engine::Event::EventType const & __ptr64)”
D:\Pitaya\Engine\Engine\Internal\Event\Event.cpp(55): warning C4711: 为自动内联扩展选定了函数“bool __cdecl std::operator!=<void __cdecl(struct Pitaya::Engine::Event::Event const & __ptr64)>(class std::function<void __cdecl(struct Pitaya::Engine::Event::Event const & __ptr64)> const & __ptr64,std::nullptr_t)”
D:\Pitaya\thirdparty\yaml\include\yaml-cpp\node\convert.h(226): warning C4710: “__cdecl std::basic_stringstream<char,struct std::char_traits<char>,class std::allocator<char> >::basic_stringstream<char,struct std::char_traits<char>,class std::allocator<char> >(void) __ptr64”: 函数未内联
D:\Pitaya\Engine\Engine\Internal\Log\Log.h(45): warning C4710: “__cdecl std::basic_ofstream<char,struct std::char_traits<char> >::basic_ofstream<char,struct std::char_traits<char> >(void) __ptr64”: 函数未内联
D:\Pitaya\thirdparty\yaml\include\yaml-cpp\node\convert.h(219): warning C4710: “__cdecl std::basic_stringstream<char,struct std::char_traits<char>,class std::allocator<char> >::basic_stringstream<char,struct std::char_traits<char>,class std::allocator<char> >(void) __ptr64”: 函数未内联
D:\Pitaya\thirdparty\yaml\include\yaml-cpp\node\convert.h(226): warning C4711: 为自动内联扩展选定了函数“void __cdecl YAML::conversion::inner_encode<unsigned __int64>(unsigned __int64 const & __ptr64,class std::basic_stringstream<char,struct std::char_traits<char>,class std::allocator<char> > & __ptr64)”
D:\Pitaya\thirdparty\yaml\include\yaml-cpp\node\convert.h(219): warning C4711: 为自动内联扩展选定了函数“void __cdecl YAML::conversion::inner_encode<int>(int const & __ptr64,class std::basic_stringstream<char,struct std::char_traits<char>,class std::allocator<char> > & __ptr64)”
C:\Program Files\Microsoft Visual Studio\2022\Community\VC\Tools\MSVC\14.44.35207\include\xmemory(253): warning C4711: 为自动内联扩展选定了函数“void * __ptr64 __cdecl std::_Allocate_manually_vector_aligned<struct std::_Default_allocate_traits>(unsigned __int64)”
C:\Program Files\Microsoft Visual Studio\2022\Community\VC\Tools\MSVC\14.44.35207\include\__msvc_filebuf.hpp(510): warning C4710: “int __cdecl std::codecvt<char,char,struct _Mbstatet>::in(struct _Mbstatet & __ptr64,char const * __ptr64,char const * __ptr64,char const * __ptr64 & __ptr64,char * __ptr64,char * __ptr64,char * __ptr64 & __ptr64)const __ptr64”: 函数未内联
C:\Program Files\Microsoft Visual Studio\2022\Community\VC\Tools\MSVC\14.44.35207\include\functional(968): warning C4711: 为自动内联扩展选定了函数“bool __cdecl std::_Test_callable<class `void __cdecl Pitaya::Engine::Renderer::OpenGLRenderer::EndFrame(void) __ptr64'::`2'::<lambda_1> >(class `void __cdecl Pitaya::Engine::Renderer::OpenGLRenderer::EndFrame(void) __ptr64'::`2'::<lambda_1> const & __ptr64)”
D:\Pitaya\Engine\Renderer\Backend\OpenGL\OpenGLRenderer.cpp(124): warning C4710: “void __cdecl Pitaya::Engine::Renderer::OpenGLRenderer::DrawcallCmdParser::AddDrawcallCmd(enum Pitaya::Engine::Renderer::RenderQueue,class std::function<void __cdecl(void)>) __ptr64”: 函数未内联
D:\Pitaya\thirdparty\yaml\include\yaml-cpp\node\convert.h(226): warning C4710: “enum YAML::NodeType::value __cdecl YAML::Node::Type(void)const __ptr64”: 函数未内联
D:\Pitaya\thirdparty\yaml\include\yaml-cpp\node\convert.h(226): warning C4710: “class std::basic_string<char,struct std::char_traits<char>,class std::allocator<char> > const & __ptr64 __cdecl YAML::Node::Scalar(void)const __ptr64”: 函数未内联
D:\Pitaya\thirdparty\yaml\include\yaml-cpp\node\convert.h(226): warning C4710: “int __cdecl std::basic_istream<char,struct std::char_traits<char> >::peek(void) __ptr64”: 函数未内联
D:\Pitaya\thirdparty\yaml\include\yaml-cpp\node\convert.h(226): warning C4710: “__cdecl std::basic_stringstream<char,struct std::char_traits<char>,class std::allocator<char> >::basic_stringstream<char,struct std::char_traits<char>,class std::allocator<char> >(class std::basic_string<char,struct std::char_traits<char>,class std::allocator<char> > const & __ptr64,int) __ptr64”: 函数未内联
D:\Pitaya\thirdparty\yaml\include\yaml-cpp\node\convert.h(226): warning C4711: 为自动内联扩展选定了函数“bool __cdecl YAML::conversion::ConvertStreamTo<unsigned __int64>(class std::basic_stringstream<char,struct std::char_traits<char>,class std::allocator<char> > & __ptr64,unsigned __int64 & __ptr64)”
D:\Pitaya\thirdparty\yaml\include\yaml-cpp\node\convert.h(226): warning C4710: “bool __cdecl YAML::conversion::IsInfinity(class std::basic_string<char,struct std::char_traits<char>,class std::allocator<char> > const & __ptr64)”: 函数未内联
D:\Pitaya\thirdparty\yaml\include\yaml-cpp\node\impl.h(226): warning C4710: “__cdecl YAML::InvalidNode::InvalidNode(class std::basic_string<char,struct std::char_traits<char>,class std::allocator<char> > const & __ptr64) __ptr64”: 函数未内联
D:\Pitaya\thirdparty\yaml\include\yaml-cpp\node\impl.h(226): warning C4710: “__cdecl YAML::InvalidNode::InvalidNode(class std::basic_string<char,struct std::char_traits<char>,class std::allocator<char> > const & __ptr64) __ptr64”: 函数未内联
D:\Pitaya\thirdparty\yaml\include\yaml-cpp\node\impl.h(227): warning C4710: “void __cdecl YAML::Node::AssignData(class YAML::Node const & __ptr64) __ptr64”: 函数未内联
D:\Pitaya\thirdparty\yaml\include\yaml-cpp\node\impl.h(227): warning C4710: “void __cdecl YAML::Node::AssignData(class YAML::Node const & __ptr64) __ptr64”: 函数未内联
D:\Pitaya\thirdparty\yaml\include\yaml-cpp\node\impl.h(227): warning C4710: “__cdecl YAML::Node::~Node(void) __ptr64”: 函数未内联
D:\Pitaya\thirdparty\yaml\include\yaml-cpp\node\impl.h(227): warning C4710: “__cdecl YAML::Node::~Node(void) __ptr64”: 函数未内联
D:\Pitaya\thirdparty\yaml\include\yaml-cpp\node\convert.h(219): warning C4711: 为自动内联扩展选定了函数“void __cdecl YAML::conversion::inner_encode<int>(int const & __ptr64,class std::basic_stringstream<char,struct std::char_traits<char>,class std::allocator<char> > & __ptr64)”
D:\Pitaya\thirdparty\yaml\include\yaml-cpp\node\convert.h(226): warning C4711: 为自动内联扩展选定了函数“void __cdecl YAML::conversion::inner_encode<unsigned __int64>(unsigned __int64 const & __ptr64,class std::basic_stringstream<char,struct std::char_traits<char>,class std::allocator<char> > & __ptr64)”
D:\Pitaya\Engine\Engine\Internal\Time\Time.cpp(22): warning C4710: “static class std::chrono::time_point<struct std::chrono::steady_clock,class std::chrono::duration<__int64,struct std::ratio<1,1000000000> > > __cdecl std::chrono::steady_clock::now(void)”: 函数未内联
C:\Program Files\Microsoft Visual Studio\2022\Community\VC\Tools\MSVC\14.44.35207\include\thread(223): warning C4711: 为自动内联扩展选定了函数“auto __cdecl std::_To_absolute_time<float,struct std::ratio<1,1> >(class std::chrono::duration<float,struct std::ratio<1,1> > const & __ptr64)”
C:\Program Files\Microsoft Visual Studio\2022\Community\VC\Tools\MSVC\14.44.35207\include\thread(216): warning C4711: 为自动内联扩展选定了函数“struct std::_Clamped_rel_time_ms_count_result __cdecl std::_Clamped_rel_time_ms_count<class std::chrono::duration<float,struct std::ratio<1,1000000000> > >(class std::chrono::duration<float,struct std::ratio<1,1000000000> > const & __ptr64)”
C:\Program Files\Microsoft Visual Studio\2022\Community\VC\Tools\MSVC\14.44.35207\include\thread(223): warning C4711: 为自动内联扩展选定了函数“void __cdecl std::this_thread::sleep_until<struct std::chrono::steady_clock,class std::chrono::duration<float,struct std::ratio<1,1000000000> > >(class std::chrono::time_point<struct std::chrono::steady_clock,class std::chrono::duration<float,struct std::ratio<1,1000000000> > > const & __ptr64)”
C:\Program Files\Microsoft Visual Studio\2022\Community\VC\Tools\MSVC\14.44.35207\include\functional(968): warning C4711: 为自动内联扩展选定了函数“bool __cdecl std::_Test_callable<class `void __cdecl Pitaya::Engine::Renderer::OpenGLRenderer::BeginFrame(void) __ptr64'::`2'::<lambda_1> >(class `void __cdecl Pitaya::Engine::Renderer::OpenGLRenderer::BeginFrame(void) __ptr64'::`2'::<lambda_1> const & __ptr64)”
D:\Pitaya\Engine\Engine\Internal\Time\Time.cpp(25): warning C4711: 为自动内联扩展选定了函数“void __cdecl std::this_thread::sleep_for<float,struct std::ratio<1,1> >(class std::chrono::duration<float,struct std::ratio<1,1> > const & __ptr64)”
D:\Pitaya\Engine\Renderer\Backend\OpenGL\OpenGLRenderer.cpp(113): warning C4710: “void __cdecl Pitaya::Engine::Renderer::OpenGLRenderer::DrawcallCmdParser::AddDrawcallCmd(enum Pitaya::Engine::Renderer::RenderQueue,class std::function<void __cdecl(void)>) __ptr64”: 函数未内联
D:\Pitaya\thirdparty\yaml\include\yaml-cpp\node\convert.h(219): warning C4710: “enum YAML::NodeType::value __cdecl YAML::Node::Type(void)const __ptr64”: 函数未内联
D:\Pitaya\thirdparty\yaml\include\yaml-cpp\node\convert.h(219): warning C4710: “class std::basic_string<char,struct std::char_traits<char>,class std::allocator<char> > const & __ptr64 __cdecl YAML::Node::Scalar(void)const __ptr64”: 函数未内联
D:\Pitaya\thirdparty\yaml\include\yaml-cpp\node\convert.h(219): warning C4710: “int __cdecl std::basic_istream<char,struct std::char_traits<char> >::peek(void) __ptr64”: 函数未内联
D:\Pitaya\thirdparty\yaml\include\yaml-cpp\node\detail\impl.h(110): warning C4710: “__cdecl YAML::Node::Node(class YAML::detail::node & __ptr64,class std::shared_ptr<class YAML::detail::memory_holder>) __ptr64”: 函数未内联
D:\Pitaya\thirdparty\yaml\include\yaml-cpp\node\detail\impl.h(110): warning C4710: “__cdecl YAML::Node::~Node(void) __ptr64”: 函数未内联
D:\Pitaya\thirdparty\yaml\include\yaml-cpp\node\convert.h(219): warning C4710: “__cdecl std::basic_stringstream<char,struct std::char_traits<char>,class std::allocator<char> >::basic_stringstream<char,struct std::char_traits<char>,class std::allocator<char> >(class std::basic_string<char,struct std::char_traits<char>,class std::allocator<char> > const & __ptr64,int) __ptr64”: 函数未内联
D:\Pitaya\thirdparty\yaml\include\yaml-cpp\node\convert.h(219): warning C4711: 为自动内联扩展选定了函数“bool __cdecl YAML::conversion::ConvertStreamTo<int>(class std::basic_stringstream<char,struct std::char_traits<char>,class std::allocator<char> > & __ptr64,int & __ptr64)”
D:\Pitaya\thirdparty\yaml\include\yaml-cpp\node\convert.h(219): warning C4710: “bool __cdecl YAML::conversion::IsInfinity(class std::basic_string<char,struct std::char_traits<char>,class std::allocator<char> > const & __ptr64)”: 函数未内联
D:\Pitaya\Engine\Engine\Engine.cpp(32): warning C4711: 为自动内联扩展选定了函数“void __cdecl Pitaya::Engine::Internal::Time::Tick(void) __ptr64”
C:\Program Files\Microsoft Visual Studio\2022\Community\VC\Tools\MSVC\14.44.35207\include\xmemory(253): warning C4711: 为自动内联扩展选定了函数“void * __ptr64 __cdecl std::_Allocate_manually_vector_aligned<struct std::_Default_allocate_traits>(unsigned __int64)”
D:\Pitaya\Engine\Engine\Engine.cpp(90): warning C4710: “__cdecl std::exception::exception(char const * __ptr64 const) __ptr64”: 函数未内联
D:\Pitaya\Engine\Engine\Engine.cpp(101): warning C4710: “__cdecl std::exception::exception(char const * __ptr64 const) __ptr64”: 函数未内联
D:\Pitaya\Engine\Engine\Internal\Event\Event.cpp(16): warning C4711: 为自动内联扩展选定了函数“bool __cdecl std::operator==<void __cdecl(struct Pitaya::Engine::Event::Event const & __ptr64)>(class std::function<void __cdecl(struct Pitaya::Engine::Event::Event const & __ptr64)> const & __ptr64,std::nullptr_t)”
C:\Program Files\Microsoft Visual Studio\2022\Community\VC\Tools\MSVC\14.44.35207\include\atomic(1547): warning C4711: 为自动内联扩展选定了函数“__int64 volatile * __ptr64 __cdecl std::_Atomic_address_as<__int64,struct std::_Atomic_padded<unsigned __int64> >(struct std::_Atomic_padded<unsigned __int64> & __ptr64)”
C:\Program Files\Microsoft Visual Studio\2022\Community\VC\Tools\MSVC\14.44.35207\include\atomic(714): warning C4711: 为自动内联扩展选定了函数“char const volatile * __ptr64 __cdecl std::_Atomic_address_as<char,struct std::_Atomic_padded<bool> >(struct std::_Atomic_padded<bool> const & __ptr64)”
C:\Program Files\Microsoft Visual Studio\2022\Community\VC\Tools\MSVC\14.44.35207\include\functional(968): warning C4711: 为自动内联扩展选定了函数“bool __cdecl std::_Test_callable<class `void __cdecl Pitaya::Engine::Renderer::OpenGLRenderer::BeginFrame(void) __ptr64'::`2'::<lambda_1> >(class `void __cdecl Pitaya::Engine::Renderer::OpenGLRenderer::BeginFrame(void) __ptr64'::`2'::<lambda_1> const & __ptr64)”
D:\Pitaya\Engine\Renderer\Backend\OpenGL\OpenGLRenderer.cpp(95): warning C4711: 为自动内联扩展选定了函数“void __cdecl Pitaya::Engine::Renderer::OpenGLRenderer::BeginFrame(void) __ptr64”
D:\Pitaya\Engine\Renderer\Backend\OpenGL\OpenGLRenderer.cpp(96): warning C4711: 为自动内联扩展选定了函数“void __cdecl Pitaya::Engine::Renderer::OpenGLRenderer::DrawFrame(void) __ptr64”
C:\Program Files\Microsoft Visual Studio\2022\Community\VC\Tools\MSVC\14.44.35207\include\functional(968): warning C4711: 为自动内联扩展选定了函数“bool __cdecl std::_Test_callable<class `void __cdecl Pitaya::Engine::Renderer::OpenGLRenderer::EndFrame(void) __ptr64'::`2'::<lambda_1> >(class `void __cdecl Pitaya::Engine::Renderer::OpenGLRenderer::EndFrame(void) __ptr64'::`2'::<lambda_1> const & __ptr64)”
D:\Pitaya\Engine\Renderer\Backend\OpenGL\OpenGLRenderer.cpp(97): warning C4711: 为自动内联扩展选定了函数“void __cdecl Pitaya::Engine::Renderer::OpenGLRenderer::EndFrame(void) __ptr64”
D:\Pitaya\thirdparty\yaml\include\yaml-cpp\node\impl.h(337): warning C4710: “void __cdecl YAML::Node::EnsureNodeExists(void)const __ptr64”: 函数未内联
D:\Pitaya\thirdparty\yaml\include\yaml-cpp\node\impl.h(339): warning C4710: “__cdecl YAML::Node::Node(class YAML::detail::node & __ptr64,class std::shared_ptr<class YAML::detail::memory_holder>) __ptr64”: 函数未内联
D:\Pitaya\thirdparty\yaml\include\yaml-cpp\node\impl.h(337): warning C4710: “void __cdecl YAML::Node::EnsureNodeExists(void)const __ptr64”: 函数未内联
D:\Pitaya\thirdparty\yaml\include\yaml-cpp\node\impl.h(339): warning C4710: “__cdecl YAML::Node::Node(class YAML::detail::node & __ptr64,class std::shared_ptr<class YAML::detail::memory_holder>) __ptr64”: 函数未内联
D:\Pitaya\thirdparty\yaml\include\yaml-cpp\node\impl.h(337): warning C4710: “void __cdecl YAML::Node::EnsureNodeExists(void)const __ptr64”: 函数未内联
C:\Program Files\Microsoft Visual Studio\2022\Community\VC\Tools\MSVC\14.44.35207\include\type_traits(2285): warning C4711: 为自动内联扩展选定了函数“unsigned __int64 __cdecl std::_Fnv1a_append_value<unsigned int>(unsigned __int64,unsigned int const & __ptr64)”
D:\Pitaya\thirdparty\yaml\include\yaml-cpp\node\impl.h(339): warning C4710: “__cdecl YAML::Node::Node(class YAML::detail::node & __ptr64,class std::shared_ptr<class YAML::detail::memory_holder>) __ptr64”: 函数未内联
C:\Program Files\Microsoft Visual Studio\2022\Community\VC\Tools\MSVC\14.44.35207\include\thread(341): warning C4711: 为自动内联扩展选定了函数“unsigned __int64 __cdecl std::_Hash_representation<unsigned int>(unsigned int const & __ptr64)”
C:\Program Files\Microsoft Visual Studio\2022\Community\VC\Tools\MSVC\14.44.35207\include\thread(303): warning C4711: 为自动内联扩展选定了函数“char * __ptr64 __cdecl std::_UIntegral_to_buff<char,unsigned int>(char * __ptr64,unsigned int)”
C:\Program Files\Microsoft Visual Studio\2022\Community\VC\Tools\MSVC\14.44.35207\include\thread(304): warning C4711: 为自动内联扩展选定了函数“class std::basic_ostream<char,struct std::char_traits<char> > & __ptr64 __cdecl std::operator<<<char,struct std::char_traits<char> >(class std::basic_ostream<char,struct std::char_traits<char> > & __ptr64,class std::thread::id)”
D:\Pitaya\Engine\Engine\Internal\Thread\Thread.h(89): warning C4711: 为自动内联扩展选定了函数“class std::basic_ostringstream<char,struct std::char_traits<char>,class std::allocator<char> > && __ptr64 __cdecl std::operator<<<class std::basic_ostringstream<char,struct std::char_traits<char>,class std::allocator<char> >,class std::thread::id,0>(class std::basic_ostringstream<char,struct std::char_traits<char>,class std::allocator<char> > && __ptr64,class std::thread::id const & __ptr64)”
D:\Pitaya\thirdparty\yaml\include\yaml-cpp\node\impl.h(337): warning C4710: “void __cdecl YAML::Node::EnsureNodeExists(void)const __ptr64”: 函数未内联
D:\Pitaya\thirdparty\yaml\include\yaml-cpp\node\impl.h(339): warning C4710: “__cdecl YAML::Node::Node(class YAML::detail::node & __ptr64,class std::shared_ptr<class YAML::detail::memory_holder>) __ptr64”: 函数未内联
D:\Pitaya\Engine\Engine\Internal\Log\Log.cpp(36): warning C4710: “class std::basic_ostream<char,struct std::char_traits<char> > & __ptr64 __cdecl std::basic_ostream<char,struct std::char_traits<char> >::operator<<(class std::basic_ostream<char,struct std::char_traits<char> > & __ptr64 (__cdecl*)(class std::basic_ostream<char,struct std::char_traits<char> > & __ptr64)) __ptr64”: 函数未内联
D:\Pitaya\Engine\Engine\Internal\Log\Log.cpp(39): warning C4710: “class std::basic_ostream<char,struct std::char_traits<char> > & __ptr64 __cdecl std::basic_ostream<char,struct std::char_traits<char> >::flush(void) __ptr64”: 函数未内联
D:\Pitaya\Engine\Engine\Internal\Log\Log.cpp(36): warning C4711: 为自动内联扩展选定了函数“class std::basic_ostream<char,struct std::char_traits<char> > & __ptr64 __cdecl std::operator<<<char,struct std::char_traits<char>,class std::allocator<char> >(class std::basic_ostream<char,struct std::char_traits<char> > & __ptr64,class std::basic_string<char,struct std::char_traits<char>,class std::allocator<char> > const & __ptr64)”
D:\Pitaya\Engine\Engine\Internal\Log\Log.cpp(36): warning C4711: 为自动内联扩展选定了函数“class std::basic_ostream<char,struct std::char_traits<char> > & __ptr64 __cdecl std::operator<<<char,struct std::char_traits<char>,class std::allocator<char> >(class std::basic_ostream<char,struct std::char_traits<char> > & __ptr64,class std::basic_string<char,struct std::char_traits<char>,class std::allocator<char> > const & __ptr64)”
D:\Pitaya\Engine\Engine\Internal\Log\Log.cpp(36): warning C4711: 为自动内联扩展选定了函数“class std::basic_ostream<char,struct std::char_traits<char> > & __ptr64 __cdecl std::operator<<<char,struct std::char_traits<char>,class std::allocator<char> >(class std::basic_ostream<char,struct std::char_traits<char> > & __ptr64,class std::basic_string<char,struct std::char_traits<char>,class std::allocator<char> > const & __ptr64)”
D:\Pitaya\Engine\Engine\Internal\Log\Log.cpp(36): warning C4711: 为自动内联扩展选定了函数“class std::basic_ostream<char,struct std::char_traits<char> > & __ptr64 __cdecl std::operator<<<char,struct std::char_traits<char>,class std::allocator<char> >(class std::basic_ostream<char,struct std::char_traits<char> > & __ptr64,class std::basic_string<char,struct std::char_traits<char>,class std::allocator<char> > const & __ptr64)”
C:\Program Files\Microsoft Visual Studio\2022\Community\VC\Tools\MSVC\14.44.35207\include\atomic(714): warning C4711: 为自动内联扩展选定了函数“char const volatile * __ptr64 __cdecl std::_Atomic_address_as<char,struct std::_Atomic_padded<bool> >(struct std::_Atomic_padded<bool> const & __ptr64)”
C:\Program Files\Microsoft Visual Studio\2022\Community\VC\Tools\MSVC\14.44.35207\include\atomic(714): warning C4711: 为自动内联扩展选定了函数“char const volatile * __ptr64 __cdecl std::_Atomic_address_as<char,struct std::_Atomic_padded<bool> >(struct std::_Atomic_padded<bool> const & __ptr64)”
D:\Pitaya\thirdparty\yaml\include\yaml-cpp\node\impl.h(337): warning C4710: “void __cdecl YAML::Node::EnsureNodeExists(void)const __ptr64”: 函数未内联
D:\Pitaya\thirdparty\yaml\include\yaml-cpp\node\impl.h(337): warning C4710: “void __cdecl YAML::Node::EnsureNodeExists(void)const __ptr64”: 函数未内联
D:\Pitaya\thirdparty\yaml\include\yaml-cpp\node\impl.h(339): warning C4710: “__cdecl YAML::Node::Node(class YAML::detail::node & __ptr64,class std::shared_ptr<class YAML::detail::memory_holder>) __ptr64”: 函数未内联
D:\Pitaya\thirdparty\yaml\include\yaml-cpp\node\impl.h(339): warning C4710: “__cdecl YAML::Node::Node(class YAML::detail::node & __ptr64,class std::shared_ptr<class YAML::detail::memory_holder>) __ptr64”: 函数未内联
C:\Program Files\Microsoft Visual Studio\2022\Community\VC\Tools\MSVC\14.44.35207\include\type_traits(2285): warning C4711: 为自动内联扩展选定了函数“unsigned __int64 __cdecl std::_Fnv1a_append_value<enum Pitaya::Engine::Event::EventType>(unsigned __int64,enum Pitaya::Engine::Event::EventType const & __ptr64)”
C:\Program Files\Microsoft Visual Studio\2022\Community\VC\Tools\MSVC\14.44.35207\include\type_traits(2324): warning C4711: 为自动内联扩展选定了函数“unsigned __int64 __cdecl std::_Hash_representation<enum Pitaya::Engine::Event::EventType>(enum Pitaya::Engine::Event::EventType const & __ptr64)”
C:\Program Files\Microsoft Visual Studio\2022\Community\VC\Tools\MSVC\14.44.35207\include\type_traits(2285): warning C4711: 为自动内联扩展选定了函数“unsigned __int64 __cdecl std::_Fnv1a_append_value<unsigned __int64>(unsigned __int64,unsigned __int64 const & __ptr64)”
C:\Program Files\Microsoft Visual Studio\2022\Community\VC\Tools\MSVC\14.44.35207\include\type_traits(2324): warning C4711: 为自动内联扩展选定了函数“unsigned __int64 __cdecl std::_Hash_representation<unsigned __int64>(unsigned __int64 const & __ptr64)”
C:\Program Files\Microsoft Visual Studio\2022\Community\VC\Tools\MSVC\14.44.35207\include\type_traits(2285): warning C4711: 为自动内联扩展选定了函数“unsigned __int64 __cdecl std::_Fnv1a_append_value<enum Pitaya::Engine::Event::EventType>(unsigned __int64,enum Pitaya::Engine::Event::EventType const & __ptr64)”
C:\Program Files\Microsoft Visual Studio\2022\Community\VC\Tools\MSVC\14.44.35207\include\type_traits(2324): warning C4711: 为自动内联扩展选定了函数“unsigned __int64 __cdecl std::_Hash_representation<enum Pitaya::Engine::Event::EventType>(enum Pitaya::Engine::Event::EventType const & __ptr64)”
D:\Pitaya\thirdparty\yaml\include\yaml-cpp\node\impl.h(337): warning C4710: “void __cdecl YAML::Node::EnsureNodeExists(void)const __ptr64”: 函数未内联
D:\Pitaya\thirdparty\yaml\include\yaml-cpp\node\impl.h(339): warning C4710: “__cdecl YAML::Node::Node(class YAML::detail::node & __ptr64,class std::shared_ptr<class YAML::detail::memory_holder>) __ptr64”: 函数未内联
D:\Pitaya\Engine\Engine\Internal\Thread\Thread.h(89): warning C4172: 返回局部变量的地址或临时
C:\Program Files\Microsoft Visual Studio\2022\Community\VC\Tools\MSVC\14.44.35207\include\xmemory(2023): warning C4711: 为自动内联扩展选定了函数“bool __cdecl std::_Is_all_bits_zero<unsigned int>(unsigned int const & __ptr64)”
C:\Program Files\Microsoft Visual Studio\2022\Community\VC\Tools\MSVC\14.44.35207\include\xmemory(2024): warning C4711: 为自动内联扩展选定了函数“void __cdecl std::_Fill_zero_memset<unsigned int * __ptr64>(unsigned int * __ptr64,unsigned __int64)”
C:\Program Files\Microsoft Visual Studio\2022\Community\VC\Tools\MSVC\14.44.35207\include\xutility(4770): warning C4711: 为自动内联扩展选定了函数“unsigned int * __ptr64 __cdecl std::_Copy_memmove_tail<unsigned int * __ptr64>(char const * __ptr64 const,unsigned int * __ptr64 const,unsigned __int64,unsigned __int64)”
D:\Pitaya\Engine\Engine\Config\Config.h(113): warning C4710: “__cdecl YAML::Node::Node(void) __ptr64”: 函数未内联
C:\Program Files\Microsoft Visual Studio\2022\Community\VC\Tools\MSVC\14.44.35207\include\xutility(5147): warning C4711: 为自动内联扩展选定了函数“unsigned int * __ptr64 __cdecl std::_Copy_memmove<unsigned int * __ptr64,unsigned int * __ptr64>(unsigned int * __ptr64,unsigned int * __ptr64,unsigned int * __ptr64)”
D:\Pitaya\Engine\Engine\Config\Config.h(115): warning C4710: “__cdecl YAML::Node::~Node(void) __ptr64”: 函数未内联
D:\Pitaya\Engine\Engine\Config\Config.h(115): warning C4710: “__cdecl YAML::Node::~Node(void) __ptr64”: 函数未内联
D:\Pitaya\Engine\Engine\Config\Config.h(116): warning C4710: “__cdecl YAML::Node::~Node(void) __ptr64”: 函数未内联
D:\Pitaya\Engine\Engine\Config\Config.h(116): warning C4710: “__cdecl YAML::Node::~Node(void) __ptr64”: 函数未内联
D:\Pitaya\Engine\Engine\Config\Config.h(119): warning C4710: “__cdecl YAML::Node::~Node(void) __ptr64”: 函数未内联
D:\Pitaya\Engine\Engine\Config\Config.h(119): warning C4710: “__cdecl YAML::Node::~Node(void) __ptr64”: 函数未内联
C:\Program Files\Microsoft Visual Studio\2022\Community\VC\Tools\MSVC\14.44.35207\include\xmemory(2023): warning C4711: 为自动内联扩展选定了函数“bool __cdecl std::_Is_all_bits_zero<unsigned int>(unsigned int const & __ptr64)”
D:\Pitaya\Engine\Engine\Config\Config.h(123): warning C4710: “__cdecl YAML::Node::~Node(void) __ptr64”: 函数未内联
D:\Pitaya\Engine\Engine\Config\Config.h(123): warning C4710: “__cdecl YAML::Node::~Node(void) __ptr64”: 函数未内联
C:\Program Files\Microsoft Visual Studio\2022\Community\VC\Tools\MSVC\14.44.35207\include\xmemory(2024): warning C4711: 为自动内联扩展选定了函数“void __cdecl std::_Fill_zero_memset<unsigned int * __ptr64>(unsigned int * __ptr64,unsigned __int64)”
D:\Pitaya\Engine\Engine\Config\Config.h(127): warning C4710: “__cdecl YAML::Node::~Node(void) __ptr64”: 函数未内联
C:\Program Files\Microsoft Visual Studio\2022\Community\VC\Tools\MSVC\14.44.35207\include\xutility(4770): warning C4711: 为自动内联扩展选定了函数“unsigned int * __ptr64 __cdecl std::_Copy_memmove_tail<unsigned int * __ptr64>(char const * __ptr64 const,unsigned int * __ptr64 const,unsigned __int64,unsigned __int64)”
D:\Pitaya\Engine\Engine\Config\Config.h(127): warning C4710: “__cdecl YAML::Node::~Node(void) __ptr64”: 函数未内联
D:\Pitaya\Engine\Engine\Config\Config.h(135): warning C4710: “__cdecl YAML::Node::~Node(void) __ptr64”: 函数未内联
D:\Pitaya\Engine\Engine\Config\Config.h(135): warning C4710: “__cdecl YAML::Node::~Node(void) __ptr64”: 函数未内联
D:\Pitaya\Engine\Engine\Config\Config.h(139): warning C4710: “__cdecl YAML::Node::~Node(void) __ptr64”: 函数未内联
C:\Program Files\Microsoft Visual Studio\2022\Community\VC\Tools\MSVC\14.44.35207\include\xutility(5147): warning C4711: 为自动内联扩展选定了函数“unsigned int * __ptr64 __cdecl std::_Copy_memmove<unsigned int * __ptr64,unsigned int * __ptr64>(unsigned int * __ptr64,unsigned int * __ptr64,unsigned int * __ptr64)”
D:\Pitaya\Engine\Engine\Config\Config.h(139): warning C4710: “__cdecl YAML::Node::~Node(void) __ptr64”: 函数未内联
D:\Pitaya\Engine\Engine\Config\Config.h(144): warning C4710: “__cdecl YAML::Node::~Node(void) __ptr64”: 函数未内联
D:\Pitaya\Engine\Engine\Config\Config.h(144): warning C4710: “__cdecl YAML::Node::~Node(void) __ptr64”: 函数未内联
C:\Program Files\Microsoft Visual Studio\2022\Community\VC\Tools\MSVC\14.44.35207\include\xmemory(2023): warning C4711: 为自动内联扩展选定了函数“bool __cdecl std::_Is_all_bits_zero<unsigned int>(unsigned int const & __ptr64)”
D:\Pitaya\Engine\Engine\Config\Config.h(145): warning C4710: “__cdecl YAML::Node::~Node(void) __ptr64”: 函数未内联
C:\Program Files\Microsoft Visual Studio\2022\Community\VC\Tools\MSVC\14.44.35207\include\xmemory(2024): warning C4711: 为自动内联扩展选定了函数“void __cdecl std::_Fill_zero_memset<unsigned int * __ptr64>(unsigned int * __ptr64,unsigned __int64)”
D:\Pitaya\Engine\Engine\Config\Config.h(145): warning C4710: “__cdecl YAML::Node::~Node(void) __ptr64”: 函数未内联
D:\Pitaya\Engine\Engine\Config\Config.h(154): warning C4710: “class std::basic_ostream<char,struct std::char_traits<char> > & __ptr64 __cdecl std::basic_ostream<char,struct std::char_traits<char> >::flush(void) __ptr64”: 函数未内联
C:\Program Files\Microsoft Visual Studio\2022\Community\VC\Tools\MSVC\14.44.35207\include\xutility(4770): warning C4711: 为自动内联扩展选定了函数“unsigned int * __ptr64 __cdecl std::_Copy_memmove_tail<unsigned int * __ptr64>(char const * __ptr64 const,unsigned int * __ptr64 const,unsigned __int64,unsigned __int64)”
D:\Pitaya\Engine\Engine\Config\Config.h(156): warning C4710: “__cdecl YAML::Node::~Node(void) __ptr64”: 函数未内联
C:\Program Files\Microsoft Visual Studio\2022\Community\VC\Tools\MSVC\14.44.35207\include\xutility(5147): warning C4711: 为自动内联扩展选定了函数“unsigned int * __ptr64 __cdecl std::_Copy_memmove<unsigned int * __ptr64,unsigned int * __ptr64>(unsigned int * __ptr64,unsigned int * __ptr64,unsigned int * __ptr64)”
D:\Pitaya\Engine\Engine\Config\Config.h(115): warning C4711: 为自动内联扩展选定了函数“class YAML::Node & __ptr64 __cdecl YAML::Node::operator=<class std::basic_string<char,struct std::char_traits<char>,class std::allocator<char> > >(class std::basic_string<char,struct std::char_traits<char>,class std::allocator<char> > const & __ptr64) __ptr64”
C:\Program Files\Microsoft Visual Studio\2022\Community\VC\Tools\MSVC\14.44.35207\include\xmemory(253): warning C4711: 为自动内联扩展选定了函数“void * __ptr64 __cdecl std::_Allocate_manually_vector_aligned<struct std::_Default_allocate_traits>(unsigned __int64)”
D:\Pitaya\Engine\Engine\Config\Config.h(116): warning C4711: 为自动内联扩展选定了函数“class YAML::Node & __ptr64 __cdecl YAML::Node::operator=<class std::basic_string<char,struct std::char_traits<char>,class std::allocator<char> > >(class std::basic_string<char,struct std::char_traits<char>,class std::allocator<char> > const & __ptr64) __ptr64”
D:\Pitaya\thirdparty\yaml\include\yaml-cpp\node\convert.h(226): warning C4711: 为自动内联扩展选定了函数“void __cdecl YAML::conversion::inner_encode<unsigned __int64>(unsigned __int64 const & __ptr64,class std::basic_stringstream<char,struct std::char_traits<char>,class std::allocator<char> > & __ptr64)”
C:\Program Files\Microsoft Visual Studio\2022\Community\VC\Tools\MSVC\14.44.35207\include\xmemory(2015): warning C4711: 为自动内联扩展选定了函数“void __cdecl std::_Fill_memset<enum Pitaya::Engine::Input::KeyCode * __ptr64,enum Pitaya::Engine::Input::KeyCode>(enum Pitaya::Engine::Input::KeyCode * __ptr64,enum Pitaya::Engine::Input::KeyCode,unsigned __int64)”
D:\Pitaya\thirdparty\yaml\include\yaml-cpp\node\impl.h(205): warning C4711: 为自动内联扩展选定了函数“void __cdecl YAML::Node::Assign<unsigned __int64>(unsigned __int64 const & __ptr64) __ptr64”
D:\Pitaya\Engine\Engine\Config\Config.h(119): warning C4711: 为自动内联扩展选定了函数“class YAML::Node & __ptr64 __cdecl YAML::Node::operator=<unsigned __int64>(unsigned __int64 const & __ptr64) __ptr64”
D:\Pitaya\Engine\Engine\Config\Config.h(147): warning C4710: “class std::filesystem::path __cdecl std::filesystem::operator/(class std::filesystem::path const & __ptr64,class std::filesystem::path const & __ptr64)”: 函数未内联
D:\Pitaya\Engine\Engine\Config\Config.h(148): warning C4710: “__cdecl std::basic_ofstream<char,struct std::char_traits<char> >::basic_ofstream<char,struct std::char_traits<char> >(void) __ptr64”: 函数未内联
D:\Pitaya\Engine\Engine\Config\Config.h(156): warning C4710: “void __cdecl std::basic_ofstream<char,struct std::char_traits<char> >::`vbase destructor'(void) __ptr64”: 函数未内联
C:\Program Files\Microsoft Visual Studio\2022\Community\VC\Tools\MSVC\14.44.35207\include\filesystem(281): warning C4711: 为自动内联扩展选定了函数“auto __cdecl std::filesystem::_Stringoid_from_Source<char const * __ptr64>(char const * __ptr64 const & __ptr64)”
C:\Program Files\Microsoft Visual Studio\2022\Community\VC\Tools\MSVC\14.44.35207\include\filesystem(281): warning C4711: 为自动内联扩展选定了函数“class std::basic_string<wchar_t,struct std::char_traits<wchar_t>,class std::allocator<wchar_t> > __cdecl std::filesystem::_Convert_stringoid_to_wide<struct std::filesystem::_Normal_conversion>(class std::basic_string_view<char,struct std::char_traits<char> >,struct std::filesystem::_Normal_conversion)”
C:\Program Files\Microsoft Visual Studio\2022\Community\VC\Tools\MSVC\14.44.35207\include\filesystem(648): warning C4711: 为自动内联扩展选定了函数“class std::basic_string<wchar_t,struct std::char_traits<wchar_t>,class std::allocator<wchar_t> > __cdecl std::filesystem::_Convert_Source_to_wide<char const * __ptr64,struct std::filesystem::_Normal_conversion>(char const * __ptr64 const & __ptr64,struct std::filesystem::_Normal_conversion)”
D:\Pitaya\Engine\Engine\Config\Config.h(147): warning C4710: “class std::basic_string<char,struct std::char_traits<char>,class std::allocator<char> > __cdecl Pitaya::Core::Utility::GetExeDir(void)”: 函数未内联
C:\Program Files\Microsoft Visual Studio\2022\Community\VC\Tools\MSVC\14.44.35207\include\filesystem(281): warning C4711: 为自动内联扩展选定了函数“auto __cdecl std::filesystem::_Stringoid_from_Source<char,struct std::char_traits<char>,class std::allocator<char> >(class std::basic_string<char,struct std::char_traits<char>,class std::allocator<char> > const & __ptr64)”
C:\Program Files\Microsoft Visual Studio\2022\Community\VC\Tools\MSVC\14.44.35207\include\filesystem(281): warning C4711: 为自动内联扩展选定了函数“class std::basic_string<wchar_t,struct std::char_traits<wchar_t>,class std::allocator<wchar_t> > __cdecl std::filesystem::_Convert_stringoid_to_wide<struct std::filesystem::_Normal_conversion>(class std::basic_string_view<char,struct std::char_traits<char> >,struct std::filesystem::_Normal_conversion)”
C:\Program Files\Microsoft Visual Studio\2022\Community\VC\Tools\MSVC\14.44.35207\include\filesystem(648): warning C4711: 为自动内联扩展选定了函数“class std::basic_string<wchar_t,struct std::char_traits<wchar_t>,class std::allocator<wchar_t> > __cdecl std::filesystem::_Convert_Source_to_wide<class std::basic_string<char,struct std::char_traits<char>,class std::allocator<char> >,struct std::filesystem::_Normal_conversion>(class std::basic_string<char,struct std::char_traits<char>,class std::allocator<char> > const & __ptr64,struct std::filesystem::_Normal_conversion)”
D:\Pitaya\Engine\Engine\Config\Config.h(123): warning C4711: 为自动内联扩展选定了函数“class YAML::Node & __ptr64 __cdecl YAML::Node::operator=<char [7]>(char const (& __ptr64)[7]) __ptr64”
D:\Pitaya\Engine\Engine\Config\Config.h(127): warning C4711: 为自动内联扩展选定了函数“class YAML::Node & __ptr64 __cdecl YAML::Node::operator=<char [7]>(char const (& __ptr64)[7]) __ptr64”
D:\Pitaya\Engine\Engine\Config\Config.h(135): warning C4711: 为自动内联扩展选定了函数“class YAML::Node & __ptr64 __cdecl YAML::Node::operator=<char [7]>(char const (& __ptr64)[7]) __ptr64”
D:\Pitaya\Engine\Engine\Config\Config.h(139): warning C4711: 为自动内联扩展选定了函数“class YAML::Node & __ptr64 __cdecl YAML::Node::operator=<char [7]>(char const (& __ptr64)[7]) __ptr64”
C:\Program Files\Microsoft Visual Studio\2022\Community\VC\Tools\MSVC\14.44.35207\include\type_traits(2285): warning C4711: 为自动内联扩展选定了函数“unsigned __int64 __cdecl std::_Fnv1a_append_value<enum Pitaya::Engine::Event::EventType>(unsigned __int64,enum Pitaya::Engine::Event::EventType const & __ptr64)”
C:\Program Files\Microsoft Visual Studio\2022\Community\VC\Tools\MSVC\14.44.35207\include\type_traits(2324): warning C4711: 为自动内联扩展选定了函数“unsigned __int64 __cdecl std::_Hash_representation<enum Pitaya::Engine::Event::EventType>(enum Pitaya::Engine::Event::EventType const & __ptr64)”
D:\Pitaya\Engine\Engine\Internal\Event\Event.cpp(55): warning C4711: 为自动内联扩展选定了函数“bool __cdecl std::operator!=<void __cdecl(struct Pitaya::Engine::Event::Event const & __ptr64)>(class std::function<void __cdecl(struct Pitaya::Engine::Event::Event const & __ptr64)> const & __ptr64,std::nullptr_t)”
D:\Pitaya\Engine\Engine\Engine.h(129): warning C4711: 为自动内联扩展选定了函数“void __cdecl Pitaya::Engine::Internal::Event::Emit(struct Pitaya::Engine::Event::Event const & __ptr64) __ptr64”
D:\Pitaya\Engine\Engine\Config\Config.h(48): warning C4710: “__cdecl YAML::Node::operator bool(void)const __ptr64”: 函数未内联
D:\Pitaya\Engine\Engine\Config\Config.h(50): warning C4710: “__cdecl YAML::Node::operator bool(void)const __ptr64”: 函数未内联
D:\Pitaya\Engine\Engine\Config\Config.h(53): warning C4710: “__cdecl YAML::Node::~Node(void) __ptr64”: 函数未内联
D:\Pitaya\Engine\Engine\Config\Config.h(54): warning C4710: “__cdecl YAML::Node::operator bool(void)const __ptr64”: 函数未内联
D:\Pitaya\Engine\Engine\Config\Config.h(57): warning C4710: “__cdecl YAML::Node::~Node(void) __ptr64”: 函数未内联
D:\Pitaya\Engine\Engine\Config\Config.h(58): warning C4710: “__cdecl YAML::Node::~Node(void) __ptr64”: 函数未内联
D:\Pitaya\Engine\Engine\Config\Config.h(61): warning C4710: “__cdecl YAML::Node::operator bool(void)const __ptr64”: 函数未内联
D:\Pitaya\Engine\Engine\Config\Config.h(63): warning C4710: “__cdecl YAML::Node::operator bool(void)const __ptr64”: 函数未内联
D:\Pitaya\Engine\Engine\Config\Config.h(66): warning C4710: “__cdecl YAML::Node::~Node(void) __ptr64”: 函数未内联
D:\Pitaya\Engine\Engine\Config\Config.h(67): warning C4710: “__cdecl YAML::Node::operator bool(void)const __ptr64”: 函数未内联
D:\Pitaya\Engine\Engine\Config\Config.h(78): warning C4710: “__cdecl YAML::Node::~Node(void) __ptr64”: 函数未内联
D:\Pitaya\Engine\Engine\Config\Config.h(79): warning C4710: “__cdecl YAML::Node::~Node(void) __ptr64”: 函数未内联
D:\Pitaya\Engine\Engine\Config\Config.h(82): warning C4710: “__cdecl YAML::Node::operator bool(void)const __ptr64”: 函数未内联
D:\Pitaya\Engine\Engine\Config\Config.h(84): warning C4710: “__cdecl YAML::Node::operator bool(void)const __ptr64”: 函数未内联
D:\Pitaya\Engine\Engine\Config\Config.h(95): warning C4710: “__cdecl YAML::Node::~Node(void) __ptr64”: 函数未内联
D:\Pitaya\Engine\Engine\Config\Config.h(96): warning C4710: “__cdecl YAML::Node::~Node(void) __ptr64”: 函数未内联
D:\Pitaya\Engine\Engine\Config\Config.h(99): warning C4710: “__cdecl YAML::Node::operator bool(void)const __ptr64”: 函数未内联
D:\Pitaya\Engine\Engine\Config\Config.h(101): warning C4710: “__cdecl YAML::Node::operator bool(void)const __ptr64”: 函数未内联
D:\Pitaya\Engine\Engine\Config\Config.h(104): warning C4710: “__cdecl YAML::Node::~Node(void) __ptr64”: 函数未内联
D:\Pitaya\Engine\Engine\Config\Config.h(105): warning C4710: “__cdecl YAML::Node::operator bool(void)const __ptr64”: 函数未内联
D:\Pitaya\Engine\Engine\Config\Config.h(108): warning C4710: “__cdecl YAML::Node::~Node(void) __ptr64”: 函数未内联
D:\Pitaya\Engine\Engine\Config\Config.h(109): warning C4710: “__cdecl YAML::Node::~Node(void) __ptr64”: 函数未内联
D:\Pitaya\Engine\Engine\Config\Config.h(110): warning C4710: “__cdecl YAML::Node::~Node(void) __ptr64”: 函数未内联
C:\Program Files\Microsoft Visual Studio\2022\Community\VC\Tools\MSVC\14.44.35207\include\filesystem(281): warning C4711: 为自动内联扩展选定了函数“auto __cdecl std::filesystem::_Stringoid_from_Source<char const * __ptr64>(char const * __ptr64 const & __ptr64)”
C:\Program Files\Microsoft Visual Studio\2022\Community\VC\Tools\MSVC\14.44.35207\include\filesystem(281): warning C4711: 为自动内联扩展选定了函数“class std::basic_string<wchar_t,struct std::char_traits<wchar_t>,class std::allocator<wchar_t> > __cdecl std::filesystem::_Convert_stringoid_to_wide<struct std::filesystem::_Normal_conversion>(class std::basic_string_view<char,struct std::char_traits<char> >,struct std::filesystem::_Normal_conversion)”
C:\Program Files\Microsoft Visual Studio\2022\Community\VC\Tools\MSVC\14.44.35207\include\filesystem(648): warning C4711: 为自动内联扩展选定了函数“class std::basic_string<wchar_t,struct std::char_traits<wchar_t>,class std::allocator<wchar_t> > __cdecl std::filesystem::_Convert_Source_to_wide<char const * __ptr64,struct std::filesystem::_Normal_conversion>(char const * __ptr64 const & __ptr64,struct std::filesystem::_Normal_conversion)”
D:\Pitaya\Engine\Engine\Config\Config.h(38): warning C4710: “class std::basic_string<char,struct std::char_traits<char>,class std::allocator<char> > __cdecl Pitaya::Core::Utility::GetExeDir(void)”: 函数未内联
C:\Program Files\Microsoft Visual Studio\2022\Community\VC\Tools\MSVC\14.44.35207\include\filesystem(281): warning C4711: 为自动内联扩展选定了函数“auto __cdecl std::filesystem::_Stringoid_from_Source<char,struct std::char_traits<char>,class std::allocator<char> >(class std::basic_string<char,struct std::char_traits<char>,class std::allocator<char> > const & __ptr64)”
C:\Program Files\Microsoft Visual Studio\2022\Community\VC\Tools\MSVC\14.44.35207\include\filesystem(281): warning C4711: 为自动内联扩展选定了函数“class std::basic_string<wchar_t,struct std::char_traits<wchar_t>,class std::allocator<wchar_t> > __cdecl std::filesystem::_Convert_stringoid_to_wide<struct std::filesystem::_Normal_conversion>(class std::basic_string_view<char,struct std::char_traits<char> >,struct std::filesystem::_Normal_conversion)”
C:\Program Files\Microsoft Visual Studio\2022\Community\VC\Tools\MSVC\14.44.35207\include\filesystem(648): warning C4711: 为自动内联扩展选定了函数“class std::basic_string<wchar_t,struct std::char_traits<wchar_t>,class std::allocator<wchar_t> > __cdecl std::filesystem::_Convert_Source_to_wide<class std::basic_string<char,struct std::char_traits<char>,class std::allocator<char> >,struct std::filesystem::_Normal_conversion>(class std::basic_string<char,struct std::char_traits<char>,class std::allocator<char> > const & __ptr64,struct std::filesystem::_Normal_conversion)”
D:\Pitaya\Engine\Engine\Config\Config.h(38): warning C4710: “class std::filesystem::path __cdecl std::filesystem::operator/(class std::filesystem::path const & __ptr64,class std::filesystem::path const & __ptr64)”: 函数未内联
D:\Pitaya\Engine\Engine\Config\Config.h(110): warning C4710: “void __cdecl std::basic_ifstream<char,struct std::char_traits<char> >::`vbase destructor'(void) __ptr64”: 函数未内联
D:\Pitaya\Engine\Engine\Config\Config.h(65): warning C4711: 为自动内联扩展选定了函数“unsigned __int64 __cdecl YAML::Node::as<unsigned __int64,unsigned __int64>(unsigned __int64 const & __ptr64)const __ptr64”
D:\Pitaya\Engine\Engine\Config\Config.h(56): warning C4710: “class std::basic_string<char,struct std::char_traits<char>,class std::allocator<char> > & __ptr64 __cdecl std::basic_string<char,struct std::char_traits<char>,class std::allocator<char> >::operator=(class std::basic_string<char,struct std::char_traits<char>,class std::allocator<char> > && __ptr64) __ptr64”: 函数未内联
D:\Pitaya\Engine\Engine\Config\Config.h(69): warning C4711: 为自动内联扩展选定了函数“class std::basic_string<char,struct std::char_traits<char>,class std::allocator<char> > __cdecl YAML::Node::as<class std::basic_string<char,struct std::char_traits<char>,class std::allocator<char> >,char [7]>(char const (& __ptr64)[7])const __ptr64”
D:\Pitaya\Engine\Engine\Config\Config.h(52): warning C4710: “class std::basic_string<char,struct std::char_traits<char>,class std::allocator<char> > & __ptr64 __cdecl std::basic_string<char,struct std::char_traits<char>,class std::allocator<char> >::operator=(class std::basic_string<char,struct std::char_traits<char>,class std::allocator<char> > && __ptr64) __ptr64”: 函数未内联
D:\Pitaya\Engine\Engine\Config\Config.h(86): warning C4711: 为自动内联扩展选定了函数“class std::basic_string<char,struct std::char_traits<char>,class std::allocator<char> > __cdecl YAML::Node::as<class std::basic_string<char,struct std::char_traits<char>,class std::allocator<char> >,char [7]>(char const (& __ptr64)[7])const __ptr64”
D:\Pitaya\Engine\Engine\Config\Config.h(52): warning C4711: 为自动内联扩展选定了函数“class std::basic_string<char,struct std::char_traits<char>,class std::allocator<char> > __cdecl YAML::Node::as<class std::basic_string<char,struct std::char_traits<char>,class std::allocator<char> >,class std::basic_string<char,struct std::char_traits<char>,class std::allocator<char> > >(class std::basic_string<char,struct std::char_traits<char>,class std::allocator<char> > const & __ptr64)const __ptr64”
D:\Pitaya\Engine\Engine\Config\Config.h(56): warning C4711: 为自动内联扩展选定了函数“class std::basic_string<char,struct std::char_traits<char>,class std::allocator<char> > __cdecl YAML::Node::as<class std::basic_string<char,struct std::char_traits<char>,class std::allocator<char> >,class std::basic_string<char,struct std::char_traits<char>,class std::allocator<char> > >(class std::basic_string<char,struct std::char_traits<char>,class std::allocator<char> > const & __ptr64)const __ptr64”
D:\Pitaya\Engine\Engine\Config\Config.h(43): warning C4710: “void __cdecl std::basic_ifstream<char,struct std::char_traits<char> >::`vbase destructor'(void) __ptr64”: 函数未内联
C:\Program Files\Microsoft Visual Studio\2022\Community\VC\Tools\MSVC\14.44.35207\include\thread(223): warning C4711: 为自动内联扩展选定了函数“auto __cdecl std::_To_absolute_time<float,struct std::ratio<1,1> >(class std::chrono::duration<float,struct std::ratio<1,1> > const & __ptr64)”
C:\Program Files\Microsoft Visual Studio\2022\Community\VC\Tools\MSVC\14.44.35207\include\thread(216): warning C4711: 为自动内联扩展选定了函数“struct std::_Clamped_rel_time_ms_count_result __cdecl std::_Clamped_rel_time_ms_count<class std::chrono::duration<float,struct std::ratio<1,1000000000> > >(class std::chrono::duration<float,struct std::ratio<1,1000000000> > const & __ptr64)”
C:\Program Files\Microsoft Visual Studio\2022\Community\VC\Tools\MSVC\14.44.35207\include\thread(223): warning C4711: 为自动内联扩展选定了函数“void __cdecl std::this_thread::sleep_until<struct std::chrono::steady_clock,class std::chrono::duration<float,struct std::ratio<1,1000000000> > >(class std::chrono::time_point<struct std::chrono::steady_clock,class std::chrono::duration<float,struct std::ratio<1,1000000000> > > const & __ptr64)”
D:\Pitaya\Engine\Engine\Internal\Time\Time.cpp(25): warning C4711: 为自动内联扩展选定了函数“void __cdecl std::this_thread::sleep_for<float,struct std::ratio<1,1> >(class std::chrono::duration<float,struct std::ratio<1,1> > const & __ptr64)”
D:\Pitaya\Engine\Engine\Engine.cpp(63): warning C4711: 为自动内联扩展选定了函数“void __cdecl Pitaya::Engine::Internal::Time::FrameSync(void) __ptr64”
D:\Pitaya\Engine\Engine\Engine.h(152): warning C4710: “class std::basic_string<char,struct std::char_traits<char>,class std::allocator<char> > const & __ptr64 __cdecl Pitaya::Engine::Internal::Thread::GetThreadName(class std::thread::id const & __ptr64) __ptr64”: 函数未内联
D:\Pitaya\Engine\Engine\EngineAPI.cpp(16): warning C4710: “static class Pitaya::Engine::Engine & __ptr64 __cdecl Pitaya::Core::Singleton<class Pitaya::Engine::Engine>::Instance(void)”: 函数未内联
D:\Pitaya\Engine\Engine\Internal\Log\Log.cpp(91): warning C4710: “class std::basic_string<char,struct std::char_traits<char>,class std::allocator<char> > __cdecl Pitaya::Core::Utility::Date(void)”: 函数未内联
D:\Pitaya\Engine\Engine\Internal\Log\Log.cpp(65): warning C4710: “class std::basic_string<char,struct std::char_traits<char>,class std::allocator<char> > __cdecl Pitaya::Core::Utility::Date(void)”: 函数未内联
D:\Pitaya\Engine\Engine\Internal\Log\Log.cpp(92): warning C4711: 为自动内联扩展选定了函数“class std::basic_string<char,struct std::char_traits<char>,class std::allocator<char> > const & __ptr64 __cdecl Pitaya::Engine::Thread::GetThreadName(class std::thread::id const & __ptr64)”
D:\Pitaya\Engine\Engine\Internal\Log\Log.cpp(66): warning C4711: 为自动内联扩展选定了函数“class std::basic_string<char,struct std::char_traits<char>,class std::allocator<char> > const & __ptr64 __cdecl Pitaya::Engine::Thread::GetThreadName(class std::thread::id const & __ptr64)”
D:\Pitaya\Engine\Engine\Internal\Log\Log.cpp(95): warning C4710: “void __cdecl std::queue<struct Pitaya::Engine::Internal::Log::LogMessage,class std::deque<struct Pitaya::Engine::Internal::Log::LogMessage,class std::allocator<struct Pitaya::Engine::Internal::Log::LogMessage> > >::push(struct Pitaya::Engine::Internal::Log::LogMessage const & __ptr64) __ptr64”: 函数未内联
D:\Pitaya\Engine\Engine\Internal\Log\Log.cpp(69): warning C4710: “void __cdecl std::queue<struct Pitaya::Engine::Internal::Log::LogMessage,class std::deque<struct Pitaya::Engine::Internal::Log::LogMessage,class std::allocator<struct Pitaya::Engine::Internal::Log::LogMessage> > >::push(struct Pitaya::Engine::Internal::Log::LogMessage const & __ptr64) __ptr64”: 函数未内联
D:\Pitaya\Engine\Engine\EngineAPI.cpp(25): warning C4710: “static class Pitaya::Engine::Engine & __ptr64 __cdecl Pitaya::Core::Singleton<class Pitaya::Engine::Engine>::Instance(void)”: 函数未内联
D:\Pitaya\Engine\Engine\Internal\Thread\Thread.cpp(22): warning C4710: “class std::basic_string<char,struct std::char_traits<char>,class std::allocator<char> > __cdecl std::operator+<char,struct std::char_traits<char>,class std::allocator<char> >(class std::basic_string<char,struct std::char_traits<char>,class std::allocator<char> > const & __ptr64,char const * __ptr64 const)”: 函数未内联
D:\Pitaya\Engine\Engine\Internal\Thread\Thread.cpp(22): warning C4711: 为自动内联扩展选定了函数“void __cdecl Pitaya::Engine::Log::LogDebug(class std::basic_string<char,struct std::char_traits<char>,class std::allocator<char> > const & __ptr64)”
D:\Pitaya\Engine\Engine\Internal\Thread\Thread.cpp(14): warning C4710: “void __cdecl std::_Hash<class std::_Umap_traits<struct Pitaya::Engine::Thread::ThreadToken,struct Pitaya::Engine::Internal::Thread::ThreadInfo,class std::_Uhash_compare<struct Pitaya::Engine::Thread::ThreadToken,struct Pitaya::Engine::Thread::ThreadToken::Hash,struct std::equal_to<struct Pitaya::Engine::Thread::ThreadToken> >,class std::allocator<struct std::pair<struct Pitaya::Engine::Thread::ThreadToken const ,struct Pitaya::Engine::Internal::Thread::ThreadInfo> >,0> >::clear(void) __ptr64”: 函数未内联
C:\Program Files\Microsoft Visual Studio\2022\Community\VC\Tools\MSVC\14.44.35207\include\xmemory(253): warning C4711: 为自动内联扩展选定了函数“void * __ptr64 __cdecl std::_Allocate_manually_vector_aligned<struct std::_Default_allocate_traits>(unsigned __int64)”
D:\Pitaya\Engine\Engine\Engine.h(25): warning C4710: “__cdecl Pitaya::Engine::Internal::Input::~Input(void) __ptr64”: 函数未内联
C:\Program Files\Microsoft Visual Studio\2022\Community\VC\Tools\MSVC\14.44.35207\include\type_traits(2285): warning C4711: 为自动内联扩展选定了函数“unsigned __int64 __cdecl std::_Fnv1a_append_value<unsigned int>(unsigned __int64,unsigned int const & __ptr64)”
C:\Program Files\Microsoft Visual Studio\2022\Community\VC\Tools\MSVC\14.44.35207\include\thread(341): warning C4711: 为自动内联扩展选定了函数“unsigned __int64 __cdecl std::_Hash_representation<unsigned int>(unsigned int const & __ptr64)”
D:\Pitaya\Engine\Engine\Internal\Thread\Thread.h(79): warning C4710: “void __cdecl std::thread::join(void) __ptr64”: 函数未内联
C:\Program Files\Microsoft Visual Studio\2022\Community\VC\Tools\MSVC\14.44.35207\include\type_traits(2285): warning C4711: 为自动内联扩展选定了函数“unsigned __int64 __cdecl std::_Fnv1a_append_value<unsigned int>(unsigned __int64,unsigned int const & __ptr64)”
C:\Program Files\Microsoft Visual Studio\2022\Community\VC\Tools\MSVC\14.44.35207\include\thread(341): warning C4711: 为自动内联扩展选定了函数“unsigned __int64 __cdecl std::_Hash_representation<unsigned int>(unsigned int const & __ptr64)”
D:\Pitaya\Engine\Engine\Internal\Thread\Thread.cpp(8): warning C4710: “struct std::pair<class std::_List_iterator<class std::_List_val<struct std::_List_simple_types<struct std::pair<struct Pitaya::Engine::Thread::ThreadToken const ,struct Pitaya::Engine::Internal::Thread::ThreadInfo> > > >,bool> __cdecl std::_Hash<class std::_Umap_traits<struct Pitaya::Engine::Thread::ThreadToken,struct Pitaya::Engine::Internal::Thread::ThreadInfo,class std::_Uhash_compare<struct Pitaya::Engine::Thread::ThreadToken,struct Pitaya::Engine::Thread::ThreadToken::Hash,struct std::equal_to<struct Pitaya::Engine::Thread::ThreadToken> >,class std::allocator<struct std::pair<struct Pitaya::Engine::Thread::ThreadToken const ,struct Pitaya::Engine::Internal::Thread::ThreadInfo> >,0> >::emplace<struct Pitaya::Engine::Thread::ThreadToken,struct Pitaya::Engine::Internal::Thread::ThreadInfo>(struct Pitaya::Engine::Thread::ThreadToken && __ptr64,struct Pitaya::Engine::Internal::Thread::ThreadInfo && __ptr64) __ptr64”: 函数未内联
D:\Pitaya\Engine\Engine\Internal\Thread\Thread.cpp(22): warning C4711: 为自动内联扩展选定了函数“void __cdecl Pitaya::Engine::Log::LogDebug(class std::basic_string<char,struct std::char_traits<char>,class std::allocator<char> > const & __ptr64)”
D:\Pitaya\Engine\Engine\Internal\Thread\Thread.cpp(8): warning C4711: 为自动内联扩展选定了函数“__cdecl Pitaya::Engine::Internal::Thread::ThreadInfo::~ThreadInfo(void) __ptr64”
D:\Pitaya\Engine\Engine\Internal\Thread\Thread.h(59): warning C4710: “struct std::pair<class std::_List_iterator<class std::_List_val<struct std::_List_simple_types<struct std::pair<struct Pitaya::Engine::Thread::ThreadToken const ,struct Pitaya::Engine::Internal::Thread::ThreadInfo> > > >,bool> __cdecl std::_Hash<class std::_Umap_traits<struct Pitaya::Engine::Thread::ThreadToken,struct Pitaya::Engine::Internal::Thread::ThreadInfo,class std::_Uhash_compare<struct Pitaya::Engine::Thread::ThreadToken,struct Pitaya::Engine::Thread::ThreadToken::Hash,struct std::equal_to<struct Pitaya::Engine::Thread::ThreadToken> >,class std::allocator<struct std::pair<struct Pitaya::Engine::Thread::ThreadToken const ,struct Pitaya::Engine::Internal::Thread::ThreadInfo> >,0> >::emplace<struct Pitaya::Engine::Thread::ThreadToken & __ptr64,struct Pitaya::Engine::Internal::Thread::ThreadInfo>(struct Pitaya::Engine::Thread::ThreadToken & __ptr64,struct Pitaya::Engine::Internal::Thread::ThreadInfo && __ptr64) __ptr64”: 函数未内联
D:\Pitaya\Engine\Engine\Internal\Thread\Thread.cpp(22): warning C4711: 为自动内联扩展选定了函数“void __cdecl Pitaya::Engine::Log::LogDebug(class std::basic_string<char,struct std::char_traits<char>,class std::allocator<char> > const & __ptr64)”
D:\Pitaya\Engine\Engine\Internal\Thread\Thread.h(60): warning C4711: 为自动内联扩展选定了函数“__cdecl Pitaya::Engine::Internal::Thread::ThreadInfo::~ThreadInfo(void) __ptr64”
D:\Pitaya\Engine\Engine\Internal\Thread\Thread.h(59): warning C4710: “struct std::pair<class std::_List_iterator<class std::_List_val<struct std::_List_simple_types<struct std::pair<struct Pitaya::Engine::Thread::ThreadToken const ,struct Pitaya::Engine::Internal::Thread::ThreadInfo> > > >,bool> __cdecl std::_Hash<class std::_Umap_traits<struct Pitaya::Engine::Thread::ThreadToken,struct Pitaya::Engine::Internal::Thread::ThreadInfo,class std::_Uhash_compare<struct Pitaya::Engine::Thread::ThreadToken,struct Pitaya::Engine::Thread::ThreadToken::Hash,struct std::equal_to<struct Pitaya::Engine::Thread::ThreadToken> >,class std::allocator<struct std::pair<struct Pitaya::Engine::Thread::ThreadToken const ,struct Pitaya::Engine::Internal::Thread::ThreadInfo> >,0> >::emplace<struct Pitaya::Engine::Thread::ThreadToken & __ptr64,struct Pitaya::Engine::Internal::Thread::ThreadInfo>(struct Pitaya::Engine::Thread::ThreadToken & __ptr64,struct Pitaya::Engine::Internal::Thread::ThreadInfo && __ptr64) __ptr64”: 函数未内联
D:\Pitaya\Engine\Engine\Internal\Thread\Thread.cpp(22): warning C4711: 为自动内联扩展选定了函数“void __cdecl Pitaya::Engine::Log::LogDebug(class std::basic_string<char,struct std::char_traits<char>,class std::allocator<char> > const & __ptr64)”
D:\Pitaya\Engine\Engine\Internal\Thread\Thread.h(60): warning C4711: 为自动内联扩展选定了函数“__cdecl Pitaya::Engine::Internal::Thread::ThreadInfo::~ThreadInfo(void) __ptr64”
D:\Pitaya\Engine\Engine\Engine.h(24): warning C4710: “__cdecl Pitaya::Engine::Internal::Input::Input(void) __ptr64”: 函数未内联
C:\Program Files\Microsoft Visual Studio\2022\Community\VC\Tools\MSVC\14.44.35207\include\xmemory(253): warning C4711: 为自动内联扩展选定了函数“void * __ptr64 __cdecl std::_Allocate_manually_vector_aligned<struct std::_Default_allocate_traits>(unsigned __int64)”
C:\Program Files\Microsoft Visual Studio\2022\Community\VC\Tools\MSVC\14.44.35207\include\xmemory(253): warning C4711: 为自动内联扩展选定了函数“void * __ptr64 __cdecl std::_Allocate_manually_vector_aligned<struct std::_Default_allocate_traits>(unsigned __int64)”
C:\Program Files\Microsoft Visual Studio\2022\Community\VC\Tools\MSVC\14.44.35207\include\xmemory(253): warning C4711: 为自动内联扩展选定了函数“void * __ptr64 __cdecl std::_Allocate_manually_vector_aligned<struct std::_Default_allocate_traits>(unsigned __int64)”
D:\Pitaya\Engine\Engine\Engine.h(137): warning C4710: “class std::basic_string<char,struct std::char_traits<char>,class std::allocator<char> > __cdecl std::operator+<char,struct std::char_traits<char>,class std::allocator<char> >(class std::basic_string<char,struct std::char_traits<char>,class std::allocator<char> > const & __ptr64,char const * __ptr64 const)”: 函数未内联
D:\Pitaya\Engine\Engine\Engine.h(138): warning C4710: “struct Pitaya::Engine::Thread::ThreadToken __cdecl Pitaya::Engine::Internal::Thread::RegisterThread<void (__cdecl Pitaya::Engine::Renderer::OpenGLRenderer::*)(void) __ptr64,class Pitaya::Engine::Renderer::OpenGLRenderer * __ptr64>(class std::basic_string<char,struct std::char_traits<char>,class std::allocator<char> > const & __ptr64,void (__cdecl Pitaya::Engine::Renderer::OpenGLRenderer::*&& __ptr64)(void) __ptr64,class Pitaya::Engine::Renderer::OpenGLRenderer * __ptr64 && __ptr64) __ptr64”: 函数未内联
D:\Pitaya\Engine\Engine\Engine.h(137): warning C4710: “class std::basic_string<char,struct std::char_traits<char>,class std::allocator<char> > __cdecl std::operator+<char,struct std::char_traits<char>,class std::allocator<char> >(class std::basic_string<char,struct std::char_traits<char>,class std::allocator<char> > const & __ptr64,char const * __ptr64 const)”: 函数未内联
D:\Pitaya\Engine\Engine\Engine.h(138): warning C4710: “struct Pitaya::Engine::Thread::ThreadToken __cdecl Pitaya::Engine::Internal::Thread::RegisterThread<void (__cdecl Pitaya::Engine::Internal::Log::*)(void) __ptr64,class Pitaya::Engine::Internal::Log * __ptr64>(class std::basic_string<char,struct std::char_traits<char>,class std::allocator<char> > const & __ptr64,void (__cdecl Pitaya::Engine::Internal::Log::*&& __ptr64)(void) __ptr64,class Pitaya::Engine::Internal::Log * __ptr64 && __ptr64) __ptr64”: 函数未内联
D:\Pitaya\Engine\Engine\Engine.h(147): warning C4710: “class std::basic_string<char,struct std::char_traits<char>,class std::allocator<char> > const & __ptr64 __cdecl Pitaya::Engine::Internal::Thread::GetThreadName(class std::thread::id const & __ptr64) __ptr64”: 函数未内联
D:\Pitaya\Engine\Engine\Engine.h(147): warning C4710: “class std::basic_string<char,struct std::char_traits<char>,class std::allocator<char> > __cdecl std::operator+<char,struct std::char_traits<char>,class std::allocator<char> >(class std::basic_string<char,struct std::char_traits<char>,class std::allocator<char> > const & __ptr64,char const * __ptr64 const)”: 函数未内联
D:\Pitaya\Engine\Engine\Engine.h(148): warning C4710: “bool __cdecl Pitaya::Engine::Internal::Thread::UnregisterThread(struct Pitaya::Engine::Thread::ThreadToken) __ptr64”: 函数未内联
D:\Pitaya\Core\Singleton\Singleton.h(21): warning C4710: “__cdecl Pitaya::Engine::Engine::Engine(void) __ptr64”: 函数未内联
D:\Pitaya\Engine\Engine\EngineAPI.cpp(33): warning C4710: “static class Pitaya::Engine::Engine & __ptr64 __cdecl Pitaya::Core::Singleton<class Pitaya::Engine::Engine>::Instance(void)”: 函数未内联
D:\Pitaya\Engine\Engine\EngineAPI.cpp(42): warning C4710: “static class Pitaya::Engine::Engine & __ptr64 __cdecl Pitaya::Core::Singleton<class Pitaya::Engine::Engine>::Instance(void)”: 函数未内联
C:\Program Files\Microsoft Visual Studio\2022\Community\VC\Tools\MSVC\14.44.35207\include\atomic(692): warning C4711: 为自动内联扩展选定了函数“char volatile * __ptr64 __cdecl std::_Atomic_address_as<char,struct std::_Atomic_padded<bool> >(struct std::_Atomic_padded<bool> & __ptr64)”
C:\Program Files\Microsoft Visual Studio\2022\Community\VC\Tools\MSVC\14.44.35207\include\atomic(693): warning C4711: 为自动内联扩展选定了函数“char __cdecl std::_Atomic_reinterpret_as<char,bool>(bool const & __ptr64)”
D:\Pitaya\Engine\Renderer\Backend\OpenGL\OpenGLRenderer.cpp(24): warning C4710: “static class Pitaya::Engine::Engine & __ptr64 __cdecl Pitaya::Core::Singleton<class Pitaya::Engine::Engine>::Instance(void)”: 函数未内联
D:\Pitaya\Engine\Renderer\Backend\OpenGL\OpenGLRenderer.cpp(24): warning C4710: “bool __cdecl Pitaya::Engine::Engine::UnregisterThread(struct Pitaya::Engine::Thread::ThreadToken) __ptr64”: 函数未内联
C:\Program Files\Microsoft Visual Studio\2022\Community\VC\Tools\MSVC\14.44.35207\include\atomic(692): warning C4711: 为自动内联扩展选定了函数“char volatile * __ptr64 __cdecl std::_Atomic_address_as<char,struct std::_Atomic_padded<bool> >(struct std::_Atomic_padded<bool> & __ptr64)”
C:\Program Files\Microsoft Visual Studio\2022\Community\VC\Tools\MSVC\14.44.35207\include\atomic(693): warning C4711: 为自动内联扩展选定了函数“char __cdecl std::_Atomic_reinterpret_as<char,bool>(bool const & __ptr64)”
D:\Pitaya\Engine\Engine\Internal\Log\Log.cpp(19): warning C4710: “static class Pitaya::Engine::Engine & __ptr64 __cdecl Pitaya::Core::Singleton<class Pitaya::Engine::Engine>::Instance(void)”: 函数未内联
D:\Pitaya\Engine\Engine\Internal\Log\Log.cpp(19): warning C4710: “bool __cdecl Pitaya::Engine::Engine::UnregisterThread(struct Pitaya::Engine::Thread::ThreadToken) __ptr64”: 函数未内联
D:\Pitaya\Engine\Engine\EngineAPI.cpp(42): warning C4711: 为自动内联扩展选定了函数“bool __cdecl Pitaya::Engine::Event::UnSubscribe(struct Pitaya::Engine::Event::EventToken const & __ptr64)”
D:\Pitaya\Engine\Engine\EngineAPI.cpp(42): warning C4711: 为自动内联扩展选定了函数“bool __cdecl Pitaya::Engine::Event::UnSubscribe(struct Pitaya::Engine::Event::EventToken const & __ptr64)”
D:\Pitaya\Engine\Renderer\Backend\OpenGL\OpenGLRenderer.cpp(31): warning C4711: 为自动内联扩展选定了函数“void __cdecl Pitaya::Engine::Log::LogError(class std::basic_string<char,struct std::char_traits<char>,class std::allocator<char> > const & __ptr64)”
C:\Program Files\Microsoft Visual Studio\2022\Community\VC\Tools\MSVC\14.44.35207\include\atomic(692): warning C4711: 为自动内联扩展选定了函数“char volatile * __ptr64 __cdecl std::_Atomic_address_as<char,struct std::_Atomic_padded<bool> >(struct std::_Atomic_padded<bool> & __ptr64)”
C:\Program Files\Microsoft Visual Studio\2022\Community\VC\Tools\MSVC\14.44.35207\include\atomic(693): warning C4711: 为自动内联扩展选定了函数“char __cdecl std::_Atomic_reinterpret_as<char,bool>(bool const & __ptr64)”
D:\Pitaya\Engine\Engine\EngineAPI.cpp(46): warning C4710: “static class Pitaya::Engine::Engine & __ptr64 __cdecl Pitaya::Core::Singleton<class Pitaya::Engine::Engine>::Instance(void)”: 函数未内联
C:\Program Files\Microsoft Visual Studio\2022\Community\VC\Tools\MSVC\14.44.35207\include\type_traits(2285): warning C4711: 为自动内联扩展选定了函数“unsigned __int64 __cdecl std::_Fnv1a_append_value<enum Pitaya::Engine::Event::EventType>(unsigned __int64,enum Pitaya::Engine::Event::EventType const & __ptr64)”
C:\Program Files\Microsoft Visual Studio\2022\Community\VC\Tools\MSVC\14.44.35207\include\type_traits(2324): warning C4711: 为自动内联扩展选定了函数“unsigned __int64 __cdecl std::_Hash_representation<enum Pitaya::Engine::Event::EventType>(enum Pitaya::Engine::Event::EventType const & __ptr64)”
D:\Pitaya\Engine\Engine\Internal\Event\Event.cpp(55): warning C4711: 为自动内联扩展选定了函数“bool __cdecl std::operator!=<void __cdecl(struct Pitaya::Engine::Event::Event const & __ptr64)>(class std::function<void __cdecl(struct Pitaya::Engine::Event::Event const & __ptr64)> const & __ptr64,std::nullptr_t)”
D:\Pitaya\Engine\Engine\Engine.h(129): warning C4711: 为自动内联扩展选定了函数“void __cdecl Pitaya::Engine::Internal::Event::Emit(struct Pitaya::Engine::Event::Event const & __ptr64) __ptr64”
D:\Pitaya\Engine\Engine\EngineAPI.cpp(38): warning C4710: “static class Pitaya::Engine::Engine & __ptr64 __cdecl Pitaya::Core::Singleton<class Pitaya::Engine::Engine>::Instance(void)”: 函数未内联
D:\Pitaya\Engine\Engine\Internal\Log\Log.cpp(10): warning C4710: “class std::basic_string<char,struct std::char_traits<char>,class std::allocator<char> > __cdecl std::filesystem::path::string(void)const __ptr64”: 函数未内联
D:\Pitaya\Engine\Engine\Internal\Log\Log.cpp(10): warning C4710: “class std::basic_string<char,struct std::char_traits<char>,class std::allocator<char> > __cdecl std::operator+<char,struct std::char_traits<char>,class std::allocator<char> >(char const * __ptr64 const,class std::basic_string<char,struct std::char_traits<char>,class std::allocator<char> > && __ptr64)”: 函数未内联
D:\Pitaya\Engine\Engine\Internal\Log\Log.cpp(10): warning C4710: “__cdecl std::runtime_error::runtime_error(class std::basic_string<char,struct std::char_traits<char>,class std::allocator<char> > const & __ptr64) __ptr64”: 函数未内联
C:\Program Files\Microsoft Visual Studio\2022\Community\VC\Tools\MSVC\14.44.35207\include\filesystem(281): warning C4711: 为自动内联扩展选定了函数“auto __cdecl std::filesystem::_Stringoid_from_Source<char const * __ptr64>(char const * __ptr64 const & __ptr64)”
C:\Program Files\Microsoft Visual Studio\2022\Community\VC\Tools\MSVC\14.44.35207\include\filesystem(281): warning C4711: 为自动内联扩展选定了函数“class std::basic_string<wchar_t,struct std::char_traits<wchar_t>,class std::allocator<wchar_t> > __cdecl std::filesystem::_Convert_stringoid_to_wide<struct std::filesystem::_Normal_conversion>(class std::basic_string_view<char,struct std::char_traits<char> >,struct std::filesystem::_Normal_conversion)”
C:\Program Files\Microsoft Visual Studio\2022\Community\VC\Tools\MSVC\14.44.35207\include\filesystem(648): warning C4711: 为自动内联扩展选定了函数“class std::basic_string<wchar_t,struct std::char_traits<wchar_t>,class std::allocator<wchar_t> > __cdecl std::filesystem::_Convert_Source_to_wide<char const * __ptr64,struct std::filesystem::_Normal_conversion>(char const * __ptr64 const & __ptr64,struct std::filesystem::_Normal_conversion)”
D:\Pitaya\Engine\Engine\Internal\Log\Log.cpp(6): warning C4710: “class std::basic_string<char,struct std::char_traits<char>,class std::allocator<char> > __cdecl Pitaya::Core::Utility::GetExeDir(void)”: 函数未内联
C:\Program Files\Microsoft Visual Studio\2022\Community\VC\Tools\MSVC\14.44.35207\include\filesystem(281): warning C4711: 为自动内联扩展选定了函数“auto __cdecl std::filesystem::_Stringoid_from_Source<char,struct std::char_traits<char>,class std::allocator<char> >(class std::basic_string<char,struct std::char_traits<char>,class std::allocator<char> > const & __ptr64)”
C:\Program Files\Microsoft Visual Studio\2022\Community\VC\Tools\MSVC\14.44.35207\include\filesystem(281): warning C4711: 为自动内联扩展选定了函数“class std::basic_string<wchar_t,struct std::char_traits<wchar_t>,class std::allocator<wchar_t> > __cdecl std::filesystem::_Convert_stringoid_to_wide<struct std::filesystem::_Normal_conversion>(class std::basic_string_view<char,struct std::char_traits<char> >,struct std::filesystem::_Normal_conversion)”
C:\Program Files\Microsoft Visual Studio\2022\Community\VC\Tools\MSVC\14.44.35207\include\filesystem(648): warning C4711: 为自动内联扩展选定了函数“class std::basic_string<wchar_t,struct std::char_traits<wchar_t>,class std::allocator<wchar_t> > __cdecl std::filesystem::_Convert_Source_to_wide<class std::basic_string<char,struct std::char_traits<char>,class std::allocator<char> >,struct std::filesystem::_Normal_conversion>(class std::basic_string<char,struct std::char_traits<char>,class std::allocator<char> > const & __ptr64,struct std::filesystem::_Normal_conversion)”
D:\Pitaya\Engine\Engine\Internal\Log\Log.cpp(6): warning C4710: “class std::filesystem::path __cdecl std::filesystem::operator/(class std::filesystem::path const & __ptr64,class std::filesystem::path const & __ptr64)”: 函数未内联
D:\Pitaya\Engine\Engine\Internal\Log\Log.cpp(12): warning C4710: “static class Pitaya::Engine::Engine & __ptr64 __cdecl Pitaya::Core::Singleton<class Pitaya::Engine::Engine>::Instance(void)”: 函数未内联
D:\Pitaya\Engine\Renderer\Backend\OpenGL\OpenGLRenderer.cpp(69): warning C4710: “__cdecl std::runtime_error::runtime_error(char const * __ptr64) __ptr64”: 函数未内联
D:\Pitaya\Engine\Renderer\Backend\OpenGL\OpenGLRenderer.cpp(31): warning C4711: 为自动内联扩展选定了函数“void __cdecl Pitaya::Engine::Log::LogError(class std::basic_string<char,struct std::char_traits<char>,class std::allocator<char> > const & __ptr64)”
C:\Program Files\Microsoft Visual Studio\2022\Community\VC\Tools\MSVC\14.44.35207\include\atomic(692): warning C4711: 为自动内联扩展选定了函数“char volatile * __ptr64 __cdecl std::_Atomic_address_as<char,struct std::_Atomic_padded<bool> >(struct std::_Atomic_padded<bool> & __ptr64)”
C:\Program Files\Microsoft Visual Studio\2022\Community\VC\Tools\MSVC\14.44.35207\include\atomic(693): warning C4711: 为自动内联扩展选定了函数“char __cdecl std::_Atomic_reinterpret_as<char,bool>(bool const & __ptr64)”
D:\Pitaya\Engine\Renderer\Backend\OpenGL\OpenGLRenderer.cpp(67): warning C4711: 为自动内联扩展选定了函数“bool __cdecl Pitaya::Engine::Renderer::OpenGLRenderer::InitOpenGLContext(void) __ptr64”
C:\Program Files\Microsoft Visual Studio\2022\Community\VC\Tools\MSVC\14.44.35207\include\atomic(714): warning C4711: 为自动内联扩展选定了函数“char const volatile * __ptr64 __cdecl std::_Atomic_address_as<char,struct std::_Atomic_padded<bool> >(struct std::_Atomic_padded<bool> const & __ptr64)”
D:\Pitaya\Engine\Renderer\Backend\OpenGL\OpenGLRenderer.cpp(77): warning C4711: 为自动内联扩展选定了函数“void __cdecl Pitaya::Engine::Renderer::OpenGLRenderer::ProcessRenderCmd(void) __ptr64”
C:\Program Files\Microsoft Visual Studio\2022\Community\VC\Tools\MSVC\14.44.35207\include\atomic(714): warning C4711: 为自动内联扩展选定了函数“char const volatile * __ptr64 __cdecl std::_Atomic_address_as<char,struct std::_Atomic_padded<bool> >(struct std::_Atomic_padded<bool> const & __ptr64)”
C:\Program Files\Microsoft Visual Studio\2022\Community\VC\Tools\MSVC\14.44.35207\include\atomic(692): warning C4711: 为自动内联扩展选定了函数“char volatile * __ptr64 __cdecl std::_Atomic_address_as<char,struct std::_Atomic_padded<bool> >(struct std::_Atomic_padded<bool> & __ptr64)”
C:\Program Files\Microsoft Visual Studio\2022\Community\VC\Tools\MSVC\14.44.35207\include\atomic(693): warning C4711: 为自动内联扩展选定了函数“char __cdecl std::_Atomic_reinterpret_as<char,bool>(bool const & __ptr64)”
D:\Pitaya\Engine\Engine\Engine.cpp(75): warning C4711: 为自动内联扩展选定了函数“void __cdecl Pitaya::Engine::Internal::Log::Release(void) __ptr64”
D:\Pitaya\Engine\Engine\Engine.cpp(76): warning C4711: 为自动内联扩展选定了函数“void __cdecl Pitaya::Engine::Internal::Thread::Release(void) __ptr64”
D:\Pitaya\Engine\Engine\EngineAPI.cpp(42): warning C4711: 为自动内联扩展选定了函数“bool __cdecl Pitaya::Engine::Event::UnSubscribe(struct Pitaya::Engine::Event::EventToken const & __ptr64)”
D:\Pitaya\Engine\Engine\EngineAPI.cpp(42): warning C4711: 为自动内联扩展选定了函数“bool __cdecl Pitaya::Engine::Event::UnSubscribe(struct Pitaya::Engine::Event::EventToken const & __ptr64)”
D:\Pitaya\Engine\Engine\Engine.cpp(77): warning C4711: 为自动内联扩展选定了函数“void __cdecl Pitaya::Engine::Internal::Input::Release(void) __ptr64”
D:\Pitaya\Engine\Window\Backend\OpenGL\OpenGLWindow.cpp(99): warning C4711: 为自动内联扩展选定了函数“void __cdecl Pitaya::Engine::Window::OpenGLWindow::ResetSize(int,int) __ptr64”
C:\Program Files\Microsoft Visual Studio\2022\Community\VC\Tools\MSVC\14.44.35207\include\functional(968): warning C4711: 为自动内联扩展选定了函数“bool __cdecl std::_Test_callable<class std::_Binder<struct std::_Unforced,void (__cdecl Pitaya::Engine::Internal::Input::*)(struct Pitaya::Engine::Event::Event const & __ptr64) __ptr64,class Pitaya::Engine::Internal::Input * __ptr64,struct std::_Ph<1> const & __ptr64> >(class std::_Binder<struct std::_Unforced,void (__cdecl Pitaya::Engine::Internal::Input::*)(struct Pitaya::Engine::Event::Event const & __ptr64) __ptr64,class Pitaya::Engine::Internal::Input * __ptr64,struct std::_Ph<1> const & __ptr64> const & __ptr64)”
C:\Program Files\Microsoft Visual Studio\2022\Community\VC\Tools\MSVC\14.44.35207\include\functional(968): warning C4711: 为自动内联扩展选定了函数“bool __cdecl std::_Test_callable<class std::_Binder<struct std::_Unforced,void (__cdecl Pitaya::Engine::Internal::Input::*)(struct Pitaya::Engine::Event::Event const & __ptr64) __ptr64,class Pitaya::Engine::Internal::Input * __ptr64,struct std::_Ph<1> const & __ptr64> >(class std::_Binder<struct std::_Unforced,void (__cdecl Pitaya::Engine::Internal::Input::*)(struct Pitaya::Engine::Event::Event const & __ptr64) __ptr64,class Pitaya::Engine::Internal::Input * __ptr64,struct std::_Ph<1> const & __ptr64> const & __ptr64)”
D:\Pitaya\Engine\Renderer\Backend\OpenGL\OpenGLRenderer.cpp(17): warning C4710: “static class Pitaya::Engine::Engine & __ptr64 __cdecl Pitaya::Core::Singleton<class Pitaya::Engine::Engine>::Instance(void)”: 函数未内联
D:\Pitaya\Engine\Engine\Engine.cpp(11): warning C4711: 为自动内联扩展选定了函数“bool __cdecl Pitaya::Engine::Engine::BindEngineModelBackendAPI(void) __ptr64”
D:\Pitaya\Engine\Engine\Engine.cpp(11): warning C4711: 为自动内联扩展选定了函数“bool __cdecl Pitaya::Engine::Engine::CheckEngineModelBackendBindIsSuccess(void) __ptr64”
D:\Pitaya\Engine\Engine\Internal\Thread\Thread.cpp(22): warning C4711: 为自动内联扩展选定了函数“void __cdecl Pitaya::Engine::Log::LogDebug(class std::basic_string<char,struct std::char_traits<char>,class std::allocator<char> > const & __ptr64)”
D:\Pitaya\Engine\Engine\Internal\Thread\Thread.cpp(8): warning C4711: 为自动内联扩展选定了函数“__cdecl Pitaya::Engine::Internal::Thread::ThreadInfo::~ThreadInfo(void) __ptr64”
D:\Pitaya\Engine\Engine\Engine.cpp(17): warning C4711: 为自动内联扩展选定了函数“bool __cdecl Pitaya::Engine::Internal::Thread::Initialize(void) __ptr64”
D:\Pitaya\Engine\Engine\Engine.h(41): warning C4711: 为自动内联扩展选定了函数“bool __cdecl Pitaya::Engine::Engine::IsRunning(void) __ptr64”
D:\Pitaya\Engine\Engine\Engine.cpp(32): warning C4711: 为自动内联扩展选定了函数“void __cdecl Pitaya::Engine::Internal::Time::Tick(void) __ptr64”
D:\Pitaya\Engine\Engine\Engine.h(43): warning C4711: 为自动内联扩展选定了函数“void __cdecl Pitaya::Engine::Engine::Tick(void) __ptr64”
D:\Pitaya\Engine\Engine\Engine.h(44): warning C4711: 为自动内联扩展选定了函数“void __cdecl Pitaya::Engine::Engine::Fixupdata(void) __ptr64”
D:\Pitaya\Engine\Engine\Engine.h(45): warning C4711: 为自动内联扩展选定了函数“void __cdecl Pitaya::Engine::Engine::Updata(void) __ptr64”
D:\Pitaya\Engine\Engine\Engine.h(46): warning C4711: 为自动内联扩展选定了函数“void __cdecl Pitaya::Engine::Engine::CoroutineSchedule(void) __ptr64”
D:\Pitaya\Engine\Engine\Engine.h(47): warning C4711: 为自动内联扩展选定了函数“void __cdecl Pitaya::Engine::Engine::Lateupdata(void) __ptr64”
D:\Pitaya\Engine\Engine\Engine.h(48): warning C4711: 为自动内联扩展选定了函数“void __cdecl Pitaya::Engine::Engine::Renderer(void) __ptr64”
D:\Pitaya\Engine\Engine\Engine.h(49): warning C4711: 为自动内联扩展选定了函数“void __cdecl Pitaya::Engine::Engine::EndOfFrame(void) __ptr64”
C:\Program Files\Microsoft Visual Studio\2022\Community\VC\Tools\MSVC\14.44.35207\include\thread(223): warning C4711: 为自动内联扩展选定了函数“auto __cdecl std::_To_absolute_time<float,struct std::ratio<1,1> >(class std::chrono::duration<float,struct std::ratio<1,1> > const & __ptr64)”
C:\Program Files\Microsoft Visual Studio\2022\Community\VC\Tools\MSVC\14.44.35207\include\thread(216): warning C4711: 为自动内联扩展选定了函数“struct std::_Clamped_rel_time_ms_count_result __cdecl std::_Clamped_rel_time_ms_count<class std::chrono::duration<float,struct std::ratio<1,1000000000> > >(class std::chrono::duration<float,struct std::ratio<1,1000000000> > const & __ptr64)”
C:\Program Files\Microsoft Visual Studio\2022\Community\VC\Tools\MSVC\14.44.35207\include\thread(223): warning C4711: 为自动内联扩展选定了函数“void __cdecl std::this_thread::sleep_until<struct std::chrono::steady_clock,class std::chrono::duration<float,struct std::ratio<1,1000000000> > >(class std::chrono::time_point<struct std::chrono::steady_clock,class std::chrono::duration<float,struct std::ratio<1,1000000000> > > const & __ptr64)”
D:\Pitaya\Engine\Engine\Internal\Time\Time.cpp(25): warning C4711: 为自动内联扩展选定了函数“void __cdecl std::this_thread::sleep_for<float,struct std::ratio<1,1> >(class std::chrono::duration<float,struct std::ratio<1,1> > const & __ptr64)”
D:\Pitaya\Engine\Engine\Engine.cpp(63): warning C4711: 为自动内联扩展选定了函数“void __cdecl Pitaya::Engine::Internal::Time::FrameSync(void) __ptr64”
D:\Pitaya\Engine\Engine\Engine.h(50): warning C4711: 为自动内联扩展选定了函数“void __cdecl Pitaya::Engine::Engine::FrameSync(void) __ptr64”
D:\Pitaya\Engine\Engine\EngineAPI.cpp(6): warning C4710: “static class Pitaya::Engine::Engine & __ptr64 __cdecl Pitaya::Core::Singleton<class Pitaya::Engine::Engine>::Instance(void)”: 函数未内联
D:\Pitaya\Engine\Engine\EngineAPI.cpp(6): warning C4710: “int __cdecl Pitaya::Engine::Engine::Execute(void) __ptr64”: 函数未内联
D:\Pitaya\Application\Application\Application.cpp(18): warning C4710: “void __cdecl Pitaya::Core::Console::Print(char const * __ptr64,...)”: 函数未内联
D:\Pitaya\Application\Application\Application.cpp(25): warning C4710: “void __cdecl Pitaya::Core::Console::Print(char const * __ptr64,...)”: 函数未内联
D:\Pitaya\Application\Application\Application.cpp(14): warning C4711: 为自动内联扩展选定了函数“int __cdecl Pitaya::Engine::Execute(void)”
D:\Pitaya\Application\Application\Application.cpp(19): warning C4711: 为自动内联扩展选定了函数“void __cdecl Pitaya::Engine::Log::LogError(class std::basic_string<char,struct std::char_traits<char>,class std::allocator<char> > const & __ptr64)”
D:\Pitaya\Application\Application\Application.cpp(20): warning C4711: 为自动内联扩展选定了函数“void __cdecl Pitaya::Core::Console::PopupMessageBox(char const * __ptr64,char const * __ptr64)”
D:\Pitaya\Application\Application\Application.cpp(26): warning C4711: 为自动内联扩展选定了函数“void __cdecl Pitaya::Engine::Log::LogError(class std::basic_string<char,struct std::char_traits<char>,class std::allocator<char> > const & __ptr64)”
D:\Pitaya\Application\Application\Application.cpp(27): warning C4711: 为自动内联扩展选定了函数“void __cdecl Pitaya::Core::Console::PopupMessageBox(char const * __ptr64,char const * __ptr64)”
D:\Pitaya\Engine\Engine\EngineAPI.cpp(49): warning C4710: “static class Pitaya::Engine::Engine & __ptr64 __cdecl Pitaya::Core::Singleton<class Pitaya::Engine::Engine>::Instance(void)”: 函数未内联
D:\Pitaya\Engine\Engine\EngineAPI.cpp(50): warning C4710: “static class Pitaya::Engine::Engine & __ptr64 __cdecl Pitaya::Core::Singleton<class Pitaya::Engine::Engine>::Instance(void)”: 函数未内联
D:\Pitaya\Engine\Engine\EngineAPI.cpp(51): warning C4710: “static class Pitaya::Engine::Engine & __ptr64 __cdecl Pitaya::Core::Singleton<class Pitaya::Engine::Engine>::Instance(void)”: 函数未内联
D:\Pitaya\Engine\Engine\EngineAPI.cpp(52): warning C4710: “static class Pitaya::Engine::Engine & __ptr64 __cdecl Pitaya::Core::Singleton<class Pitaya::Engine::Engine>::Instance(void)”: 函数未内联
  111 of 1987 functions ( 5.6%) were compiled, the rest were copied from previous compilation.
    0 functions were new in current compilation
    57 functions had inline decision re-evaluated but remain unchanged
  已完成代码的生成
glew32s.lib(glew.obj) : warning LNK4099: 未找到 PDB“vc120.pdb”(使用“glew32s.lib(glew.obj)”或在“D:\Pitaya\exe\x64\Release\vc120.pdb”中寻找)；正在链接对象，如同没有调试信息一样
  Application.vcxproj -> D:\Pitaya\exe\x64\Release\Pitaya.exe
