  Engine.cpp
D:\Pitaya\Core\Identifier\UID.h(36,49): warning C4458: “value”的声明隐藏了类成员
  (编译源文件“Engine/Engine.cpp”)
      D:\Pitaya\Core\Identifier\UID.h(57,18):
      参见“Pitaya::Core::UID::value”的声明
  
C:\Program Files (x86)\Windows Kits\10\Include\10.0.26100.0\um\winbase.h(7940,5): warning C5039: “TpSetCallbackCleanupGroup”: 可能引发函数的指针或引用传递到 -EHc 下的外部 "C" 函数。如果此函数引发异常，则可能发生未定义的行为。
  (编译源文件“Engine/Engine.cpp”)
  
C:\Program Files (x86)\Windows Kits\10\Include\10.0.26100.0\um\winioctl.h(2200,23): warning C4668: 没有将“NTDDI_WIN11_DT”定义为预处理器宏，用“0”替换“#if/#elif”
  (编译源文件“Engine/Engine.cpp”)
  
C:\Program Files (x86)\Windows Kits\10\Include\10.0.26100.0\um\winioctl.h(11434,22): warning C4668: 没有将“_WIN32_WINNT_WIN10_TH2”定义为预处理器宏，用“0”替换“#if/#elif”
  (编译源文件“Engine/Engine.cpp”)
  
C:\Program Files (x86)\Windows Kits\10\Include\10.0.26100.0\um\winioctl.h(11440,22): warning C4668: 没有将“_WIN32_WINNT_WIN10_RS1”定义为预处理器宏，用“0”替换“#if/#elif”
  (编译源文件“Engine/Engine.cpp”)
  
C:\Program Files (x86)\Windows Kits\10\Include\10.0.26100.0\um\winioctl.h(11445,22): warning C4668: 没有将“_WIN32_WINNT_WIN10_TH2”定义为预处理器宏，用“0”替换“#if/#elif”
  (编译源文件“Engine/Engine.cpp”)
  
C:\Program Files (x86)\Windows Kits\10\Include\10.0.26100.0\um\winioctl.h(11450,22): warning C4668: 没有将“_WIN32_WINNT_WIN10_TH2”定义为预处理器宏，用“0”替换“#if/#elif”
  (编译源文件“Engine/Engine.cpp”)
  
C:\Program Files (x86)\Windows Kits\10\Include\10.0.26100.0\um\winioctl.h(11457,22): warning C4668: 没有将“_WIN32_WINNT_WIN10_RS1”定义为预处理器宏，用“0”替换“#if/#elif”
  (编译源文件“Engine/Engine.cpp”)
  
C:\Program Files (x86)\Windows Kits\10\Include\10.0.26100.0\um\winioctl.h(11478,22): warning C4668: 没有将“_WIN32_WINNT_WIN10_TH2”定义为预处理器宏，用“0”替换“#if/#elif”
  (编译源文件“Engine/Engine.cpp”)
  
C:\Program Files (x86)\Windows Kits\10\Include\10.0.26100.0\um\winioctl.h(11484,22): warning C4668: 没有将“_WIN32_WINNT_WIN10_RS3”定义为预处理器宏，用“0”替换“#if/#elif”
  (编译源文件“Engine/Engine.cpp”)
  
C:\Program Files (x86)\Windows Kits\10\Include\10.0.26100.0\um\winioctl.h(11492,22): warning C4668: 没有将“_WIN32_WINNT_WIN10_RS4”定义为预处理器宏，用“0”替换“#if/#elif”
  (编译源文件“Engine/Engine.cpp”)
  
C:\Program Files (x86)\Windows Kits\10\Include\10.0.26100.0\um\winioctl.h(11496,22): warning C4668: 没有将“_WIN32_WINNT_WIN10_RS1”定义为预处理器宏，用“0”替换“#if/#elif”
  (编译源文件“Engine/Engine.cpp”)
  
C:\Program Files (x86)\Windows Kits\10\Include\10.0.26100.0\um\winioctl.h(11500,22): warning C4668: 没有将“_WIN32_WINNT_WIN10_RS4”定义为预处理器宏，用“0”替换“#if/#elif”
  (编译源文件“Engine/Engine.cpp”)
  
C:\Program Files (x86)\Windows Kits\10\Include\10.0.26100.0\um\winioctl.h(11505,22): warning C4668: 没有将“_WIN32_WINNT_WIN10_RS1”定义为预处理器宏，用“0”替换“#if/#elif”
  (编译源文件“Engine/Engine.cpp”)
  
C:\Program Files (x86)\Windows Kits\10\Include\10.0.26100.0\um\winioctl.h(16838,22): warning C4668: 没有将“_WIN32_WINNT_WIN10_RS3”定义为预处理器宏，用“0”替换“#if/#elif”
  (编译源文件“Engine/Engine.cpp”)
  
C:\Program Files (x86)\Windows Kits\10\Include\10.0.26100.0\um\winioctl.h(16987,22): warning C4668: 没有将“_WIN32_WINNT_WIN10_RS4”定义为预处理器宏，用“0”替换“#if/#elif”
  (编译源文件“Engine/Engine.cpp”)
  
C:\Program Files (x86)\Windows Kits\10\Include\10.0.26100.0\um\winioctl.h(17000,22): warning C4668: 没有将“_WIN32_WINNT_WIN10_RS4”定义为预处理器宏，用“0”替换“#if/#elif”
  (编译源文件“Engine/Engine.cpp”)
  
C:\Program Files (x86)\Windows Kits\10\Include\10.0.26100.0\um\winioctl.h(17229,22): warning C4668: 没有将“_WIN32_WINNT_WIN10_RS1”定义为预处理器宏，用“0”替换“#if/#elif”
  (编译源文件“Engine/Engine.cpp”)
  
  Defining YAML_CPP_API for DLL import
D:\Pitaya\thirdparty\yaml\include\yaml-cpp\parser.h(85,28): warning C4251: “YAML::Parser::m_pScanner”:“std::unique_ptr<YAML::Scanner,std::default_delete<YAML::Scanner>>”需要有 dll 接口以供“YAML::Parser”的客户端使用
  (编译源文件“Engine/Engine.cpp”)
      C:\Program Files\Microsoft Visual Studio\2022\Community\VC\Tools\MSVC\14.44.35207\include\memory(3347,7):
      参见“std::unique_ptr<YAML::Scanner,std::default_delete<YAML::Scanner>>”的声明
  
D:\Pitaya\thirdparty\yaml\include\yaml-cpp\parser.h(86,31): warning C4251: “YAML::Parser::m_pDirectives”:“std::unique_ptr<YAML::Directives,std::default_delete<YAML::Directives>>”需要有 dll 接口以供“YAML::Parser”的客户端使用
  (编译源文件“Engine/Engine.cpp”)
      C:\Program Files\Microsoft Visual Studio\2022\Community\VC\Tools\MSVC\14.44.35207\include\memory(3347,7):
      参见“std::unique_ptr<YAML::Directives,std::default_delete<YAML::Directives>>”的声明
  
D:\Pitaya\thirdparty\yaml\include\yaml-cpp\binary.h(65,30): warning C4251: “YAML::Binary::m_data”:“std::vector<unsigned char,std::allocator<unsigned char>>”需要有 dll 接口以供“YAML::Binary”的客户端使用
  (编译源文件“Engine/Engine.cpp”)
      C:\Program Files\Microsoft Visual Studio\2022\Community\VC\Tools\MSVC\14.44.35207\include\vector(442,7):
      参见“std::vector<unsigned char,std::allocator<unsigned char>>”的声明
  
D:\Pitaya\thirdparty\yaml\include\yaml-cpp\emittermanip.h(103,15): warning C4820: "YAML::_Tag": 数据成员 "YAML::_Tag::type" 后添加了 "4" 字节填充
  (编译源文件“Engine/Engine.cpp”)
  
D:\Pitaya\thirdparty\yaml\include\yaml-cpp\ostream_wrapper.h(49,29): warning C4251: “YAML::ostream_wrapper::m_buffer”:“std::vector<char,std::allocator<char>>”需要有 dll 接口以供“YAML::ostream_wrapper”的客户端使用
  (编译源文件“Engine/Engine.cpp”)
      C:\Program Files\Microsoft Visual Studio\2022\Community\VC\Tools\MSVC\14.44.35207\include\vector(442,7):
      参见“std::vector<char,std::allocator<char>>”的声明
  
D:\Pitaya\thirdparty\yaml\include\yaml-cpp\ostream_wrapper.h(54,8): warning C4820: "YAML::ostream_wrapper": 数据成员 "YAML::ostream_wrapper::m_comment" 后添加了 "7" 字节填充
  (编译源文件“Engine/Engine.cpp”)
  
D:\Pitaya\thirdparty\yaml\include\yaml-cpp\emitter.h(132,33): warning C4251: “YAML::Emitter::m_pState”:“std::unique_ptr<YAML::EmitterState,std::default_delete<YAML::EmitterState>>”需要有 dll 接口以供“YAML::Emitter”的客户端使用
  (编译源文件“Engine/Engine.cpp”)
      C:\Program Files\Microsoft Visual Studio\2022\Community\VC\Tools\MSVC\14.44.35207\include\memory(3347,7):
      参见“std::unique_ptr<YAML::EmitterState,std::default_delete<YAML::EmitterState>>”的声明
  
D:\Pitaya\thirdparty\yaml\include\yaml-cpp\exceptions.h(162,15): warning C4251: “YAML::Exception::msg”:“std::basic_string<char,std::char_traits<char>,std::allocator<char>>”需要有 dll 接口以供“YAML::Exception”的客户端使用
  (编译源文件“Engine/Engine.cpp”)
      C:\Program Files\Microsoft Visual Studio\2022\Community\VC\Tools\MSVC\14.44.35207\include\xstring(541,7):
      参见“std::basic_string<char,std::char_traits<char>,std::allocator<char>>”的声明
  
D:\Pitaya\thirdparty\yaml\include\yaml-cpp\exceptions.h(161,8): warning C4820: "YAML::Exception": 数据成员 "YAML::Exception::mark" 后添加了 "4" 字节填充
  (编译源文件“Engine/Engine.cpp”)
  
D:\Pitaya\thirdparty\yaml\include\yaml-cpp\exceptions.h(153,44): warning C4275: 非 dll 接口 class“std::runtime_error”用作 dll 接口 class“YAML::Exception”的基
  (编译源文件“Engine/Engine.cpp”)
      C:\Program Files\Microsoft Visual Studio\2022\Community\VC\Tools\MSVC\14.44.35207\include\stdexcept(100,30):
      参见“std::runtime_error”的声明
      D:\Pitaya\thirdparty\yaml\include\yaml-cpp\exceptions.h(153,20):
      参见“YAML::Exception”的声明
  
D:\Pitaya\thirdparty\yaml\include\yaml-cpp\node\node.h(135,15): warning C4251: “YAML::Node::m_invalidKey”:“std::basic_string<char,std::char_traits<char>,std::allocator<char>>”需要有 dll 接口以供“YAML::Node”的客户端使用
  (编译源文件“Engine/Engine.cpp”)
      C:\Program Files\Microsoft Visual Studio\2022\Community\VC\Tools\MSVC\14.44.35207\include\xstring(541,7):
      参见“std::basic_string<char,std::char_traits<char>,std::allocator<char>>”的声明
  
D:\Pitaya\thirdparty\yaml\include\yaml-cpp\node\node.h(133,8): warning C4820: "YAML::Node": 数据成员 "YAML::Node::m_isValid" 后添加了 "7" 字节填充
  (编译源文件“Engine/Engine.cpp”)
  
D:\Pitaya\thirdparty\yaml\include\yaml-cpp\node\node.h(136,40): warning C4251: “YAML::Node::m_pMemory”:“std::shared_ptr<YAML::detail::memory_holder>”需要有 dll 接口以供“YAML::Node”的客户端使用
  (编译源文件“Engine/Engine.cpp”)
      C:\Program Files\Microsoft Visual Studio\2022\Community\VC\Tools\MSVC\14.44.35207\include\memory(1565,7):
      参见“std::shared_ptr<YAML::detail::memory_holder>”的声明
  
D:\Pitaya\thirdparty\yaml\include\yaml-cpp\node\detail\memory.h(31,9): warning C4251: “YAML::detail::memory::m_nodes”:“std::set<YAML::detail::shared_node,std::less<YAML::detail::shared_node>,std::allocator<YAML::detail::shared_node>>”需要有 dll 接口以供“YAML::detail::memory”的客户端使用
  (编译源文件“Engine/Engine.cpp”)
      C:\Program Files\Microsoft Visual Studio\2022\Community\VC\Tools\MSVC\14.44.35207\include\set(51,7):
      参见“std::set<YAML::detail::shared_node,std::less<YAML::detail::shared_node>,std::allocator<YAML::detail::shared_node>>”的声明
  
D:\Pitaya\thirdparty\yaml\include\yaml-cpp\node\detail\memory.h(42,17): warning C4251: “YAML::detail::memory_holder::m_pMemory”:“std::shared_ptr<YAML::detail::memory>”需要有 dll 接口以供“YAML::detail::memory_holder”的客户端使用
  (编译源文件“Engine/Engine.cpp”)
      C:\Program Files\Microsoft Visual Studio\2022\Community\VC\Tools\MSVC\14.44.35207\include\memory(1565,7):
      参见“std::shared_ptr<YAML::detail::memory>”的声明
  
D:\Pitaya\thirdparty\yaml\include\yaml-cpp\node\detail\node_iterator.h(170,33): warning C4820: "YAML::detail::node_iterator_base<YAML::detail::node>": 数据成员 "YAML::detail::node_iterator_base<YAML::detail::node>::m_type" 后添加了 "4" 字节填充
  (编译源文件“Engine/Engine.cpp”)
      D:\Pitaya\thirdparty\yaml\include\yaml-cpp\node\detail\node_iterator.h(170,33):
      模板实例化上下文(最早的实例化上下文)为
          D:\Pitaya\thirdparty\yaml\include\yaml-cpp\node\detail\iterator.h(23,7):
          在编译类模板“YAML::detail::iterator_base”时
          D:\Pitaya\thirdparty\yaml\include\yaml-cpp\node\detail\iterator.h(90,13):
          查看对正在编译的 类 模板 实例化“YAML::detail::node_iterator_base<YAML::detail::node>”的引用
  
D:\Pitaya\thirdparty\yaml\include\yaml-cpp\node\detail\node_data.h(101,8): warning C4820: "YAML::detail::node_data": 数据成员 "YAML::detail::node_data::m_isDefined" 后添加了 "3" 字节填充
  (编译源文件“Engine/Engine.cpp”)
  
D:\Pitaya\thirdparty\yaml\include\yaml-cpp\node\detail\node_data.h(104,15): warning C4251: “YAML::detail::node_data::m_tag”:“std::basic_string<char,std::char_traits<char>,std::allocator<char>>”需要有 dll 接口以供“YAML::detail::node_data”的客户端使用
  (编译源文件“Engine/Engine.cpp”)
      C:\Program Files\Microsoft Visual Studio\2022\Community\VC\Tools\MSVC\14.44.35207\include\xstring(541,7):
      参见“std::basic_string<char,std::char_traits<char>,std::allocator<char>>”的声明
  
D:\Pitaya\thirdparty\yaml\include\yaml-cpp\node\detail\node_data.h(103,19): warning C4820: "YAML::detail::node_data": 数据成员 "YAML::detail::node_data::m_type" 后添加了 "4" 字节填充
  (编译源文件“Engine/Engine.cpp”)
  
D:\Pitaya\thirdparty\yaml\include\yaml-cpp\node\detail\node_data.h(108,15): warning C4251: “YAML::detail::node_data::m_scalar”:“std::basic_string<char,std::char_traits<char>,std::allocator<char>>”需要有 dll 接口以供“YAML::detail::node_data”的客户端使用
  (编译源文件“Engine/Engine.cpp”)
      C:\Program Files\Microsoft Visual Studio\2022\Community\VC\Tools\MSVC\14.44.35207\include\xstring(541,7):
      参见“std::basic_string<char,std::char_traits<char>,std::allocator<char>>”的声明
  
D:\Pitaya\thirdparty\yaml\include\yaml-cpp\node\detail\node_data.h(105,23): warning C4820: "YAML::detail::node_data": 数据成员 "YAML::detail::node_data::m_style" 后添加了 "4" 字节填充
  (编译源文件“Engine/Engine.cpp”)
  
D:\Pitaya\thirdparty\yaml\include\yaml-cpp\node\detail\node_data.h(112,12): warning C4251: “YAML::detail::node_data::m_sequence”:“std::vector<YAML::detail::node *,std::allocator<YAML::detail::node *>>”需要有 dll 接口以供“YAML::detail::node_data”的客户端使用
  (编译源文件“Engine/Engine.cpp”)
      C:\Program Files\Microsoft Visual Studio\2022\Community\VC\Tools\MSVC\14.44.35207\include\vector(442,7):
      参见“std::vector<YAML::detail::node *,std::allocator<YAML::detail::node *>>”的声明
  
D:\Pitaya\thirdparty\yaml\include\yaml-cpp\node\detail\node_data.h(118,12): warning C4251: “YAML::detail::node_data::m_map”:“std::vector<std::pair<YAML::detail::node *,YAML::detail::node *>,std::allocator<std::pair<YAML::detail::node *,YAML::detail::node *>>>”需要有 dll 接口以供“YAML::detail::node_data”的客户端使用
  (编译源文件“Engine/Engine.cpp”)
      C:\Program Files\Microsoft Visual Studio\2022\Community\VC\Tools\MSVC\14.44.35207\include\vector(442,7):
      参见“std::vector<std::pair<YAML::detail::node *,YAML::detail::node *>,std::allocator<std::pair<YAML::detail::node *,YAML::detail::node *>>>”的声明
  
D:\Pitaya\thirdparty\yaml\include\yaml-cpp\node\detail\node_data.h(122,20): warning C4251: “YAML::detail::node_data::m_undefinedPairs”:“std::list<YAML::detail::node_data::kv_pair,std::allocator<std::pair<YAML::detail::node *,YAML::detail::node *>>>”需要有 dll 接口以供“YAML::detail::node_data”的客户端使用
  (编译源文件“Engine/Engine.cpp”)
      C:\Program Files\Microsoft Visual Studio\2022\Community\VC\Tools\MSVC\14.44.35207\include\list(769,7):
      参见“std::list<YAML::detail::node_data::kv_pair,std::allocator<std::pair<YAML::detail::node *,YAML::detail::node *>>>”的声明
  
D:\Pitaya\thirdparty\yaml\include\yaml-cpp\node\detail\node_iterator.h(170,33): warning C4820: "YAML::detail::node_iterator_base<const YAML::detail::node>": 数据成员 "YAML::detail::node_iterator_base<const YAML::detail::node>::m_type" 后添加了 "4" 字节填充
  (编译源文件“Engine/Engine.cpp”)
      D:\Pitaya\thirdparty\yaml\include\yaml-cpp\node\detail\node_iterator.h(170,33):
      模板实例化上下文(最早的实例化上下文)为
          D:\Pitaya\thirdparty\yaml\include\yaml-cpp\node\detail\node_ref.h(43,23):
          查看对正在编译的 类 模板 实例化“YAML::detail::node_iterator_base<const YAML::detail::node>”的引用
  
D:\Pitaya\thirdparty\yaml\include\yaml-cpp\node\impl.h(138,8): warning C4626: “YAML::as_if<std::string,void>”: 已将赋值运算符隐式定义为“已删除”
  (编译源文件“Engine/Engine.cpp”)
  
D:\Pitaya\thirdparty\yaml\include\yaml-cpp\node\impl.h(138,8): warning C5027: “YAML::as_if<std::string,void>”: 已将移动赋值运算符隐式定义为“已删除”
  (编译源文件“Engine/Engine.cpp”)
  
D:\Pitaya\thirdparty\yaml\include\yaml-cpp\node\convert.h(224,1): warning C4365: “=”: 从“int”转换到“unsigned short”，有符号/无符号不匹配
  (编译源文件“Engine/Engine.cpp”)
  
D:\Pitaya\thirdparty\yaml\include\yaml-cpp\node\convert.h(230,1): warning C4365: “=”: 从“int”转换到“unsigned char”，有符号/无符号不匹配
  (编译源文件“Engine/Engine.cpp”)
  
D:\Pitaya\Engine\Engine\Config\Config.h(184,36): warning C4820: "Pitaya::Engine::Config::Config": 数据成员 "Pitaya::Engine::Config::Config::WindowPlatform" 后添加了 "1" 字节填充
  (编译源文件“Engine/Engine.cpp”)
  
D:\Pitaya\Engine\Engine\Config\Config.h(186,7): warning C4820: "Pitaya::Engine::Config::Config": 数据成员 "Pitaya::Engine::Config::Config::WindowHeight" 后添加了 "4" 字节填充
  (编译源文件“Engine/Engine.cpp”)
  
D:\Pitaya\Engine\Engine\Config\Config.h(141,4): warning C4061: 枚举 "Pitaya::Engine::Physics::API" 的开关中的枚举器 "Pitaya::Engine::Physics::API::Unknown" 未由事例标签显式处理
  (编译源文件“Engine/Engine.cpp”)
      D:\Pitaya\Core\Enum\Enum.h(173,13):
      参见“Pitaya::Engine::Physics::API”的声明
  
D:\Pitaya\Engine\Engine\Config\Config.h(153,4): warning C4061: 枚举 "Pitaya::Engine::Renderer::API" 的开关中的枚举器 "Pitaya::Engine::Renderer::API::Unknown" 未由事例标签显式处理
  (编译源文件“Engine/Engine.cpp”)
      D:\Pitaya\Core\Enum\Enum.h(130,13):
      参见“Pitaya::Engine::Renderer::API”的声明
  
D:\Pitaya\Engine\Engine\Interface\Window.h(42,83): warning C4365: “参数”: 从“int”转换到“const unsigned __int64”，有符号/无符号不匹配
  (编译源文件“Engine/Engine.cpp”)
  
D:\Pitaya\thirdparty\glm\detail\setup.hpp(43,10): warning C4464: 相对包含路径包括 ".."
  (编译源文件“Engine/Engine.cpp”)
  
D:\Pitaya\thirdparty\glm\ext\vector_bool2.hpp(5,10): warning C4464: 相对包含路径包括 ".."
  (编译源文件“Engine/Engine.cpp”)
  
D:\Pitaya\thirdparty\glm\ext\vector_bool2_precision.hpp(5,10): warning C4464: 相对包含路径包括 ".."
  (编译源文件“Engine/Engine.cpp”)
  
D:\Pitaya\thirdparty\glm\ext\vector_float2.hpp(5,10): warning C4464: 相对包含路径包括 ".."
  (编译源文件“Engine/Engine.cpp”)
  
D:\Pitaya\thirdparty\glm\ext\vector_float2_precision.hpp(5,10): warning C4464: 相对包含路径包括 ".."
  (编译源文件“Engine/Engine.cpp”)
  
D:\Pitaya\thirdparty\glm\ext\vector_double2.hpp(5,10): warning C4464: 相对包含路径包括 ".."
  (编译源文件“Engine/Engine.cpp”)
  
D:\Pitaya\thirdparty\glm\ext\vector_double2_precision.hpp(5,10): warning C4464: 相对包含路径包括 ".."
  (编译源文件“Engine/Engine.cpp”)
  
D:\Pitaya\thirdparty\glm\ext\vector_int2.hpp(5,10): warning C4464: 相对包含路径包括 ".."
  (编译源文件“Engine/Engine.cpp”)
  
D:\Pitaya\thirdparty\glm\ext\vector_int2_sized.hpp(16,10): warning C4464: 相对包含路径包括 ".."
  (编译源文件“Engine/Engine.cpp”)
  
D:\Pitaya\thirdparty\glm\ext\vector_int2_sized.hpp(17,10): warning C4464: 相对包含路径包括 ".."
  (编译源文件“Engine/Engine.cpp”)
  
D:\Pitaya\thirdparty\glm\ext\scalar_int_sized.hpp(15,10): warning C4464: 相对包含路径包括 ".."
  (编译源文件“Engine/Engine.cpp”)
  
D:\Pitaya\thirdparty\glm\ext\vector_uint2.hpp(5,10): warning C4464: 相对包含路径包括 ".."
  (编译源文件“Engine/Engine.cpp”)
  
D:\Pitaya\thirdparty\glm\ext\vector_uint2_sized.hpp(16,10): warning C4464: 相对包含路径包括 ".."
  (编译源文件“Engine/Engine.cpp”)
  
D:\Pitaya\thirdparty\glm\ext\vector_uint2_sized.hpp(17,10): warning C4464: 相对包含路径包括 ".."
  (编译源文件“Engine/Engine.cpp”)
  
D:\Pitaya\thirdparty\glm\ext\scalar_uint_sized.hpp(15,10): warning C4464: 相对包含路径包括 ".."
  (编译源文件“Engine/Engine.cpp”)
  
D:\Pitaya\thirdparty\glm\ext\vector_bool3.hpp(5,10): warning C4464: 相对包含路径包括 ".."
  (编译源文件“Engine/Engine.cpp”)
  
D:\Pitaya\thirdparty\glm\ext\vector_bool3_precision.hpp(5,10): warning C4464: 相对包含路径包括 ".."
  (编译源文件“Engine/Engine.cpp”)
  
D:\Pitaya\thirdparty\glm\ext\vector_float3.hpp(5,10): warning C4464: 相对包含路径包括 ".."
  (编译源文件“Engine/Engine.cpp”)
  
D:\Pitaya\thirdparty\glm\ext\vector_float3_precision.hpp(5,10): warning C4464: 相对包含路径包括 ".."
  (编译源文件“Engine/Engine.cpp”)
  
D:\Pitaya\thirdparty\glm\ext\vector_double3.hpp(5,10): warning C4464: 相对包含路径包括 ".."
  (编译源文件“Engine/Engine.cpp”)
  
D:\Pitaya\thirdparty\glm\ext\vector_double3_precision.hpp(5,10): warning C4464: 相对包含路径包括 ".."
  (编译源文件“Engine/Engine.cpp”)
  
D:\Pitaya\thirdparty\glm\ext\vector_int3.hpp(5,10): warning C4464: 相对包含路径包括 ".."
  (编译源文件“Engine/Engine.cpp”)
  
D:\Pitaya\thirdparty\glm\ext\vector_int3_sized.hpp(16,10): warning C4464: 相对包含路径包括 ".."
  (编译源文件“Engine/Engine.cpp”)
  
D:\Pitaya\thirdparty\glm\ext\vector_int3_sized.hpp(17,10): warning C4464: 相对包含路径包括 ".."
  (编译源文件“Engine/Engine.cpp”)
  
D:\Pitaya\thirdparty\glm\ext\vector_uint3.hpp(5,10): warning C4464: 相对包含路径包括 ".."
  (编译源文件“Engine/Engine.cpp”)
  
D:\Pitaya\thirdparty\glm\ext\vector_uint3_sized.hpp(16,10): warning C4464: 相对包含路径包括 ".."
  (编译源文件“Engine/Engine.cpp”)
  
D:\Pitaya\thirdparty\glm\ext\vector_uint3_sized.hpp(17,10): warning C4464: 相对包含路径包括 ".."
  (编译源文件“Engine/Engine.cpp”)
  
D:\Pitaya\thirdparty\glm\ext\vector_bool4.hpp(5,10): warning C4464: 相对包含路径包括 ".."
  (编译源文件“Engine/Engine.cpp”)
  
D:\Pitaya\thirdparty\glm\ext\vector_bool4_precision.hpp(5,10): warning C4464: 相对包含路径包括 ".."
  (编译源文件“Engine/Engine.cpp”)
  
D:\Pitaya\thirdparty\glm\ext\vector_float4.hpp(5,10): warning C4464: 相对包含路径包括 ".."
  (编译源文件“Engine/Engine.cpp”)
  
D:\Pitaya\thirdparty\glm\ext\vector_float4_precision.hpp(5,10): warning C4464: 相对包含路径包括 ".."
  (编译源文件“Engine/Engine.cpp”)
  
D:\Pitaya\thirdparty\glm\ext\vector_double4.hpp(5,10): warning C4464: 相对包含路径包括 ".."
  (编译源文件“Engine/Engine.cpp”)
  
D:\Pitaya\thirdparty\glm\ext\vector_double4_precision.hpp(5,10): warning C4464: 相对包含路径包括 ".."
  (编译源文件“Engine/Engine.cpp”)
  
D:\Pitaya\thirdparty\glm\ext\vector_double4_precision.hpp(6,10): warning C4464: 相对包含路径包括 ".."
  (编译源文件“Engine/Engine.cpp”)
  
D:\Pitaya\thirdparty\glm\ext\vector_int4.hpp(5,10): warning C4464: 相对包含路径包括 ".."
  (编译源文件“Engine/Engine.cpp”)
  
D:\Pitaya\thirdparty\glm\ext\vector_int4_sized.hpp(16,10): warning C4464: 相对包含路径包括 ".."
  (编译源文件“Engine/Engine.cpp”)
  
D:\Pitaya\thirdparty\glm\ext\vector_int4_sized.hpp(17,10): warning C4464: 相对包含路径包括 ".."
  (编译源文件“Engine/Engine.cpp”)
  
D:\Pitaya\thirdparty\glm\ext\vector_uint4.hpp(5,10): warning C4464: 相对包含路径包括 ".."
  (编译源文件“Engine/Engine.cpp”)
  
D:\Pitaya\thirdparty\glm\ext\vector_uint4_sized.hpp(16,10): warning C4464: 相对包含路径包括 ".."
  (编译源文件“Engine/Engine.cpp”)
  
D:\Pitaya\thirdparty\glm\ext\vector_uint4_sized.hpp(17,10): warning C4464: 相对包含路径包括 ".."
  (编译源文件“Engine/Engine.cpp”)
  
D:\Pitaya\thirdparty\glm\ext\matrix_double2x2.hpp(5,10): warning C4464: 相对包含路径包括 ".."
  (编译源文件“Engine/Engine.cpp”)
  
D:\Pitaya\thirdparty\glm\detail\type_mat2x2.inl(1,10): warning C4464: 相对包含路径包括 ".."
  (编译源文件“Engine/Engine.cpp”)
  
D:\Pitaya\thirdparty\glm\ext\matrix_double2x3.hpp(5,10): warning C4464: 相对包含路径包括 ".."
  (编译源文件“Engine/Engine.cpp”)
  
D:\Pitaya\thirdparty\glm\ext\matrix_double2x3_precision.hpp(5,10): warning C4464: 相对包含路径包括 ".."
  (编译源文件“Engine/Engine.cpp”)
  
D:\Pitaya\thirdparty\glm\ext\matrix_float2x3.hpp(5,10): warning C4464: 相对包含路径包括 ".."
  (编译源文件“Engine/Engine.cpp”)
  
D:\Pitaya\thirdparty\glm\ext\matrix_float2x3_precision.hpp(5,10): warning C4464: 相对包含路径包括 ".."
  (编译源文件“Engine/Engine.cpp”)
  
D:\Pitaya\thirdparty\glm\ext\matrix_double2x4.hpp(5,10): warning C4464: 相对包含路径包括 ".."
  (编译源文件“Engine/Engine.cpp”)
  
D:\Pitaya\thirdparty\glm\ext\matrix_double2x4_precision.hpp(5,10): warning C4464: 相对包含路径包括 ".."
  (编译源文件“Engine/Engine.cpp”)
  
D:\Pitaya\thirdparty\glm\ext\matrix_float2x4.hpp(5,10): warning C4464: 相对包含路径包括 ".."
  (编译源文件“Engine/Engine.cpp”)
  
D:\Pitaya\thirdparty\glm\ext\matrix_float2x4_precision.hpp(5,10): warning C4464: 相对包含路径包括 ".."
  (编译源文件“Engine/Engine.cpp”)
  
D:\Pitaya\thirdparty\glm\ext\matrix_double3x2.hpp(5,10): warning C4464: 相对包含路径包括 ".."
  (编译源文件“Engine/Engine.cpp”)
  
D:\Pitaya\thirdparty\glm\ext\matrix_double3x2_precision.hpp(5,10): warning C4464: 相对包含路径包括 ".."
  (编译源文件“Engine/Engine.cpp”)
  
D:\Pitaya\thirdparty\glm\ext\matrix_float3x2.hpp(5,10): warning C4464: 相对包含路径包括 ".."
  (编译源文件“Engine/Engine.cpp”)
  
D:\Pitaya\thirdparty\glm\ext\matrix_float3x2_precision.hpp(5,10): warning C4464: 相对包含路径包括 ".."
  (编译源文件“Engine/Engine.cpp”)
  
D:\Pitaya\thirdparty\glm\ext\matrix_double3x3.hpp(5,10): warning C4464: 相对包含路径包括 ".."
  (编译源文件“Engine/Engine.cpp”)
  
D:\Pitaya\thirdparty\glm\detail\type_mat3x3.inl(1,10): warning C4464: 相对包含路径包括 ".."
  (编译源文件“Engine/Engine.cpp”)
  
D:\Pitaya\thirdparty\glm\ext\matrix_double3x3_precision.hpp(5,10): warning C4464: 相对包含路径包括 ".."
  (编译源文件“Engine/Engine.cpp”)
  
D:\Pitaya\thirdparty\glm\ext\matrix_float3x3.hpp(5,10): warning C4464: 相对包含路径包括 ".."
  (编译源文件“Engine/Engine.cpp”)
  
D:\Pitaya\thirdparty\glm\ext\matrix_float3x3_precision.hpp(5,10): warning C4464: 相对包含路径包括 ".."
  (编译源文件“Engine/Engine.cpp”)
  
D:\Pitaya\thirdparty\glm\ext\matrix_double3x4.hpp(5,10): warning C4464: 相对包含路径包括 ".."
  (编译源文件“Engine/Engine.cpp”)
  
D:\Pitaya\thirdparty\glm\ext\matrix_double3x4_precision.hpp(5,10): warning C4464: 相对包含路径包括 ".."
  (编译源文件“Engine/Engine.cpp”)
  
D:\Pitaya\thirdparty\glm\ext\matrix_float3x4.hpp(5,10): warning C4464: 相对包含路径包括 ".."
  (编译源文件“Engine/Engine.cpp”)
  
D:\Pitaya\thirdparty\glm\ext\matrix_float3x4_precision.hpp(5,10): warning C4464: 相对包含路径包括 ".."
  (编译源文件“Engine/Engine.cpp”)
  
D:\Pitaya\thirdparty\glm\ext\matrix_double4x2.hpp(5,10): warning C4464: 相对包含路径包括 ".."
  (编译源文件“Engine/Engine.cpp”)
  
D:\Pitaya\thirdparty\glm\ext\matrix_double4x2_precision.hpp(5,10): warning C4464: 相对包含路径包括 ".."
  (编译源文件“Engine/Engine.cpp”)
  
D:\Pitaya\thirdparty\glm\ext\matrix_float4x2.hpp(5,10): warning C4464: 相对包含路径包括 ".."
  (编译源文件“Engine/Engine.cpp”)
  
D:\Pitaya\thirdparty\glm\ext\matrix_float4x2_precision.hpp(5,10): warning C4464: 相对包含路径包括 ".."
  (编译源文件“Engine/Engine.cpp”)
  
D:\Pitaya\thirdparty\glm\ext\matrix_double4x3.hpp(5,10): warning C4464: 相对包含路径包括 ".."
  (编译源文件“Engine/Engine.cpp”)
  
D:\Pitaya\thirdparty\glm\ext\matrix_double4x3_precision.hpp(5,10): warning C4464: 相对包含路径包括 ".."
  (编译源文件“Engine/Engine.cpp”)
  
D:\Pitaya\thirdparty\glm\ext\matrix_float4x3.hpp(5,10): warning C4464: 相对包含路径包括 ".."
  (编译源文件“Engine/Engine.cpp”)
  
D:\Pitaya\thirdparty\glm\ext\matrix_float4x3_precision.hpp(5,10): warning C4464: 相对包含路径包括 ".."
  (编译源文件“Engine/Engine.cpp”)
  
D:\Pitaya\thirdparty\glm\ext\matrix_double4x4.hpp(5,10): warning C4464: 相对包含路径包括 ".."
  (编译源文件“Engine/Engine.cpp”)
  
D:\Pitaya\thirdparty\glm\detail\type_mat4x4.inl(1,10): warning C4464: 相对包含路径包括 ".."
  (编译源文件“Engine/Engine.cpp”)
  
D:\Pitaya\thirdparty\glm\ext\matrix_double4x4_precision.hpp(5,10): warning C4464: 相对包含路径包括 ".."
  (编译源文件“Engine/Engine.cpp”)
  
D:\Pitaya\thirdparty\glm\ext\matrix_float4x4.hpp(5,10): warning C4464: 相对包含路径包括 ".."
  (编译源文件“Engine/Engine.cpp”)
  
D:\Pitaya\thirdparty\glm\ext\matrix_float4x4_precision.hpp(5,10): warning C4464: 相对包含路径包括 ".."
  (编译源文件“Engine/Engine.cpp”)
  
D:\Pitaya\thirdparty\glm\detail\func_matrix.inl(1,10): warning C4464: 相对包含路径包括 ".."
  (编译源文件“Engine/Engine.cpp”)
  
D:\Pitaya\thirdparty\glm\detail\func_geometric.inl(1,10): warning C4464: 相对包含路径包括 ".."
  (编译源文件“Engine/Engine.cpp”)
  
D:\Pitaya\thirdparty\glm\detail\func_exponential.inl(4,10): warning C4464: 相对包含路径包括 ".."
  (编译源文件“Engine/Engine.cpp”)
  
D:\Pitaya\thirdparty\glm\detail\func_geometric.inl(2,10): warning C4464: 相对包含路径包括 ".."
  (编译源文件“Engine/Engine.cpp”)
  
D:\Pitaya\thirdparty\glm\detail\func_common.inl(4,10): warning C4464: 相对包含路径包括 ".."
  (编译源文件“Engine/Engine.cpp”)
  
D:\Pitaya\thirdparty\glm\ext\matrix_double2x2_precision.hpp(5,10): warning C4464: 相对包含路径包括 ".."
  (编译源文件“Engine/Engine.cpp”)
  
D:\Pitaya\thirdparty\glm\ext\matrix_float2x2.hpp(5,10): warning C4464: 相对包含路径包括 ".."
  (编译源文件“Engine/Engine.cpp”)
  
D:\Pitaya\thirdparty\glm\ext\matrix_float2x2_precision.hpp(5,10): warning C4464: 相对包含路径包括 ".."
  (编译源文件“Engine/Engine.cpp”)
  
D:\Pitaya\thirdparty\glm\detail\func_packing.inl(4,10): warning C4464: 相对包含路径包括 ".."
  (编译源文件“Engine/Engine.cpp”)
  
D:\Pitaya\Engine\Renderer\Runtime\Layout\BufferElement.h(38,24): warning C4820: "Pitaya::Engine::Renderer::BufferElement": 数据成员 "Pitaya::Engine::Renderer::BufferElement::Type" 后添加了 "3" 字节填充
  (编译源文件“Engine/Engine.cpp”)
  
D:\Pitaya\Engine\Renderer\Runtime\Layout\BufferElement.h(42,14): warning C4820: "Pitaya::Engine::Renderer::BufferElement": 数据成员 "Pitaya::Engine::Renderer::BufferElement::Instanced" 后添加了 "2" 字节填充
  (编译源文件“Engine/Engine.cpp”)
  
D:\Pitaya\Engine\Renderer\Runtime\Layout\BufferLayout.h(44,18): warning C4820: "Pitaya::Engine::Renderer::BufferLayout": 数据成员 "Pitaya::Engine::Renderer::BufferLayout::stride" 后添加了 "4" 字节填充
  (编译源文件“Engine/Engine.cpp”)
  
D:\Pitaya\Engine\Renderer\Runtime\Layout\BufferLayout.h(36,34): warning C4267: “=”: 从“size_t”转换到“uint32_t”，可能丢失数据
  (编译源文件“Engine/Engine.cpp”)
  
D:\Pitaya\Engine\Engine\Interface\Renderer.h(48,55): warning C4458: “window”的声明隐藏了类成员
  (编译源文件“Engine/Engine.cpp”)
      D:\Pitaya\Engine\Engine\Interface\Renderer.h(54,38):
      参见“Pitaya::Engine::Interface::Renderer::window”的声明
  
D:\Pitaya\Engine\Renderer\Runtime\Command\BeginPassCommand.h(15,8): warning C4820: "Pitaya::Engine::Renderer::BeginPassCommand": 数据成员 "Pitaya::Engine::Renderer::BeginPassCommand::ClearStencil" 后添加了 "2" 字节填充
  (编译源文件“Engine/Engine.cpp”)
  
D:\Pitaya\Engine\Renderer\Runtime\Command\DrawCommand.h(68,14): warning C4820: "Pitaya::Engine::Renderer::DrawCommand": 数据成员 "Pitaya::Engine::Renderer::DrawCommand::Wireframe" 后添加了 "5" 字节填充
  (编译源文件“Engine/Engine.cpp”)
  
D:\Pitaya\thirdparty\GLFW\include\GLFW\glfw3.h(2073,18): warning C4820: "GLFWgammaramp": 数据成员 "GLFWgammaramp::size" 后添加了 "4" 字节填充
  (编译源文件“Engine/Engine.cpp”)
  
D:\Pitaya\thirdparty\GLFW\include\GLFW\glfw3.h(2118,19): warning C4820: "GLFWgamepadstate": 数据成员 "GLFWgamepadstate::buttons" 后添加了 "1" 字节填充
  (编译源文件“Engine/Engine.cpp”)
  
D:\Pitaya\Engine\Renderer\Backend\OpenGL\OpenGLRenderer.h(158,22): warning C4820: "Pitaya::Engine::Renderer::OpenGLRenderer::CommandHeader": 数据成员 "Pitaya::Engine::Renderer::OpenGLRenderer::CommandHeader::type" 后添加了 "3" 字节填充
  (编译源文件“Engine/Engine.cpp”)
  
D:\Pitaya\Engine\Renderer\Backend\OpenGL\OpenGLRenderer.h(198,21): warning C4820: "Pitaya::Engine::Renderer::OpenGLRenderer": 数据成员 "Pitaya::Engine::Renderer::OpenGLRenderer::isRunning" 后添加了 "7" 字节填充
  (编译源文件“Engine/Engine.cpp”)
  
D:\Pitaya\Engine\Renderer\Backend\OpenGL\OpenGLRenderer.h(201,39): warning C4820: "Pitaya::Engine::Renderer::OpenGLRenderer": 数据成员 "Pitaya::Engine::Renderer::OpenGLRenderer::renderThreadToken" 后添加了 "4" 字节填充
  (编译源文件“Engine/Engine.cpp”)
  
D:\Pitaya\Engine\Renderer\Backend\OpenGL\OpenGLRenderer.h(133,12): warning C4244: “参数”: 从“uint64_t”转换到“GLbitfield”，可能丢失数据
  (编译源文件“Engine/Engine.cpp”)
  
D:\Pitaya\Engine\Renderer\Backend\OpenGL\OpenGLRenderer.h(135,52): warning C4100: 'command': 未引用的参数
  (编译源文件“Engine/Engine.cpp”)
  
D:\Pitaya\Engine\Renderer\Backend\OpenGL\OpenGLRenderer.h(139,49): warning C4100: 'command': 未引用的参数
  (编译源文件“Engine/Engine.cpp”)
  
D:\Pitaya\Engine\Renderer\Backend\OpenGL\OpenGLRenderer.h(143,55): warning C4100: 'command': 未引用的参数
  (编译源文件“Engine/Engine.cpp”)
  
D:\Pitaya\Engine\Renderer\Backend\OpenGL\OpenGLRenderer.h(147,54): warning C4100: 'command': 未引用的参数
  (编译源文件“Engine/Engine.cpp”)
  
D:\Pitaya\Engine\Engine\API\Event\Event.h(37,9): warning C4820: "Pitaya::Engine::Event::Args::Window::DropFileEventArgs": 数据成员 "Pitaya::Engine::Event::Args::Window::DropFileEventArgs::count" 后添加了 "4" 字节填充
  (编译源文件“Engine/Engine.cpp”)
  
D:\Pitaya\Engine\Engine\API\Event\Event.h(67,36): warning C4820: "Pitaya::Engine::Event::Args::Input::KeyEventArgs": 数据成员 "Pitaya::Engine::Event::Args::Input::KeyEventArgs::keycode" 后添加了 "3" 字节填充
  (编译源文件“Engine/Engine.cpp”)
  
D:\Pitaya\Engine\Engine\API\Event\Event.h(77,36): warning C4820: "Pitaya::Engine::Event::Args::Input::MouseButtonEventArgs": 数据成员 "Pitaya::Engine::Event::Args::Input::MouseButtonEventArgs::button" 后添加了 "3" 字节填充
  (编译源文件“Engine/Engine.cpp”)
  
D:\Pitaya\Engine\Engine\API\Event\Event.h(79,9): warning C4820: "Pitaya::Engine::Event::Args::Input::MouseButtonEventArgs": 数据成员 "Pitaya::Engine::Event::Args::Input::MouseButtonEventArgs::mods" 后添加了 "4" 字节填充
  (编译源文件“Engine/Engine.cpp”)
  
D:\Pitaya\Engine\Engine\API\Event\Event.h(97,13): warning C4820: "Pitaya::Engine::Event::EventToken": 数据成员 "Pitaya::Engine::Event::EventToken::type" 后添加了 "7" 字节填充
  (编译源文件“Engine/Engine.cpp”)
  
D:\Pitaya\Engine\Engine\API\Event\Event.h(105,42): warning C4820: "Pitaya::Engine::Event::Event": 数据成员 "Pitaya::Engine::Event::Event::type" 后添加了 "7" 字节填充
  (编译源文件“Engine/Engine.cpp”)
  
D:\Pitaya\Engine\Engine\API\Event\Event.h(99,9): warning C4626: “Pitaya::Engine::Event::Event”: 已将赋值运算符隐式定义为“已删除”
  (编译源文件“Engine/Engine.cpp”)
  
D:\Pitaya\Engine\Engine\API\Event\Event.h(99,9): warning C5027: “Pitaya::Engine::Event::Event”: 已将移动赋值运算符隐式定义为“已删除”
  (编译源文件“Engine/Engine.cpp”)
  
D:\Pitaya\Engine\Engine\Internal\Time\Time.h(83,9): warning C4820: "Pitaya::Engine::Internal::Time": 数据成员 "Pitaya::Engine::Internal::Time::targetFrameTime" 后添加了 "4" 字节填充
  (编译源文件“Engine/Engine.cpp”)
  
D:\Pitaya\Engine\Engine\Internal\Log\Log.h(38,34): warning C4820: "Pitaya::Engine::Internal::Log::LogMessage": 数据成员 "Pitaya::Engine::Internal::Log::LogMessage::level" 后添加了 "7" 字节填充
  (编译源文件“Engine/Engine.cpp”)
  
D:\Pitaya\Engine\Engine\Internal\Log\Log.h(83,21): warning C4820: "Pitaya::Engine::Internal::Log": 数据成员 "Pitaya::Engine::Internal::Log::isRunning" 后添加了 "3" 字节填充
  (编译源文件“Engine/Engine.cpp”)
  
D:\Pitaya\Engine\Engine\Engine.cpp(147,2): warning C4061: 枚举 "Pitaya::Engine::Window::Platform" 的开关中的枚举器 "Pitaya::Engine::Window::Platform::Unknown" 未由事例标签显式处理
      D:\Pitaya\Core\Enum\Enum.h(120,13):
      参见“Pitaya::Engine::Window::Platform”的声明
  
D:\Pitaya\Engine\Engine\Engine.cpp(158,2): warning C4061: 枚举 "Pitaya::Engine::Renderer::API" 的开关中的枚举器 "Pitaya::Engine::Renderer::API::Unknown" 未由事例标签显式处理
      D:\Pitaya\Core\Enum\Enum.h(130,13):
      参见“Pitaya::Engine::Renderer::API”的声明
  
D:\Pitaya\Engine\Engine\Engine.cpp(169,2): warning C4061: 枚举 "Pitaya::Engine::Physics::API" 的开关中的枚举器 "Pitaya::Engine::Physics::API::Unknown" 未由事例标签显式处理
      D:\Pitaya\Core\Enum\Enum.h(173,13):
      参见“Pitaya::Engine::Physics::API”的声明
  
D:\Pitaya\thirdparty\yaml\include\yaml-cpp\node\impl.h(108,8): warning C4626: “YAML::as_if<std::string,std::string>”: 已将赋值运算符隐式定义为“已删除”
  (编译源文件“Engine/Engine.cpp”)
      D:\Pitaya\thirdparty\yaml\include\yaml-cpp\node\impl.h(108,8):
      模板实例化上下文(最早的实例化上下文)为
          D:\Pitaya\Engine\Engine\Config\Config.h(52,19):
          查看对正在编译的函数 模板 实例化“T YAML::Node::as<std::string,std::string>(const S &) const”的引用
          with
          [
              T=std::string,
              S=std::string
          ]
          D:\Pitaya\thirdparty\yaml\include\yaml-cpp\node\impl.h(163,21):
          查看对正在编译的 类 模板 实例化“YAML::as_if<std::string,std::string>”的引用
  
D:\Pitaya\thirdparty\yaml\include\yaml-cpp\node\impl.h(108,8): warning C5027: “YAML::as_if<std::string,std::string>”: 已将移动赋值运算符隐式定义为“已删除”
  (编译源文件“Engine/Engine.cpp”)
  
D:\Pitaya\thirdparty\yaml\include\yaml-cpp\node\impl.h(92,8): warning C4626: “YAML::as_if<size_t,size_t>”: 已将赋值运算符隐式定义为“已删除”
  (编译源文件“Engine/Engine.cpp”)
      D:\Pitaya\thirdparty\yaml\include\yaml-cpp\node\impl.h(92,8):
      模板实例化上下文(最早的实例化上下文)为
          D:\Pitaya\Engine\Engine\Config\Config.h(65,39):
          查看对正在编译的函数 模板 实例化“T YAML::Node::as<size_t,size_t>(const S &) const”的引用
          with
          [
              T=size_t,
              S=size_t
          ]
          D:\Pitaya\thirdparty\yaml\include\yaml-cpp\node\impl.h(163,21):
          查看对正在编译的 类 模板 实例化“YAML::as_if<size_t,size_t>”的引用
  
D:\Pitaya\thirdparty\yaml\include\yaml-cpp\node\impl.h(92,8): warning C5027: “YAML::as_if<size_t,size_t>”: 已将移动赋值运算符隐式定义为“已删除”
  (编译源文件“Engine/Engine.cpp”)
  
D:\Pitaya\thirdparty\yaml\include\yaml-cpp\node\impl.h(108,8): warning C4626: “YAML::as_if<std::string,char [7]>”: 已将赋值运算符隐式定义为“已删除”
  (编译源文件“Engine/Engine.cpp”)
      D:\Pitaya\thirdparty\yaml\include\yaml-cpp\node\impl.h(108,8):
      模板实例化上下文(最早的实例化上下文)为
          D:\Pitaya\Engine\Engine\Config\Config.h(69,30):
          查看对正在编译的函数 模板 实例化“T YAML::Node::as<std::string,char[7]>(const S (&)) const”的引用
          with
          [
              T=std::string,
              S=char [7]
          ]
          D:\Pitaya\thirdparty\yaml\include\yaml-cpp\node\impl.h(163,21):
          查看对正在编译的 类 模板 实例化“YAML::as_if<std::string,char [7]>”的引用
  
D:\Pitaya\thirdparty\yaml\include\yaml-cpp\node\impl.h(108,8): warning C5027: “YAML::as_if<std::string,char [7]>”: 已将移动赋值运算符隐式定义为“已删除”
  (编译源文件“Engine/Engine.cpp”)
  
D:\Pitaya\thirdparty\yaml\include\yaml-cpp\node\impl.h(92,8): warning C4626: “YAML::as_if<int,int>”: 已将赋值运算符隐式定义为“已删除”
  (编译源文件“Engine/Engine.cpp”)
      D:\Pitaya\thirdparty\yaml\include\yaml-cpp\node\impl.h(92,8):
      模板实例化上下文(最早的实例化上下文)为
          D:\Pitaya\Engine\Engine\Config\Config.h(103,26):
          查看对正在编译的函数 模板 实例化“T YAML::Node::as<int,int>(const S &) const”的引用
          with
          [
              T=int,
              S=int
          ]
          D:\Pitaya\thirdparty\yaml\include\yaml-cpp\node\impl.h(163,21):
          查看对正在编译的 类 模板 实例化“YAML::as_if<int,int>”的引用
  
D:\Pitaya\thirdparty\yaml\include\yaml-cpp\node\impl.h(92,8): warning C5027: “YAML::as_if<int,int>”: 已将移动赋值运算符隐式定义为“已删除”
  (编译源文件“Engine/Engine.cpp”)
  
D:\Pitaya\thirdparty\yaml\include\yaml-cpp\node\impl.h(108,8): warning C4626: “YAML::as_if<std::string,char [9]>”: 已将赋值运算符隐式定义为“已删除”
  (编译源文件“Engine/Engine.cpp”)
      D:\Pitaya\thirdparty\yaml\include\yaml-cpp\node\impl.h(108,8):
      模板实例化上下文(最早的实例化上下文)为
          D:\Pitaya\Engine\Engine\Config\Config.h(111,30):
          查看对正在编译的函数 模板 实例化“T YAML::Node::as<std::string,char[9]>(const S (&)) const”的引用
          with
          [
              T=std::string,
              S=char [9]
          ]
          D:\Pitaya\thirdparty\yaml\include\yaml-cpp\node\impl.h(163,21):
          查看对正在编译的 类 模板 实例化“YAML::as_if<std::string,char [9]>”的引用
  
D:\Pitaya\thirdparty\yaml\include\yaml-cpp\node\impl.h(108,8): warning C5027: “YAML::as_if<std::string,char [9]>”: 已将移动赋值运算符隐式定义为“已删除”
  (编译源文件“Engine/Engine.cpp”)
  
D:\Pitaya\Core\Console\Console.h(23,17): warning C4710: “void Pitaya::Core::Console::Print(Pitaya::Core::Color,const char *,...)”: 函数未内联
  (编译源文件“Engine/Engine.cpp”)
      D:\Pitaya\Core\Console\Console.h(23,17):
      参见“Pitaya::Core::Console::Print”的声明
  
  OpenGLRenderer.cpp
D:\Pitaya\Engine\Engine\Interface\Window.h(42,83): warning C4365: “参数”: 从“int”转换到“const unsigned __int64”，有符号/无符号不匹配
  (编译源文件“Renderer/Backend/OpenGL/OpenGLRenderer.cpp”)
  
D:\Pitaya\thirdparty\glm\detail\setup.hpp(43,10): warning C4464: 相对包含路径包括 ".."
  (编译源文件“Renderer/Backend/OpenGL/OpenGLRenderer.cpp”)
  
D:\Pitaya\thirdparty\glm\ext\vector_bool2.hpp(5,10): warning C4464: 相对包含路径包括 ".."
  (编译源文件“Renderer/Backend/OpenGL/OpenGLRenderer.cpp”)
  
D:\Pitaya\thirdparty\glm\ext\vector_bool2_precision.hpp(5,10): warning C4464: 相对包含路径包括 ".."
  (编译源文件“Renderer/Backend/OpenGL/OpenGLRenderer.cpp”)
  
D:\Pitaya\thirdparty\glm\ext\vector_float2.hpp(5,10): warning C4464: 相对包含路径包括 ".."
  (编译源文件“Renderer/Backend/OpenGL/OpenGLRenderer.cpp”)
  
D:\Pitaya\thirdparty\glm\ext\vector_float2_precision.hpp(5,10): warning C4464: 相对包含路径包括 ".."
  (编译源文件“Renderer/Backend/OpenGL/OpenGLRenderer.cpp”)
  
D:\Pitaya\thirdparty\glm\ext\vector_double2.hpp(5,10): warning C4464: 相对包含路径包括 ".."
  (编译源文件“Renderer/Backend/OpenGL/OpenGLRenderer.cpp”)
  
D:\Pitaya\thirdparty\glm\ext\vector_double2_precision.hpp(5,10): warning C4464: 相对包含路径包括 ".."
  (编译源文件“Renderer/Backend/OpenGL/OpenGLRenderer.cpp”)
  
D:\Pitaya\thirdparty\glm\ext\vector_int2.hpp(5,10): warning C4464: 相对包含路径包括 ".."
  (编译源文件“Renderer/Backend/OpenGL/OpenGLRenderer.cpp”)
  
D:\Pitaya\thirdparty\glm\ext\vector_int2_sized.hpp(16,10): warning C4464: 相对包含路径包括 ".."
  (编译源文件“Renderer/Backend/OpenGL/OpenGLRenderer.cpp”)
  
D:\Pitaya\thirdparty\glm\ext\vector_int2_sized.hpp(17,10): warning C4464: 相对包含路径包括 ".."
  (编译源文件“Renderer/Backend/OpenGL/OpenGLRenderer.cpp”)
  
D:\Pitaya\thirdparty\glm\ext\scalar_int_sized.hpp(15,10): warning C4464: 相对包含路径包括 ".."
  (编译源文件“Renderer/Backend/OpenGL/OpenGLRenderer.cpp”)
  
D:\Pitaya\thirdparty\glm\ext\vector_uint2.hpp(5,10): warning C4464: 相对包含路径包括 ".."
  (编译源文件“Renderer/Backend/OpenGL/OpenGLRenderer.cpp”)
  
D:\Pitaya\thirdparty\glm\ext\vector_uint2_sized.hpp(16,10): warning C4464: 相对包含路径包括 ".."
  (编译源文件“Renderer/Backend/OpenGL/OpenGLRenderer.cpp”)
  
D:\Pitaya\thirdparty\glm\ext\vector_uint2_sized.hpp(17,10): warning C4464: 相对包含路径包括 ".."
  (编译源文件“Renderer/Backend/OpenGL/OpenGLRenderer.cpp”)
  
D:\Pitaya\thirdparty\glm\ext\scalar_uint_sized.hpp(15,10): warning C4464: 相对包含路径包括 ".."
  (编译源文件“Renderer/Backend/OpenGL/OpenGLRenderer.cpp”)
  
D:\Pitaya\thirdparty\glm\ext\vector_bool3.hpp(5,10): warning C4464: 相对包含路径包括 ".."
  (编译源文件“Renderer/Backend/OpenGL/OpenGLRenderer.cpp”)
  
D:\Pitaya\thirdparty\glm\ext\vector_bool3_precision.hpp(5,10): warning C4464: 相对包含路径包括 ".."
  (编译源文件“Renderer/Backend/OpenGL/OpenGLRenderer.cpp”)
  
D:\Pitaya\thirdparty\glm\ext\vector_float3.hpp(5,10): warning C4464: 相对包含路径包括 ".."
  (编译源文件“Renderer/Backend/OpenGL/OpenGLRenderer.cpp”)
  
D:\Pitaya\thirdparty\glm\ext\vector_float3_precision.hpp(5,10): warning C4464: 相对包含路径包括 ".."
  (编译源文件“Renderer/Backend/OpenGL/OpenGLRenderer.cpp”)
  
D:\Pitaya\thirdparty\glm\ext\vector_double3.hpp(5,10): warning C4464: 相对包含路径包括 ".."
  (编译源文件“Renderer/Backend/OpenGL/OpenGLRenderer.cpp”)
  
D:\Pitaya\thirdparty\glm\ext\vector_double3_precision.hpp(5,10): warning C4464: 相对包含路径包括 ".."
  (编译源文件“Renderer/Backend/OpenGL/OpenGLRenderer.cpp”)
  
D:\Pitaya\thirdparty\glm\ext\vector_int3.hpp(5,10): warning C4464: 相对包含路径包括 ".."
  (编译源文件“Renderer/Backend/OpenGL/OpenGLRenderer.cpp”)
  
D:\Pitaya\thirdparty\glm\ext\vector_int3_sized.hpp(16,10): warning C4464: 相对包含路径包括 ".."
  (编译源文件“Renderer/Backend/OpenGL/OpenGLRenderer.cpp”)
  
D:\Pitaya\thirdparty\glm\ext\vector_int3_sized.hpp(17,10): warning C4464: 相对包含路径包括 ".."
  (编译源文件“Renderer/Backend/OpenGL/OpenGLRenderer.cpp”)
  
D:\Pitaya\thirdparty\glm\ext\vector_uint3.hpp(5,10): warning C4464: 相对包含路径包括 ".."
  (编译源文件“Renderer/Backend/OpenGL/OpenGLRenderer.cpp”)
  
D:\Pitaya\thirdparty\glm\ext\vector_uint3_sized.hpp(16,10): warning C4464: 相对包含路径包括 ".."
  (编译源文件“Renderer/Backend/OpenGL/OpenGLRenderer.cpp”)
  
D:\Pitaya\thirdparty\glm\ext\vector_uint3_sized.hpp(17,10): warning C4464: 相对包含路径包括 ".."
  (编译源文件“Renderer/Backend/OpenGL/OpenGLRenderer.cpp”)
  
D:\Pitaya\thirdparty\glm\ext\vector_bool4.hpp(5,10): warning C4464: 相对包含路径包括 ".."
  (编译源文件“Renderer/Backend/OpenGL/OpenGLRenderer.cpp”)
  
D:\Pitaya\thirdparty\glm\ext\vector_bool4_precision.hpp(5,10): warning C4464: 相对包含路径包括 ".."
  (编译源文件“Renderer/Backend/OpenGL/OpenGLRenderer.cpp”)
  
D:\Pitaya\thirdparty\glm\ext\vector_float4.hpp(5,10): warning C4464: 相对包含路径包括 ".."
  (编译源文件“Renderer/Backend/OpenGL/OpenGLRenderer.cpp”)
  
D:\Pitaya\thirdparty\glm\ext\vector_float4_precision.hpp(5,10): warning C4464: 相对包含路径包括 ".."
  (编译源文件“Renderer/Backend/OpenGL/OpenGLRenderer.cpp”)
  
D:\Pitaya\thirdparty\glm\ext\vector_double4.hpp(5,10): warning C4464: 相对包含路径包括 ".."
  (编译源文件“Renderer/Backend/OpenGL/OpenGLRenderer.cpp”)
  
D:\Pitaya\thirdparty\glm\ext\vector_double4_precision.hpp(5,10): warning C4464: 相对包含路径包括 ".."
  (编译源文件“Renderer/Backend/OpenGL/OpenGLRenderer.cpp”)
  
D:\Pitaya\thirdparty\glm\ext\vector_double4_precision.hpp(6,10): warning C4464: 相对包含路径包括 ".."
  (编译源文件“Renderer/Backend/OpenGL/OpenGLRenderer.cpp”)
  
D:\Pitaya\thirdparty\glm\ext\vector_int4.hpp(5,10): warning C4464: 相对包含路径包括 ".."
  (编译源文件“Renderer/Backend/OpenGL/OpenGLRenderer.cpp”)
  
D:\Pitaya\thirdparty\glm\ext\vector_int4_sized.hpp(16,10): warning C4464: 相对包含路径包括 ".."
  (编译源文件“Renderer/Backend/OpenGL/OpenGLRenderer.cpp”)
  
D:\Pitaya\thirdparty\glm\ext\vector_int4_sized.hpp(17,10): warning C4464: 相对包含路径包括 ".."
  (编译源文件“Renderer/Backend/OpenGL/OpenGLRenderer.cpp”)
  
D:\Pitaya\thirdparty\glm\ext\vector_uint4.hpp(5,10): warning C4464: 相对包含路径包括 ".."
  (编译源文件“Renderer/Backend/OpenGL/OpenGLRenderer.cpp”)
  
D:\Pitaya\thirdparty\glm\ext\vector_uint4_sized.hpp(16,10): warning C4464: 相对包含路径包括 ".."
  (编译源文件“Renderer/Backend/OpenGL/OpenGLRenderer.cpp”)
  
D:\Pitaya\thirdparty\glm\ext\vector_uint4_sized.hpp(17,10): warning C4464: 相对包含路径包括 ".."
  (编译源文件“Renderer/Backend/OpenGL/OpenGLRenderer.cpp”)
  
D:\Pitaya\thirdparty\glm\ext\matrix_double2x2.hpp(5,10): warning C4464: 相对包含路径包括 ".."
  (编译源文件“Renderer/Backend/OpenGL/OpenGLRenderer.cpp”)
  
D:\Pitaya\thirdparty\glm\detail\type_mat2x2.inl(1,10): warning C4464: 相对包含路径包括 ".."
  (编译源文件“Renderer/Backend/OpenGL/OpenGLRenderer.cpp”)
  
D:\Pitaya\thirdparty\glm\ext\matrix_double2x3.hpp(5,10): warning C4464: 相对包含路径包括 ".."
  (编译源文件“Renderer/Backend/OpenGL/OpenGLRenderer.cpp”)
  
D:\Pitaya\thirdparty\glm\ext\matrix_double2x3_precision.hpp(5,10): warning C4464: 相对包含路径包括 ".."
  (编译源文件“Renderer/Backend/OpenGL/OpenGLRenderer.cpp”)
  
D:\Pitaya\thirdparty\glm\ext\matrix_float2x3.hpp(5,10): warning C4464: 相对包含路径包括 ".."
  (编译源文件“Renderer/Backend/OpenGL/OpenGLRenderer.cpp”)
  
D:\Pitaya\thirdparty\glm\ext\matrix_float2x3_precision.hpp(5,10): warning C4464: 相对包含路径包括 ".."
  (编译源文件“Renderer/Backend/OpenGL/OpenGLRenderer.cpp”)
  
D:\Pitaya\thirdparty\glm\ext\matrix_double2x4.hpp(5,10): warning C4464: 相对包含路径包括 ".."
  (编译源文件“Renderer/Backend/OpenGL/OpenGLRenderer.cpp”)
  
D:\Pitaya\thirdparty\glm\ext\matrix_double2x4_precision.hpp(5,10): warning C4464: 相对包含路径包括 ".."
  (编译源文件“Renderer/Backend/OpenGL/OpenGLRenderer.cpp”)
  
D:\Pitaya\thirdparty\glm\ext\matrix_float2x4.hpp(5,10): warning C4464: 相对包含路径包括 ".."
  (编译源文件“Renderer/Backend/OpenGL/OpenGLRenderer.cpp”)
  
D:\Pitaya\thirdparty\glm\ext\matrix_float2x4_precision.hpp(5,10): warning C4464: 相对包含路径包括 ".."
  (编译源文件“Renderer/Backend/OpenGL/OpenGLRenderer.cpp”)
  
D:\Pitaya\thirdparty\glm\ext\matrix_double3x2.hpp(5,10): warning C4464: 相对包含路径包括 ".."
  (编译源文件“Renderer/Backend/OpenGL/OpenGLRenderer.cpp”)
  
D:\Pitaya\thirdparty\glm\ext\matrix_double3x2_precision.hpp(5,10): warning C4464: 相对包含路径包括 ".."
  (编译源文件“Renderer/Backend/OpenGL/OpenGLRenderer.cpp”)
  
D:\Pitaya\thirdparty\glm\ext\matrix_float3x2.hpp(5,10): warning C4464: 相对包含路径包括 ".."
  (编译源文件“Renderer/Backend/OpenGL/OpenGLRenderer.cpp”)
  
D:\Pitaya\thirdparty\glm\ext\matrix_float3x2_precision.hpp(5,10): warning C4464: 相对包含路径包括 ".."
  (编译源文件“Renderer/Backend/OpenGL/OpenGLRenderer.cpp”)
  
D:\Pitaya\thirdparty\glm\ext\matrix_double3x3.hpp(5,10): warning C4464: 相对包含路径包括 ".."
  (编译源文件“Renderer/Backend/OpenGL/OpenGLRenderer.cpp”)
  
D:\Pitaya\thirdparty\glm\detail\type_mat3x3.inl(1,10): warning C4464: 相对包含路径包括 ".."
  (编译源文件“Renderer/Backend/OpenGL/OpenGLRenderer.cpp”)
  
D:\Pitaya\thirdparty\glm\ext\matrix_double3x3_precision.hpp(5,10): warning C4464: 相对包含路径包括 ".."
  (编译源文件“Renderer/Backend/OpenGL/OpenGLRenderer.cpp”)
  
D:\Pitaya\thirdparty\glm\ext\matrix_float3x3.hpp(5,10): warning C4464: 相对包含路径包括 ".."
  (编译源文件“Renderer/Backend/OpenGL/OpenGLRenderer.cpp”)
  
D:\Pitaya\thirdparty\glm\ext\matrix_float3x3_precision.hpp(5,10): warning C4464: 相对包含路径包括 ".."
  (编译源文件“Renderer/Backend/OpenGL/OpenGLRenderer.cpp”)
  
D:\Pitaya\thirdparty\glm\ext\matrix_double3x4.hpp(5,10): warning C4464: 相对包含路径包括 ".."
  (编译源文件“Renderer/Backend/OpenGL/OpenGLRenderer.cpp”)
  
D:\Pitaya\thirdparty\glm\ext\matrix_double3x4_precision.hpp(5,10): warning C4464: 相对包含路径包括 ".."
  (编译源文件“Renderer/Backend/OpenGL/OpenGLRenderer.cpp”)
  
D:\Pitaya\thirdparty\glm\ext\matrix_float3x4.hpp(5,10): warning C4464: 相对包含路径包括 ".."
  (编译源文件“Renderer/Backend/OpenGL/OpenGLRenderer.cpp”)
  
D:\Pitaya\thirdparty\glm\ext\matrix_float3x4_precision.hpp(5,10): warning C4464: 相对包含路径包括 ".."
  (编译源文件“Renderer/Backend/OpenGL/OpenGLRenderer.cpp”)
  
D:\Pitaya\thirdparty\glm\ext\matrix_double4x2.hpp(5,10): warning C4464: 相对包含路径包括 ".."
  (编译源文件“Renderer/Backend/OpenGL/OpenGLRenderer.cpp”)
  
D:\Pitaya\thirdparty\glm\ext\matrix_double4x2_precision.hpp(5,10): warning C4464: 相对包含路径包括 ".."
  (编译源文件“Renderer/Backend/OpenGL/OpenGLRenderer.cpp”)
  
D:\Pitaya\thirdparty\glm\ext\matrix_float4x2.hpp(5,10): warning C4464: 相对包含路径包括 ".."
  (编译源文件“Renderer/Backend/OpenGL/OpenGLRenderer.cpp”)
  
D:\Pitaya\thirdparty\glm\ext\matrix_float4x2_precision.hpp(5,10): warning C4464: 相对包含路径包括 ".."
  (编译源文件“Renderer/Backend/OpenGL/OpenGLRenderer.cpp”)
  
D:\Pitaya\thirdparty\glm\ext\matrix_double4x3.hpp(5,10): warning C4464: 相对包含路径包括 ".."
  (编译源文件“Renderer/Backend/OpenGL/OpenGLRenderer.cpp”)
  
D:\Pitaya\thirdparty\glm\ext\matrix_double4x3_precision.hpp(5,10): warning C4464: 相对包含路径包括 ".."
  (编译源文件“Renderer/Backend/OpenGL/OpenGLRenderer.cpp”)
  
D:\Pitaya\thirdparty\glm\ext\matrix_float4x3.hpp(5,10): warning C4464: 相对包含路径包括 ".."
  (编译源文件“Renderer/Backend/OpenGL/OpenGLRenderer.cpp”)
  
D:\Pitaya\thirdparty\glm\ext\matrix_float4x3_precision.hpp(5,10): warning C4464: 相对包含路径包括 ".."
  (编译源文件“Renderer/Backend/OpenGL/OpenGLRenderer.cpp”)
  
D:\Pitaya\thirdparty\glm\ext\matrix_double4x4.hpp(5,10): warning C4464: 相对包含路径包括 ".."
  (编译源文件“Renderer/Backend/OpenGL/OpenGLRenderer.cpp”)
  
D:\Pitaya\thirdparty\glm\detail\type_mat4x4.inl(1,10): warning C4464: 相对包含路径包括 ".."
  (编译源文件“Renderer/Backend/OpenGL/OpenGLRenderer.cpp”)
  
D:\Pitaya\thirdparty\glm\ext\matrix_double4x4_precision.hpp(5,10): warning C4464: 相对包含路径包括 ".."
  (编译源文件“Renderer/Backend/OpenGL/OpenGLRenderer.cpp”)
  
D:\Pitaya\thirdparty\glm\ext\matrix_float4x4.hpp(5,10): warning C4464: 相对包含路径包括 ".."
  (编译源文件“Renderer/Backend/OpenGL/OpenGLRenderer.cpp”)
  
D:\Pitaya\thirdparty\glm\ext\matrix_float4x4_precision.hpp(5,10): warning C4464: 相对包含路径包括 ".."
  (编译源文件“Renderer/Backend/OpenGL/OpenGLRenderer.cpp”)
  
D:\Pitaya\thirdparty\glm\detail\func_matrix.inl(1,10): warning C4464: 相对包含路径包括 ".."
  (编译源文件“Renderer/Backend/OpenGL/OpenGLRenderer.cpp”)
  
D:\Pitaya\thirdparty\glm\detail\func_geometric.inl(1,10): warning C4464: 相对包含路径包括 ".."
  (编译源文件“Renderer/Backend/OpenGL/OpenGLRenderer.cpp”)
  
D:\Pitaya\thirdparty\glm\detail\func_exponential.inl(4,10): warning C4464: 相对包含路径包括 ".."
  (编译源文件“Renderer/Backend/OpenGL/OpenGLRenderer.cpp”)
  
D:\Pitaya\thirdparty\glm\detail\func_geometric.inl(2,10): warning C4464: 相对包含路径包括 ".."
  (编译源文件“Renderer/Backend/OpenGL/OpenGLRenderer.cpp”)
  
D:\Pitaya\thirdparty\glm\detail\func_common.inl(4,10): warning C4464: 相对包含路径包括 ".."
  (编译源文件“Renderer/Backend/OpenGL/OpenGLRenderer.cpp”)
  
D:\Pitaya\thirdparty\glm\ext\matrix_double2x2_precision.hpp(5,10): warning C4464: 相对包含路径包括 ".."
  (编译源文件“Renderer/Backend/OpenGL/OpenGLRenderer.cpp”)
  
D:\Pitaya\thirdparty\glm\ext\matrix_float2x2.hpp(5,10): warning C4464: 相对包含路径包括 ".."
  (编译源文件“Renderer/Backend/OpenGL/OpenGLRenderer.cpp”)
  
D:\Pitaya\thirdparty\glm\ext\matrix_float2x2_precision.hpp(5,10): warning C4464: 相对包含路径包括 ".."
  (编译源文件“Renderer/Backend/OpenGL/OpenGLRenderer.cpp”)
  
D:\Pitaya\thirdparty\glm\detail\func_packing.inl(4,10): warning C4464: 相对包含路径包括 ".."
  (编译源文件“Renderer/Backend/OpenGL/OpenGLRenderer.cpp”)
  
D:\Pitaya\Engine\Renderer\Runtime\Layout\BufferElement.h(38,24): warning C4820: "Pitaya::Engine::Renderer::BufferElement": 数据成员 "Pitaya::Engine::Renderer::BufferElement::Type" 后添加了 "3" 字节填充
  (编译源文件“Renderer/Backend/OpenGL/OpenGLRenderer.cpp”)
  
D:\Pitaya\Engine\Renderer\Runtime\Layout\BufferElement.h(42,14): warning C4820: "Pitaya::Engine::Renderer::BufferElement": 数据成员 "Pitaya::Engine::Renderer::BufferElement::Instanced" 后添加了 "2" 字节填充
  (编译源文件“Renderer/Backend/OpenGL/OpenGLRenderer.cpp”)
  
D:\Pitaya\Engine\Renderer\Runtime\Layout\BufferLayout.h(44,18): warning C4820: "Pitaya::Engine::Renderer::BufferLayout": 数据成员 "Pitaya::Engine::Renderer::BufferLayout::stride" 后添加了 "4" 字节填充
  (编译源文件“Renderer/Backend/OpenGL/OpenGLRenderer.cpp”)
  
D:\Pitaya\Engine\Renderer\Runtime\Layout\BufferLayout.h(36,34): warning C4267: “=”: 从“size_t”转换到“uint32_t”，可能丢失数据
  (编译源文件“Renderer/Backend/OpenGL/OpenGLRenderer.cpp”)
  
D:\Pitaya\Engine\Engine\Interface\Renderer.h(48,55): warning C4458: “window”的声明隐藏了类成员
  (编译源文件“Renderer/Backend/OpenGL/OpenGLRenderer.cpp”)
      D:\Pitaya\Engine\Engine\Interface\Renderer.h(54,38):
      参见“Pitaya::Engine::Interface::Renderer::window”的声明
  
D:\Pitaya\Engine\Renderer\Runtime\Command\BeginPassCommand.h(15,8): warning C4820: "Pitaya::Engine::Renderer::BeginPassCommand": 数据成员 "Pitaya::Engine::Renderer::BeginPassCommand::ClearStencil" 后添加了 "2" 字节填充
  (编译源文件“Renderer/Backend/OpenGL/OpenGLRenderer.cpp”)
  
D:\Pitaya\Engine\Renderer\Runtime\Command\DrawCommand.h(68,14): warning C4820: "Pitaya::Engine::Renderer::DrawCommand": 数据成员 "Pitaya::Engine::Renderer::DrawCommand::Wireframe" 后添加了 "5" 字节填充
  (编译源文件“Renderer/Backend/OpenGL/OpenGLRenderer.cpp”)
  
D:\Pitaya\thirdparty\GLFW\include\GLFW\glfw3.h(2073,18): warning C4820: "GLFWgammaramp": 数据成员 "GLFWgammaramp::size" 后添加了 "4" 字节填充
  (编译源文件“Renderer/Backend/OpenGL/OpenGLRenderer.cpp”)
  
D:\Pitaya\thirdparty\GLFW\include\GLFW\glfw3.h(2118,19): warning C4820: "GLFWgamepadstate": 数据成员 "GLFWgamepadstate::buttons" 后添加了 "1" 字节填充
  (编译源文件“Renderer/Backend/OpenGL/OpenGLRenderer.cpp”)
  
D:\Pitaya\Engine\Renderer\Backend\OpenGL\OpenGLRenderer.h(158,22): warning C4820: "Pitaya::Engine::Renderer::OpenGLRenderer::CommandHeader": 数据成员 "Pitaya::Engine::Renderer::OpenGLRenderer::CommandHeader::type" 后添加了 "3" 字节填充
  (编译源文件“Renderer/Backend/OpenGL/OpenGLRenderer.cpp”)
  
D:\Pitaya\Engine\Renderer\Backend\OpenGL\OpenGLRenderer.h(198,21): warning C4820: "Pitaya::Engine::Renderer::OpenGLRenderer": 数据成员 "Pitaya::Engine::Renderer::OpenGLRenderer::isRunning" 后添加了 "7" 字节填充
  (编译源文件“Renderer/Backend/OpenGL/OpenGLRenderer.cpp”)
  
D:\Pitaya\Engine\Renderer\Backend\OpenGL\OpenGLRenderer.h(201,39): warning C4820: "Pitaya::Engine::Renderer::OpenGLRenderer": 数据成员 "Pitaya::Engine::Renderer::OpenGLRenderer::renderThreadToken" 后添加了 "4" 字节填充
  (编译源文件“Renderer/Backend/OpenGL/OpenGLRenderer.cpp”)
  
D:\Pitaya\Engine\Renderer\Backend\OpenGL\OpenGLRenderer.h(133,12): warning C4244: “参数”: 从“uint64_t”转换到“GLbitfield”，可能丢失数据
  (编译源文件“Renderer/Backend/OpenGL/OpenGLRenderer.cpp”)
  
D:\Pitaya\Engine\Renderer\Backend\OpenGL\OpenGLRenderer.h(135,52): warning C4100: 'command': 未引用的参数
  (编译源文件“Renderer/Backend/OpenGL/OpenGLRenderer.cpp”)
  
D:\Pitaya\Engine\Renderer\Backend\OpenGL\OpenGLRenderer.h(139,49): warning C4100: 'command': 未引用的参数
  (编译源文件“Renderer/Backend/OpenGL/OpenGLRenderer.cpp”)
  
D:\Pitaya\Engine\Renderer\Backend\OpenGL\OpenGLRenderer.h(143,55): warning C4100: 'command': 未引用的参数
  (编译源文件“Renderer/Backend/OpenGL/OpenGLRenderer.cpp”)
  
D:\Pitaya\Engine\Renderer\Backend\OpenGL\OpenGLRenderer.h(147,54): warning C4100: 'command': 未引用的参数
  (编译源文件“Renderer/Backend/OpenGL/OpenGLRenderer.cpp”)
  
D:\Pitaya\Core\Identifier\UID.h(36,49): warning C4458: “value”的声明隐藏了类成员
  (编译源文件“Renderer/Backend/OpenGL/OpenGLRenderer.cpp”)
      D:\Pitaya\Core\Identifier\UID.h(57,18):
      参见“Pitaya::Core::UID::value”的声明
  
C:\Program Files (x86)\Windows Kits\10\Include\10.0.26100.0\shared\minwindef.h(130,9): warning C4005: “APIENTRY”: 宏重定义
  (编译源文件“Renderer/Backend/OpenGL/OpenGLRenderer.cpp”)
      D:\Pitaya\thirdparty\GLFW\include\GLFW\glfw3.h(123,11):
      参见“APIENTRY”的前一个定义
  
C:\Program Files (x86)\Windows Kits\10\Include\10.0.26100.0\um\winbase.h(7940,5): warning C5039: “TpSetCallbackCleanupGroup”: 可能引发函数的指针或引用传递到 -EHc 下的外部 "C" 函数。如果此函数引发异常，则可能发生未定义的行为。
  (编译源文件“Renderer/Backend/OpenGL/OpenGLRenderer.cpp”)
  
C:\Program Files (x86)\Windows Kits\10\Include\10.0.26100.0\um\winioctl.h(2200,23): warning C4668: 没有将“NTDDI_WIN11_DT”定义为预处理器宏，用“0”替换“#if/#elif”
  (编译源文件“Renderer/Backend/OpenGL/OpenGLRenderer.cpp”)
  
C:\Program Files (x86)\Windows Kits\10\Include\10.0.26100.0\um\winioctl.h(11434,22): warning C4668: 没有将“_WIN32_WINNT_WIN10_TH2”定义为预处理器宏，用“0”替换“#if/#elif”
  (编译源文件“Renderer/Backend/OpenGL/OpenGLRenderer.cpp”)
  
C:\Program Files (x86)\Windows Kits\10\Include\10.0.26100.0\um\winioctl.h(11440,22): warning C4668: 没有将“_WIN32_WINNT_WIN10_RS1”定义为预处理器宏，用“0”替换“#if/#elif”
  (编译源文件“Renderer/Backend/OpenGL/OpenGLRenderer.cpp”)
  
C:\Program Files (x86)\Windows Kits\10\Include\10.0.26100.0\um\winioctl.h(11445,22): warning C4668: 没有将“_WIN32_WINNT_WIN10_TH2”定义为预处理器宏，用“0”替换“#if/#elif”
  (编译源文件“Renderer/Backend/OpenGL/OpenGLRenderer.cpp”)
  
C:\Program Files (x86)\Windows Kits\10\Include\10.0.26100.0\um\winioctl.h(11450,22): warning C4668: 没有将“_WIN32_WINNT_WIN10_TH2”定义为预处理器宏，用“0”替换“#if/#elif”
  (编译源文件“Renderer/Backend/OpenGL/OpenGLRenderer.cpp”)
  
C:\Program Files (x86)\Windows Kits\10\Include\10.0.26100.0\um\winioctl.h(11457,22): warning C4668: 没有将“_WIN32_WINNT_WIN10_RS1”定义为预处理器宏，用“0”替换“#if/#elif”
  (编译源文件“Renderer/Backend/OpenGL/OpenGLRenderer.cpp”)
  
C:\Program Files (x86)\Windows Kits\10\Include\10.0.26100.0\um\winioctl.h(11478,22): warning C4668: 没有将“_WIN32_WINNT_WIN10_TH2”定义为预处理器宏，用“0”替换“#if/#elif”
  (编译源文件“Renderer/Backend/OpenGL/OpenGLRenderer.cpp”)
  
C:\Program Files (x86)\Windows Kits\10\Include\10.0.26100.0\um\winioctl.h(11484,22): warning C4668: 没有将“_WIN32_WINNT_WIN10_RS3”定义为预处理器宏，用“0”替换“#if/#elif”
  (编译源文件“Renderer/Backend/OpenGL/OpenGLRenderer.cpp”)
  
C:\Program Files (x86)\Windows Kits\10\Include\10.0.26100.0\um\winioctl.h(11492,22): warning C4668: 没有将“_WIN32_WINNT_WIN10_RS4”定义为预处理器宏，用“0”替换“#if/#elif”
  (编译源文件“Renderer/Backend/OpenGL/OpenGLRenderer.cpp”)
  
C:\Program Files (x86)\Windows Kits\10\Include\10.0.26100.0\um\winioctl.h(11496,22): warning C4668: 没有将“_WIN32_WINNT_WIN10_RS1”定义为预处理器宏，用“0”替换“#if/#elif”
  (编译源文件“Renderer/Backend/OpenGL/OpenGLRenderer.cpp”)
  
C:\Program Files (x86)\Windows Kits\10\Include\10.0.26100.0\um\winioctl.h(11500,22): warning C4668: 没有将“_WIN32_WINNT_WIN10_RS4”定义为预处理器宏，用“0”替换“#if/#elif”
  (编译源文件“Renderer/Backend/OpenGL/OpenGLRenderer.cpp”)
  
C:\Program Files (x86)\Windows Kits\10\Include\10.0.26100.0\um\winioctl.h(11505,22): warning C4668: 没有将“_WIN32_WINNT_WIN10_RS1”定义为预处理器宏，用“0”替换“#if/#elif”
  (编译源文件“Renderer/Backend/OpenGL/OpenGLRenderer.cpp”)
  
C:\Program Files (x86)\Windows Kits\10\Include\10.0.26100.0\um\winioctl.h(16838,22): warning C4668: 没有将“_WIN32_WINNT_WIN10_RS3”定义为预处理器宏，用“0”替换“#if/#elif”
  (编译源文件“Renderer/Backend/OpenGL/OpenGLRenderer.cpp”)
  
C:\Program Files (x86)\Windows Kits\10\Include\10.0.26100.0\um\winioctl.h(16987,22): warning C4668: 没有将“_WIN32_WINNT_WIN10_RS4”定义为预处理器宏，用“0”替换“#if/#elif”
  (编译源文件“Renderer/Backend/OpenGL/OpenGLRenderer.cpp”)
  
C:\Program Files (x86)\Windows Kits\10\Include\10.0.26100.0\um\winioctl.h(17000,22): warning C4668: 没有将“_WIN32_WINNT_WIN10_RS4”定义为预处理器宏，用“0”替换“#if/#elif”
  (编译源文件“Renderer/Backend/OpenGL/OpenGLRenderer.cpp”)
  
C:\Program Files (x86)\Windows Kits\10\Include\10.0.26100.0\um\winioctl.h(17229,22): warning C4668: 没有将“_WIN32_WINNT_WIN10_RS1”定义为预处理器宏，用“0”替换“#if/#elif”
  (编译源文件“Renderer/Backend/OpenGL/OpenGLRenderer.cpp”)
  
D:\Pitaya\Engine\Renderer\Backend\OpenGL\Vertex\OpenGLVertexArray.h(69,17): warning C4062: 未处理枚举 "Pitaya::Engine::Renderer::ShaderDataType" 的开关中的枚举器 "Pitaya::Engine::Renderer::ShaderDataType::Unknown"
  (编译源文件“Renderer/Backend/OpenGL/OpenGLRenderer.cpp”)
      D:\Pitaya\Core\Enum\Enum.h(153,13):
      参见“Pitaya::Engine::Renderer::ShaderDataType”的声明
  
D:\Pitaya\Engine\Renderer\Backend\OpenGL\Vertex\OpenGLVertexArray.h(76,46): warning C4458: “elementBuffer”的声明隐藏了类成员
  (编译源文件“Renderer/Backend/OpenGL/OpenGLRenderer.cpp”)
      D:\Pitaya\Engine\Renderer\Backend\OpenGL\Vertex\OpenGLVertexArray.h(143,18):
      参见“Pitaya::Engine::Renderer::OpenGLVertexArray::elementBuffer”的声明
  
D:\Pitaya\Engine\Renderer\Backend\OpenGL\Vertex\OpenGLVertexArray.h(104,33): warning C4365: “参数”: 从“uint32_t”转换到“GLsizei”，有符号/无符号不匹配
  (编译源文件“Renderer/Backend/OpenGL/OpenGLRenderer.cpp”)
  
D:\Pitaya\Engine\Renderer\Backend\OpenGL\Vertex\OpenGLVertexArray.h(101,42): warning C4365: “参数”: 从“uint32_t”转换到“GLint”，有符号/无符号不匹配
  (编译源文件“Renderer/Backend/OpenGL/OpenGLRenderer.cpp”)
  
D:\Pitaya\Engine\Renderer\Backend\OpenGL\Vertex\OpenGLVertexArray.h(116,33): warning C4365: “参数”: 从“uint32_t”转换到“GLsizei”，有符号/无符号不匹配
  (编译源文件“Renderer/Backend/OpenGL/OpenGLRenderer.cpp”)
  
D:\Pitaya\Engine\Renderer\Backend\OpenGL\Vertex\OpenGLVertexArray.h(114,42): warning C4365: “参数”: 从“uint32_t”转换到“GLint”，有符号/无符号不匹配
  (编译源文件“Renderer/Backend/OpenGL/OpenGLRenderer.cpp”)
  
D:\Pitaya\Engine\Renderer\Backend\OpenGL\Vertex\OpenGLVertexArray.h(123,27): warning C4242: “初始化”: 从“uint32_t”转换到“uint8_t”，可能丢失数据
  (编译源文件“Renderer/Backend/OpenGL/OpenGLRenderer.cpp”)
  
D:\Pitaya\Engine\Renderer\Backend\OpenGL\Vertex\OpenGLVertexArray.h(132,37): warning C4365: “参数”: 从“uint32_t”转换到“GLsizei”，有符号/无符号不匹配
  (编译源文件“Renderer/Backend/OpenGL/OpenGLRenderer.cpp”)
  
D:\Pitaya\Engine\Renderer\Backend\OpenGL\Vertex\OpenGLVertexBuffer.h(46,12): warning C4820: "Pitaya::Engine::Renderer::OpenGLVertexBuffer": 数据成员 "Pitaya::Engine::Renderer::OpenGLVertexBuffer::VBO" 后添加了 "4" 字节填充
  (编译源文件“Renderer/Backend/OpenGL/OpenGLRenderer.cpp”)
  
D:\Pitaya\Engine\Renderer\Backend\OpenGL\Vertex\OpenGLVertexBuffer.h(36,38): warning C4458: “layout”的声明隐藏了类成员
  (编译源文件“Renderer/Backend/OpenGL/OpenGLRenderer.cpp”)
      D:\Pitaya\Engine\Renderer\Backend\OpenGL\Vertex\OpenGLVertexBuffer.h(47,16):
      参见“Pitaya::Engine::Renderer::OpenGLVertexBuffer::layout”的声明
  
D:\Pitaya\Engine\Renderer\Runtime\Layout\BufferLayout.h(18,10): warning C5267: 已弃用“Pitaya::Engine::Renderer::BufferLayout”的隐式 赋值运算符 定义，因为它具有用户提供的 析构函数
  (编译源文件“Renderer/Backend/OpenGL/OpenGLRenderer.cpp”)
      D:\Pitaya\Engine\Renderer\Backend\OpenGL\Vertex\OpenGLVertexBuffer.h(38,17):
      此处首先需要“Pitaya::Engine::Renderer::BufferLayout”的隐式 赋值运算符
  
D:\Pitaya\Engine\Renderer\Backend\OpenGL\Vertex\OpenGLElementBuffer.h(18,48): warning C4365: “参数”: 从“size_t”转换到“GLsizeiptr”，有符号/无符号不匹配
  (编译源文件“Renderer/Backend/OpenGL/OpenGLRenderer.cpp”)
  
D:\Pitaya\Engine\Renderer\Backend\OpenGL\OpenGLRenderer.cpp(17,21): warning C4834: 放弃具有 [[nodiscard]] 属性的函数的返回值
D:\Pitaya\Engine\Renderer\Backend\OpenGL\OpenGLRenderer.cpp(106,106): warning C4100: 'cameraSnapshot': 未引用的参数
D:\Pitaya\Engine\Renderer\Backend\OpenGL\OpenGLRenderer.h(167,11): warning C4189: “totalSize”: 局部变量已初始化但不引用
  (编译源文件“Renderer/Backend/OpenGL/OpenGLRenderer.cpp”)
      D:\Pitaya\Engine\Renderer\Backend\OpenGL\OpenGLRenderer.h(167,11):
      模板实例化上下文(最早的实例化上下文)为
          D:\Pitaya\Engine\Renderer\Backend\OpenGL\OpenGLRenderer.cpp(95,2):
          查看对正在编译的函数 模板 实例化“void Pitaya::Engine::Renderer::OpenGLRenderer::PushCommandToFrontBuffer<Pitaya::Engine::Renderer::SwapBufferCommand>(Pitaya::Engine::Renderer::RenderCommandType,const T &,size_t)”的引用
          with
          [
              T=Pitaya::Engine::Renderer::SwapBufferCommand
          ]
  
  Engine.vcxproj -> D:\Pitaya\library\x64\Release\Engine.lib
