d:\pitaya\library\x64\release\engine.pdb
d:\pitaya\intermediate\engine\release\imgui_widgets.obj
d:\pitaya\intermediate\engine\release\imgui_tables.obj
d:\pitaya\intermediate\engine\release\imgui_impl_opengl3.obj
d:\pitaya\intermediate\engine\release\imgui_impl_glfw.obj
d:\pitaya\intermediate\engine\release\imgui_draw.obj
d:\pitaya\intermediate\engine\release\imgui.obj
d:\pitaya\intermediate\engine\release\bulletphysicsworld.obj
d:\pitaya\intermediate\engine\release\bulletphysics.obj
d:\pitaya\intermediate\engine\release\time.obj
d:\pitaya\intermediate\engine\release\thread.obj
d:\pitaya\intermediate\engine\release\log.obj
d:\pitaya\intermediate\engine\release\input.obj
d:\pitaya\intermediate\engine\release\event.obj
d:\pitaya\intermediate\engine\release\engine.obj
d:\pitaya\intermediate\engine\release\config.obj
d:\pitaya\intermediate\engine\release\bootstrap.obj
d:\pitaya\intermediate\engine\release\glfwwindow.obj
d:\pitaya\intermediate\engine\release\stb_image.obj
d:\pitaya\intermediate\engine\release\openglrenderer.obj
d:\pitaya\intermediate\engine\release\engine\api\bootstrap.obj
d:\pitaya\intermediate\engine\release\engine\api\config.obj
d:\pitaya\intermediate\engine\release\engine\api\event.obj
d:\pitaya\intermediate\engine\release\engine\api\log.obj
d:\pitaya\intermediate\engine\release\engine\api\thread.obj
d:\pitaya\intermediate\engine\release\engine\api\time.obj
d:\pitaya\intermediate\engine\release\engine\internal\event\event.obj
d:\pitaya\intermediate\engine\release\engine\internal\input\input.obj
d:\pitaya\intermediate\engine\release\engine\internal\log\log.obj
d:\pitaya\intermediate\engine\release\engine\internal\time\time.obj
d:\pitaya\intermediate\engine\release\physics\backend\bullet\bulletphysics.obj
d:\pitaya\intermediate\engine\release\physics\backend\bullet\bulletphysicsworld.obj
d:\pitaya\intermediate\engine\release\engine\editor\imgui\imgui.obj
d:\pitaya\intermediate\engine\release\engine\editor\imgui\imgui_draw.obj
d:\pitaya\intermediate\engine\release\engine\editor\imgui\imgui_impl_glfw.obj
d:\pitaya\intermediate\engine\release\engine\editor\imgui\imgui_impl_opengl3.obj
d:\pitaya\intermediate\engine\release\engine\editor\imgui\imgui_tables.obj
d:\pitaya\intermediate\engine\release\engine\editor\imgui\imgui_widgets.obj
d:\pitaya\intermediate\engine\release\renderer\backend\opengl\openglrenderer.obj
d:\pitaya\intermediate\engine\release\renderer\runtime\stbimage\stb_image.obj
d:\pitaya\intermediate\engine\release\window\platform\glfw\glfwwindow.obj
d:\pitaya\intermediate\engine\release\engine\engine.obj
d:\pitaya\intermediate\engine\release\engine\internal\thread\thread.obj
d:\pitaya\library\x64\release\engine.lib
d:\pitaya\intermediate\engine\release\engine.vcxproj.filelistabsolute.txt
d:\pitaya\intermediate\engine\release\engine.tlog\cl.command.1.tlog
d:\pitaya\intermediate\engine\release\engine.tlog\cl.items.tlog
d:\pitaya\intermediate\engine\release\engine.tlog\cl.read.1.tlog
d:\pitaya\intermediate\engine\release\engine.tlog\cl.write.1.tlog
d:\pitaya\intermediate\engine\release\engine.tlog\lib-link.read.1.tlog
d:\pitaya\intermediate\engine\release\engine.tlog\lib-link.write.1.tlog
d:\pitaya\intermediate\engine\release\engine.tlog\lib.command.1.tlog
