  Event.cpp
D:\Pitaya\Core\Enum\Enum.h(46,3): warning C4309: “初始化”: 截断常量值
  (编译源文件“Event/Event.cpp”)
  
D:\Pitaya\Core\Enum\Enum.h(46,3): warning C4369: “Pitaya::Core::Event::EventType”: 枚举数的值“-1”不能表示为“unsigned char”，值是“-1”
  (编译源文件“Event/Event.cpp”)
  
D:\Pitaya\Core\Event\Event.cpp(25,51): error C3083: “Generator”:“::”左侧的符号必须是一种类型
D:\Pitaya\Core\Event\Event.cpp(25,62): error C2039: "GenerateInstanceId": 不是 "Pitaya::Core" 的成员
      D:\Pitaya\Core\Utility\Utility.h(7,11):
      参见“Pitaya::Core”的声明
  
D:\Pitaya\Core\Event\Event.cpp(25,62): error C3861: “GenerateInstanceId”: 找不到标识符
  EventAPI.cpp
D:\Pitaya\Core\Enum\Enum.h(46,3): warning C4309: “初始化”: 截断常量值
  (编译源文件“Event/EventAPI.cpp”)
  
D:\Pitaya\Core\Enum\Enum.h(46,3): warning C4369: “Pitaya::Core::Event::EventType”: 枚举数的值“-1”不能表示为“unsigned char”，值是“-1”
  (编译源文件“Event/EventAPI.cpp”)
  
  Log.cpp
D:\Pitaya\Core\Enum\Enum.h(46,3): warning C4309: “初始化”: 截断常量值
  (编译源文件“Log/Log.cpp”)
  
D:\Pitaya\Core\Enum\Enum.h(46,3): warning C4369: “Pitaya::Core::Event::EventType”: 枚举数的值“-1”不能表示为“unsigned char”，值是“-1”
  (编译源文件“Log/Log.cpp”)
  
C:\Program Files (x86)\Windows Kits\10\Include\10.0.26100.0\um\combaseapi.h(177,9): warning C4005: “DECLARE_INTERFACE”: 宏重定义
  (编译源文件“Log/Log.cpp”)
      D:\Pitaya\Core\Define\Define.h(53,9):
      参见“DECLARE_INTERFACE”的前一个定义
  
  LogAPI.cpp
D:\Pitaya\Core\Enum\Enum.h(46,3): warning C4309: “初始化”: 截断常量值
  (编译源文件“Log/LogAPI.cpp”)
  
D:\Pitaya\Core\Enum\Enum.h(46,3): warning C4369: “Pitaya::Core::Event::EventType”: 枚举数的值“-1”不能表示为“unsigned char”，值是“-1”
  (编译源文件“Log/LogAPI.cpp”)
  
C:\Program Files (x86)\Windows Kits\10\Include\10.0.26100.0\um\combaseapi.h(177,9): warning C4005: “DECLARE_INTERFACE”: 宏重定义
  (编译源文件“Log/LogAPI.cpp”)
      D:\Pitaya\Core\Define\Define.h(53,9):
      参见“DECLARE_INTERFACE”的前一个定义
  
  Thread.cpp
D:\Pitaya\Core\Enum\Enum.h(46,3): warning C4309: “初始化”: 截断常量值
  (编译源文件“Thread/Thread.cpp”)
  
D:\Pitaya\Core\Enum\Enum.h(46,3): warning C4369: “Pitaya::Core::Event::EventType”: 枚举数的值“-1”不能表示为“unsigned char”，值是“-1”
  (编译源文件“Thread/Thread.cpp”)
  
  Utility.cpp
  正在生成代码...
